[2019-02-18 13:36:09.386][debug][command:46736b3a-3bff-40db-acf3-b8dbc484cd52][tid:14][com.facebook.buck.event.listener.SuperConsoleEventBusListener] Starting render scheduler (interval 100 ms)
[2019-02-18 13:36:09.388][debug][command:46736b3a-3bff-40db-acf3-b8dbc484cd52][tid:14][com.google.common.util.concurrent.ServiceManager] Starting PerfStatsTracking [RUNNING].
[2019-02-18 13:36:09.389][debug][command:46736b3a-3bff-40db-acf3-b8dbc484cd52][tid:14][com.google.common.util.concurrent.ServiceManager] Started PerfStatsTracking [RUNNING] in 1.570 ms.
[2019-02-18 13:36:09.390][debug][command:46736b3a-3bff-40db-acf3-b8dbc484cd52][tid:14][com.google.common.util.concurrent.ServiceManager] Starting ProcessTracker [STARTING].
[2019-02-18 13:36:09.390][debug][command:46736b3a-3bff-40db-acf3-b8dbc484cd52][tid:14][com.facebook.buck.util.environment.MacWifiSsidFinder] Getting current SSID..
[2019-02-18 13:36:09.390][debug][command:null][tid:361][com.facebook.buck.util.perf.ProcessTracker] startUp
[2019-02-18 13:36:09.390][debug][command:null][tid:361][com.facebook.buck.util.perf.ProcessTracker] startUp
[2019-02-18 13:36:09.392][debug][command:46736b3a-3bff-40db-acf3-b8dbc484cd52][tid:14][com.facebook.buck.util.environment.MacWifiSsidFinder] Getting SSID from Wi-Fi interface: <CWInterface: 0x7ff1f97f7340> [interfaceName=en0]
[2019-02-18 13:36:09.394][debug][command:null][tid:361][com.google.common.util.concurrent.ServiceManager] Started ProcessTracker [RUNNING] in 4.112 ms.
[2019-02-18 13:36:09.394][debug][command:null][tid:361][com.google.common.util.concurrent.ServiceManager] Started ProcessTracker [RUNNING] in 4.112 ms.
[2019-02-18 13:36:09.394][debug][command:46736b3a-3bff-40db-acf3-b8dbc484cd52][tid:14][com.facebook.buck.util.environment.MacWifiSsidFinder] Found SSID: XY_Employee
[2019-02-18 13:36:09.395][debug][command:46736b3a-3bff-40db-acf3-b8dbc484cd52][tid:14][com.facebook.buck.cli.Main] InvocationInfo BuildId=[46736b3a-3bff-40db-acf3-b8dbc484cd52] Args=[install, app, --config-file, .okbuck/config/okbuck.buckconfig]
[2019-02-18 13:36:09.411][warn ][command:null][tid:364][com.facebook.buck.event.listener.PublicAnnouncementManager] Failed to get public announcements. Reason: Failed to establish connection to server.
[2019-02-18 13:36:09.411][warn ][command:null][tid:364][com.facebook.buck.event.listener.PublicAnnouncementManager] Failed to get public announcements. Reason: Failed to establish connection to server.
[2019-02-18 13:36:09.411][debug][command:null][tid:365][com.facebook.buck.util.environment.MacNetworkConfiguration] Determine network service order and extract device names
[2019-02-18 13:36:09.411][debug][command:null][tid:365][com.facebook.buck.util.environment.MacNetworkConfiguration] Determine network service order and extract device names
[2019-02-18 13:36:09.411][debug][command:null][tid:365][com.facebook.buck.util.ListeningProcessExecutor] Launching process with params ProcessExecutorParams{command=[networksetup, -listnetworkserviceorder, ]}
[2019-02-18 13:36:09.411][debug][command:null][tid:365][com.facebook.buck.util.ListeningProcessExecutor] Launching process with params ProcessExecutorParams{command=[networksetup, -listnetworkserviceorder, ]}
[2019-02-18 13:36:09.415][debug][command:null][tid:365][com.facebook.buck.util.ListeningProcessExecutor] Successfully launched process com.zaxxer.nuprocess.osx.OsxProcess@22d75f12
[2019-02-18 13:36:09.415][debug][command:null][tid:365][com.facebook.buck.util.ListeningProcessExecutor] Successfully launched process com.zaxxer.nuprocess.osx.OsxProcess@22d75f12
[2019-02-18 13:36:09.415][debug][command:null][tid:365][com.facebook.buck.util.ListeningProcessExecutor] Waiting for process com.facebook.buck.util.ListeningProcessExecutor$LaunchedProcessImpl@22cd17f2 timeout 1000 MILLISECONDS
[2019-02-18 13:36:09.415][debug][command:null][tid:365][com.facebook.buck.util.ListeningProcessExecutor] Waiting for process com.facebook.buck.util.ListeningProcessExecutor$LaunchedProcessImpl@22cd17f2 timeout 1000 MILLISECONDS
[2019-02-18 13:36:09.458][debug][command:null][tid:365][com.facebook.buck.util.ListeningProcessExecutor] Wait for process returned 0
[2019-02-18 13:36:09.458][debug][command:null][tid:365][com.facebook.buck.util.ListeningProcessExecutor] Wait for process returned 0
[2019-02-18 13:36:09.458][debug][command:null][tid:365][com.facebook.buck.util.ListeningProcessExecutor] Destroying process com.facebook.buck.util.ListeningProcessExecutor$LaunchedProcessImpl@22cd17f2 (force true)
[2019-02-18 13:36:09.458][debug][command:null][tid:365][com.facebook.buck.util.ListeningProcessExecutor] Destroying process com.facebook.buck.util.ListeningProcessExecutor$LaunchedProcessImpl@22cd17f2 (force true)
[2019-02-18 13:36:09.458][debug][command:null][tid:365][com.facebook.buck.util.environment.MacNetworkConfiguration] Determine active state of media for device
[2019-02-18 13:36:09.458][debug][command:null][tid:365][com.facebook.buck.util.environment.MacNetworkConfiguration] Determine active state of media for device
[2019-02-18 13:36:09.458][debug][command:null][tid:365][com.facebook.buck.util.ListeningProcessExecutor] Launching process with params ProcessExecutorParams{command=[networksetup, -getMedia, en0]}
[2019-02-18 13:36:09.458][debug][command:null][tid:365][com.facebook.buck.util.ListeningProcessExecutor] Launching process with params ProcessExecutorParams{command=[networksetup, -getMedia, en0]}
[2019-02-18 13:36:09.460][debug][command:null][tid:365][com.facebook.buck.util.ListeningProcessExecutor] Successfully launched process com.zaxxer.nuprocess.osx.OsxProcess@8405d77
[2019-02-18 13:36:09.460][debug][command:null][tid:365][com.facebook.buck.util.ListeningProcessExecutor] Successfully launched process com.zaxxer.nuprocess.osx.OsxProcess@8405d77
[2019-02-18 13:36:09.461][debug][command:null][tid:365][com.facebook.buck.util.ListeningProcessExecutor] Waiting for process com.facebook.buck.util.ListeningProcessExecutor$LaunchedProcessImpl@617a3a45 timeout 1000 MILLISECONDS
[2019-02-18 13:36:09.461][debug][command:null][tid:365][com.facebook.buck.util.ListeningProcessExecutor] Waiting for process com.facebook.buck.util.ListeningProcessExecutor$LaunchedProcessImpl@617a3a45 timeout 1000 MILLISECONDS
[2019-02-18 13:36:09.496][debug][command:null][tid:365][com.facebook.buck.util.ListeningProcessExecutor] Wait for process returned 0
[2019-02-18 13:36:09.496][debug][command:null][tid:365][com.facebook.buck.util.ListeningProcessExecutor] Wait for process returned 0
[2019-02-18 13:36:09.496][debug][command:null][tid:365][com.facebook.buck.util.ListeningProcessExecutor] Destroying process com.facebook.buck.util.ListeningProcessExecutor$LaunchedProcessImpl@617a3a45 (force true)
[2019-02-18 13:36:09.496][debug][command:null][tid:365][com.facebook.buck.util.ListeningProcessExecutor] Destroying process com.facebook.buck.util.ListeningProcessExecutor$LaunchedProcessImpl@617a3a45 (force true)
[2019-02-18 13:36:09.496][debug][command:null][tid:365][com.facebook.buck.util.environment.MacNetworkConfiguration] Determine WiFi SSID of device
[2019-02-18 13:36:09.496][debug][command:null][tid:365][com.facebook.buck.util.environment.MacNetworkConfiguration] Determine WiFi SSID of device
[2019-02-18 13:36:09.496][debug][command:null][tid:365][com.facebook.buck.util.ListeningProcessExecutor] Launching process with params ProcessExecutorParams{command=[networksetup, -getairportnetwork, en0]}
[2019-02-18 13:36:09.496][debug][command:null][tid:365][com.facebook.buck.util.ListeningProcessExecutor] Launching process with params ProcessExecutorParams{command=[networksetup, -getairportnetwork, en0]}
[2019-02-18 13:36:09.498][debug][command:null][tid:365][com.facebook.buck.util.ListeningProcessExecutor] Successfully launched process com.zaxxer.nuprocess.osx.OsxProcess@7c8f7b9d
[2019-02-18 13:36:09.498][debug][command:null][tid:365][com.facebook.buck.util.ListeningProcessExecutor] Successfully launched process com.zaxxer.nuprocess.osx.OsxProcess@7c8f7b9d
[2019-02-18 13:36:09.499][debug][command:null][tid:365][com.facebook.buck.util.ListeningProcessExecutor] Waiting for process com.facebook.buck.util.ListeningProcessExecutor$LaunchedProcessImpl@647d2a98 timeout 1000 MILLISECONDS
[2019-02-18 13:36:09.499][debug][command:null][tid:365][com.facebook.buck.util.ListeningProcessExecutor] Waiting for process com.facebook.buck.util.ListeningProcessExecutor$LaunchedProcessImpl@647d2a98 timeout 1000 MILLISECONDS
[2019-02-18 13:36:09.530][debug][command:null][tid:365][com.facebook.buck.util.ListeningProcessExecutor] Wait for process returned 0
[2019-02-18 13:36:09.530][debug][command:null][tid:365][com.facebook.buck.util.ListeningProcessExecutor] Wait for process returned 0
[2019-02-18 13:36:09.530][debug][command:null][tid:365][com.facebook.buck.util.ListeningProcessExecutor] Destroying process com.facebook.buck.util.ListeningProcessExecutor$LaunchedProcessImpl@647d2a98 (force true)
[2019-02-18 13:36:09.530][debug][command:null][tid:365][com.facebook.buck.util.ListeningProcessExecutor] Destroying process com.facebook.buck.util.ListeningProcessExecutor$LaunchedProcessImpl@647d2a98 (force true)
[2019-02-18 13:36:14.441][debug][command:null][tid:371][com.facebook.buck.io.watchman.WatchmanTransportClient] Query [query, /Users/yanxianwei/AndroidStudioProjects, {since=c:1550219919:5416:4:23234, expression=[not, [anyof, [type, d], [dirname, .idea], [dirname, .buckd], [dirname, buck-out/cache], [dirname, .git], [dirname, ], [dirname, buck-out/.trash], [dirname, buck-out], [match, **/.svn, wholename, {includedotfiles=true}], [match, **/*.pbxproj, wholename, {includedotfiles=true}], [match, **/*.xcscheme, wholename, {includedotfiles=true}], [match, **/*.xcworkspacedata, wholename, {includedotfiles=true}], [match, **/*~, wholename, {includedotfiles=true}], [match, **/#*#, wholename, {includedotfiles=true}], [match, **/.#*, wholename, {includedotfiles=true}], [match, **/*.swo, wholename, {includedotfiles=true}], [match, **/*.swp, wholename, {includedotfiles=true}], [match, **/*.swpx, wholename, {includedotfiles=true}], [match, **/*.un~, wholename, {includedotfiles=true}], [match, **/*.netrhwist, wholename, {includedotfiles=true}], [match, .idea, wholename, {includedotfiles=true}], [match, .iml, wholename, {includedotfiles=true}], [match, **/*.pydevproject, wholename, {includedotfiles=true}], [match, .project, wholename, {includedotfiles=true}], [match, .metadata, wholename, {includedotfiles=true}], [match, **/*.tmp, wholename, {includedotfiles=true}], [match, **/*.bak, wholename, {includedotfiles=true}], [match, **/*.nib, wholename, {includedotfiles=true}], [match, .classpath, wholename, {includedotfiles=true}], [match, .settings, wholename, {includedotfiles=true}], [match, .loadpath, wholename, {includedotfiles=true}], [match, .externalToolBuilders, wholename, {includedotfiles=true}], [match, .cproject, wholename, {includedotfiles=true}], [match, .buildpath, wholename, {includedotfiles=true}], [match, .DS_Store, wholename, {includedotfiles=true}], [match, .AppleDouble, wholename, {includedotfiles=true}], [match, .LSOverride, wholename, {includedotfiles=true}], [match, .Spotlight-V100, wholename, {includedotfiles=true}], [match, .Trashes, wholename, {includedotfiles=true}], [match, $RECYCLE.BIN, wholename, {includedotfiles=true}], [match, **/*.sublime-workspace, wholename, {includedotfiles=true}]]], empty_on_fresh_instance=true, fields=[name, exists, new], relative_root=ForTest}] returned in 13 ms
[2019-02-18 13:36:14.441][debug][command:null][tid:371][com.facebook.buck.io.watchman.WatchmanTransportClient] Query [query, /Users/yanxianwei/AndroidStudioProjects, {since=c:1550219919:5416:4:23234, expression=[not, [anyof, [type, d], [dirname, .idea], [dirname, .buckd], [dirname, buck-out/cache], [dirname, .git], [dirname, ], [dirname, buck-out/.trash], [dirname, buck-out], [match, **/.svn, wholename, {includedotfiles=true}], [match, **/*.pbxproj, wholename, {includedotfiles=true}], [match, **/*.xcscheme, wholename, {includedotfiles=true}], [match, **/*.xcworkspacedata, wholename, {includedotfiles=true}], [match, **/*~, wholename, {includedotfiles=true}], [match, **/#*#, wholename, {includedotfiles=true}], [match, **/.#*, wholename, {includedotfiles=true}], [match, **/*.swo, wholename, {includedotfiles=true}], [match, **/*.swp, wholename, {includedotfiles=true}], [match, **/*.swpx, wholename, {includedotfiles=true}], [match, **/*.un~, wholename, {includedotfiles=true}], [match, **/*.netrhwist, wholename, {includedotfiles=true}], [match, .idea, wholename, {includedotfiles=true}], [match, .iml, wholename, {includedotfiles=true}], [match, **/*.pydevproject, wholename, {includedotfiles=true}], [match, .project, wholename, {includedotfiles=true}], [match, .metadata, wholename, {includedotfiles=true}], [match, **/*.tmp, wholename, {includedotfiles=true}], [match, **/*.bak, wholename, {includedotfiles=true}], [match, **/*.nib, wholename, {includedotfiles=true}], [match, .classpath, wholename, {includedotfiles=true}], [match, .settings, wholename, {includedotfiles=true}], [match, .loadpath, wholename, {includedotfiles=true}], [match, .externalToolBuilders, wholename, {includedotfiles=true}], [match, .cproject, wholename, {includedotfiles=true}], [match, .buildpath, wholename, {includedotfiles=true}], [match, .DS_Store, wholename, {includedotfiles=true}], [match, .AppleDouble, wholename, {includedotfiles=true}], [match, .LSOverride, wholename, {includedotfiles=true}], [match, .Spotlight-V100, wholename, {includedotfiles=true}], [match, .Trashes, wholename, {includedotfiles=true}], [match, $RECYCLE.BIN, wholename, {includedotfiles=true}], [match, **/*.sublime-workspace, wholename, {includedotfiles=true}]]], empty_on_fresh_instance=true, fields=[name, exists, new], relative_root=ForTest}] returned in 13 ms
[2019-02-18 13:36:14.441][debug][command:null][tid:371][com.facebook.buck.io.watchman.WatchmanWatcher] Updating Watchman Cursor from c:1550219919:5416:4:23234 to c:1550219919:5416:4:23238
[2019-02-18 13:36:14.441][debug][command:null][tid:371][com.facebook.buck.io.watchman.WatchmanWatcher] Updating Watchman Cursor from c:1550219919:5416:4:23234 to c:1550219919:5416:4:23238
[2019-02-18 13:36:14.441][debug][command:null][tid:371][com.facebook.buck.io.watchman.WatchmanWatcher] Posted 0 Watchman events.
[2019-02-18 13:36:14.441][debug][command:null][tid:371][com.facebook.buck.io.watchman.WatchmanWatcher] Posted 0 Watchman events.
[2019-02-18 13:36:14.441][debug][command:null][tid:371][com.facebook.buck.io.watchman.WatchmanTransportClient] Closing Watchman transport.
[2019-02-18 13:36:14.441][debug][command:null][tid:371][com.facebook.buck.io.watchman.WatchmanTransportClient] Closing Watchman transport.
[2019-02-18 13:36:14.489][debug][command:46736b3a-3bff-40db-acf3-b8dbc484cd52][tid:14][com.facebook.buck.parser.DaemonicParserState] Starting to invalidate caches for /Users/yanxianwei/AndroidStudioProjects/ForTest..
[2019-02-18 13:36:14.489][debug][command:46736b3a-3bff-40db-acf3-b8dbc484cd52][tid:14][com.facebook.buck.parser.DaemonicParserState] Cell caches were empty, no data invalidated.
[2019-02-18 13:36:14.493][debug][command:46736b3a-3bff-40db-acf3-b8dbc484cd52][tid:374][com.facebook.buck.io.ExecutableFinder] Executable 'python2' mapped to 'Optional[/usr/local/bin/python2]'
[2019-02-18 13:36:14.519][debug][command:46736b3a-3bff-40db-acf3-b8dbc484cd52][tid:374][com.facebook.buck.parser.BuckPythonProgram] Writing python rules stub to /Users/yanxianwei/AndroidStudioProjects/ForTest/.buckd/tmp/buck_run.zQfiLd/buck_python_program7055986401042473527.
[2019-02-18 13:36:15.194][debug][command:46736b3a-3bff-40db-acf3-b8dbc484cd52][tid:374][com.facebook.buck.parser.BuckPythonProgram] Created temporary buck.py instance at /Users/yanxianwei/AndroidStudioProjects/ForTest/.buckd/tmp/buck_run.zQfiLd/buck_python_program7055986401042473527.
[2019-02-18 13:36:15.201][debug][command:46736b3a-3bff-40db-acf3-b8dbc484cd52][tid:374][com.facebook.buck.parser.PythonDslProjectBuildFileParser] Starting buck.py command: [/usr/local/bin/python2, -u, /Users/yanxianwei/AndroidStudioProjects/ForTest/.buckd/tmp/buck_run.zQfiLd/buck_python_program7055986401042473527/__main__.py, --allow_empty_globs, --watchman_glob_stat_results, --watchman_use_glob_generator, --watchman_socket_path, /usr/local/var/run/watchman/yanxianwei-state/sock, --project_root, /Users/yanxianwei/AndroidStudioProjects/ForTest, --cell_name, , --build_file_name, BUCK, --quiet, --config, /Users/yanxianwei/AndroidStudioProjects/ForTest/.buckd/tmp/buck_run.zQfiLd/raw_config513917123883661454.json, --ignore_paths, /Users/yanxianwei/AndroidStudioProjects/ForTest/.buckd/tmp/buck_run.zQfiLd/ignore_paths1540249212304159306.json, --warn_about_deprecated_syntax] environment: Optional[{ANDROID_HOME=/Users/yanxianwei/Library/Android/sdk, JAVA_HOME=/Library/Java/JavaVirtualMachines/jdk1.8.0_202.jdk/Contents/Home/, BUCK_TTY=1, HOME=/Users/yanxianwei, ANDROID_SDK=/Users/yanxianwei/Library/Android/sdk, Apple_PubSub_Socket_Render=/private/tmp/com.apple.launchd.kcpEyLhPrQ/Render, XPC_SERVICE_NAME=0, NAILGUN_FILESEPARATOR=/, BUCK_PYTHON_SPACE_INIT_TIME=86, LOGNAME=yanxianwei, BUCK_BUILD_ID=46736b3a-3bff-40db-acf3-b8dbc484cd52, TMPDIR=/var/folders/pb/63hrpq_15fqcxmr02g5bbly40000gn/T/, USER=yanxianwei, SHELL=/bin/zsh, PWD=/Users/yanxianwei/AndroidStudioProjects/ForTest, XPC_FLAGS=0x0, ANDROID_NDK=/Users/yanxianwei/Library/Android/sdk/ndk-bundle, BUCK_TERM_COLUMNS=161, LC_CTYPE=zh_CN.UTF-8, __CF_USER_TEXT_ENCODING=0x1F5:0x19:0x34, SHLVL=1, NAILGUN_TTY_2=1, CLASSPATH=/Users/yanxianwei/AndroidStudioProjects/ForTest/.buckd/resources/c0e4f9faf28e8d1629889e442a8efe2b52f535f6/bootstrapper_jar, BUCK_CLASSPATH=/Users/yanxianwei/AndroidStudioProjects/ForTest/.buckd/resources/c0e4f9faf28e8d1629889e442a8efe2b52f535f6/buck_server, NAILGUN_TTY_1=1, NAILGUN_TTY_0=1, ZDOTDIR=, NAILGUN_PATHSEPARATOR=:, PATH=/Users/yanxianwei/ExtraLibrary/buck/bin:Library/java/javaVirtualMachines/jdk1.8.0_202.jdk/Contents/Home:/usr/local/apache-ant-1.10.5/bin:/usr/local/bin:/Users/yanxianwei/ExtraLibrary/gradle/gradle-4.4/bin:/Users/yanxianwei/Library/Android/sdk/ndk-bundle:/Users/yanxianwei/Library/Android/sdk/build-tools/28.0.3:/Users/yanxianwei/Library/Android/sdk/platform-tools:/Users/yanxianwei/Library/Android/sdk:/Users/yanxianwei/ExtraLibrary/apache-maven-3.5.4/bin:/Users/yanxianwei/ExtraLibrary/flutter/bin:/bin:/usr/local/bin:/usr/bin:/bin:/usr/sbin:/sbin, TERM=xterm-256color, OLDPWD=/Users/yanxianwei/AndroidStudioProjects/ForTest, SSH_AUTH_SOCK=/private/tmp/com.apple.launchd.FTa1WIPHpy/Listeners, PYTHONHASHSEED=7}]
[2019-02-18 13:36:15.208][debug][command:46736b3a-3bff-40db-acf3-b8dbc484cd52][tid:374][com.facebook.buck.parser.PythonDslProjectBuildFileParser] Started process com.facebook.buck.util.ProcessExecutor$LaunchedProcessImpl@8bbbfc7 successfully
[2019-02-18 13:36:15.501][warn ][command:46736b3a-3bff-40db-acf3-b8dbc484cd52][tid:369][com.facebook.buck.event.listener.LoggingBuildListener] The rule //app:app could not be found.
Please check the spelling and whether it exists in /Users/yanxianwei/AndroidStudioProjects/ForTest/app/BUCK.
[2019-02-18 13:36:15.501][debug][command:null][tid:380][com.facebook.buck.parser.PythonDslProjectBuildFileParser] Closing buck.py process stdin
[2019-02-18 13:36:15.501][debug][command:null][tid:380][com.facebook.buck.parser.PythonDslProjectBuildFileParser] Closing buck.py process stdin
[2019-02-18 13:36:15.502][debug][command:46736b3a-3bff-40db-acf3-b8dbc484cd52][tid:361][com.facebook.buck.util.perf.ProcessTracker] shutDown
[2019-02-18 13:36:15.502][debug][command:46736b3a-3bff-40db-acf3-b8dbc484cd52][tid:14][com.google.common.util.concurrent.ServiceManager] Service PerfStatsTracking [TERMINATED] has terminated. Previous state was: STOPPING
[2019-02-18 13:36:15.503][debug][command:46736b3a-3bff-40db-acf3-b8dbc484cd52][tid:14][com.facebook.buck.event.listener.SuperConsoleEventBusListener] Stopping render scheduler
[2019-02-18 13:36:15.504][info ][command:46736b3a-3bff-40db-acf3-b8dbc484cd52][tid:14][com.facebook.buck.cli.Main] Awaiting termination of PROJECT executor service. Waiting for all jobs to complete, or up to maximum of 60 seconds...
[2019-02-18 13:36:15.504][info ][command:46736b3a-3bff-40db-acf3-b8dbc484cd52][tid:14][com.facebook.buck.cli.Main] Successfully terminated PROJECT executor service.
[2019-02-18 13:36:15.504][info ][command:46736b3a-3bff-40db-acf3-b8dbc484cd52][tid:14][com.facebook.buck.cli.Main] Awaiting termination of NETWORK executor service. Waiting for all jobs to complete, or up to maximum of 60 seconds...
[2019-02-18 13:36:15.504][info ][command:46736b3a-3bff-40db-acf3-b8dbc484cd52][tid:14][com.facebook.buck.cli.Main] Successfully terminated NETWORK executor service.
[2019-02-18 13:36:15.504][info ][command:46736b3a-3bff-40db-acf3-b8dbc484cd52][tid:14][com.facebook.buck.cli.Main] Awaiting termination of CPU executor service. Waiting for all jobs to complete, or up to maximum of 60 seconds...
[2019-02-18 13:36:15.504][info ][command:46736b3a-3bff-40db-acf3-b8dbc484cd52][tid:14][com.facebook.buck.cli.Main] Successfully terminated CPU executor service.
[2019-02-18 13:36:15.504][info ][command:46736b3a-3bff-40db-acf3-b8dbc484cd52][tid:14][com.facebook.buck.cli.Main] Awaiting termination of ScheduledExecutorService executor service. Waiting for all jobs to complete, or up to maximum of 60 seconds...
[2019-02-18 13:36:15.504][info ][command:46736b3a-3bff-40db-acf3-b8dbc484cd52][tid:14][com.facebook.buck.cli.Main] Successfully terminated ScheduledExecutorService executor service.
[2019-02-18 13:36:15.504][debug][command:46736b3a-3bff-40db-acf3-b8dbc484cd52][tid:361][com.google.common.util.concurrent.ServiceManager] Service ProcessTracker [TERMINATED] has terminated. Previous state was: STOPPING
[2019-02-18 13:36:15.504][info ][command:46736b3a-3bff-40db-acf3-b8dbc484cd52][tid:14][com.facebook.buck.cli.Main] Awaiting termination of CounterAggregatorExecutor executor service. Waiting for all jobs to complete, or up to maximum of 20 seconds...
[2019-02-18 13:36:15.505][info ][command:46736b3a-3bff-40db-acf3-b8dbc484cd52][tid:14][com.facebook.buck.cli.Main] Successfully terminated CounterAggregatorExecutor executor service.
[2019-02-18 13:36:15.505][info ][command:46736b3a-3bff-40db-acf3-b8dbc484cd52][tid:14][com.facebook.buck.cli.Main] Awaiting termination of HTTP Read executor service. Waiting for all jobs to complete, or up to maximum of 1800 seconds...
[2019-02-18 13:36:15.505][info ][command:46736b3a-3bff-40db-acf3-b8dbc484cd52][tid:14][com.facebook.buck.cli.Main] Successfully terminated HTTP Read executor service.
[2019-02-18 13:36:15.505][info ][command:46736b3a-3bff-40db-acf3-b8dbc484cd52][tid:14][com.facebook.buck.cli.Main] Awaiting termination of Download Heavy Build HTTP Read executor service. Waiting for all jobs to complete, or up to maximum of 1800 seconds...
[2019-02-18 13:36:15.505][info ][command:46736b3a-3bff-40db-acf3-b8dbc484cd52][tid:14][com.facebook.buck.cli.Main] Successfully terminated Download Heavy Build HTTP Read executor service.
[2019-02-18 13:36:15.505][info ][command:46736b3a-3bff-40db-acf3-b8dbc484cd52][tid:14][com.facebook.buck.cli.Main] Awaiting termination of HTTP Write executor service. Waiting for all jobs to complete, or up to maximum of 1800 seconds...
[2019-02-18 13:36:15.505][info ][command:46736b3a-3bff-40db-acf3-b8dbc484cd52][tid:14][com.facebook.buck.cli.Main] Successfully terminated HTTP Write executor service.
[2019-02-18 13:36:15.505][info ][command:46736b3a-3bff-40db-acf3-b8dbc484cd52][tid:14][com.facebook.buck.cli.Main] Awaiting termination of Disk IO executor service. Waiting for all jobs to complete, or up to maximum of 10 seconds...
[2019-02-18 13:36:15.505][info ][command:46736b3a-3bff-40db-acf3-b8dbc484cd52][tid:14][com.facebook.buck.cli.Main] Successfully terminated Disk IO executor service.
[2019-02-18 13:36:15.505][debug][command:null][tid:47][com.facebook.buck.io.AsynchronousDirectoryContentsCleaner] Starting to clean buck-out/.trash
[2019-02-18 13:36:15.505][debug][command:null][tid:47][com.facebook.buck.io.AsynchronousDirectoryContentsCleaner] Starting to clean buck-out/.trash
[2019-02-18 13:36:15.505][debug][command:null][tid:47][com.facebook.buck.io.AsynchronousDirectoryContentsCleaner] Done cleaning buck-out/.trash
[2019-02-18 13:36:15.506][debug][command:null][tid:384][com.facebook.buck.event.listener.ChromeTraceBuildListener] Writing Chrome trace to buck-out/log/2019-02-18_05h36m09s_installcommand_46736b3a-3bff-40db-acf3-b8dbc484cd52/build.2019-02-18.13-36-09.46736b3a-3bff-40db-acf3-b8dbc484cd52.trace
[2019-02-18 13:36:15.513][debug][command:null][tid:14][com.facebook.buck.cli.Main] Done.
[2019-02-18 13:36:15.513][info ][command:null][tid:14][com.facebook.nailgun.NGSession] Nail cleanly exited with status 5
[2019-02-18 13:36:15.514][debug][command:null][tid:14][com.facebook.nailgun.NGCommunicator] Shutting down socket for input
[2019-02-18 13:36:15.515][debug][command:null][tid:14][com.facebook.nailgun.NGCommunicator] Shutting down socket for output
[2019-02-18 13:36:15.515][debug][command:null][tid:353][com.facebook.nailgun.NGCommunicator] Socket is disconnected
[2019-02-18 13:36:15.515][debug][command:null][tid:14][com.facebook.nailgun.NGCommunicator] Shutting down read ExecutorService
[2019-02-18 13:36:15.515][debug][command:null][tid:353][com.facebook.nailgun.NGCommunicator] Nailgun client disconnected
[2019-02-18 13:36:15.515][debug][command:null][tid:353][com.facebook.nailgun.NGCommunicator] Orchestrator thread finished
[2019-02-18 13:36:15.515][debug][command:null][tid:14][com.facebook.nailgun.NGCommunicator] Shutting down orchestrator ExecutorService
[2019-02-18 13:36:15.516][debug][command:null][tid:14][com.facebook.nailgun.NGSession] NGSession 1 is closing client socket
[2019-02-18 13:36:15.523][debug][command:null][tid:380][com.facebook.buck.parser.PythonDslProjectBuildFileParser] Waiting for process com.facebook.buck.util.ProcessExecutor$LaunchedProcessImpl@8bbbfc7 to exit...
[2019-02-18 13:36:15.523][debug][command:null][tid:380][com.facebook.buck.parser.PythonDslProjectBuildFileParser] Process com.facebook.buck.util.ProcessExecutor$LaunchedProcessImpl@8bbbfc7 exited cleanly.
[2019-02-18 13:36:30.970][debug][command:null][tid:14][com.facebook.nailgun.NGSession] NGSession 1 accepted new connection
[2019-02-18 13:36:30.972][debug][command:null][tid:14][com.facebook.nailgun.NGCommunicator] Shutting down socket for input
[2019-02-18 13:36:30.972][debug][command:null][tid:386][com.facebook.nailgun.NGCommunicator] Orchestrator thread started
[2019-02-18 13:36:30.972][debug][command:null][tid:386][com.facebook.nailgun.NGCommunicator] Nailgun client disconnected
[2019-02-18 13:36:30.972][debug][command:null][tid:386][com.facebook.nailgun.NGCommunicator] Orchestrator thread finished
[2019-02-18 13:36:30.972][debug][command:null][tid:14][com.facebook.nailgun.NGCommunicator] Shutting down socket for output
[2019-02-18 13:36:30.972][debug][command:null][tid:14][com.facebook.nailgun.NGCommunicator] Shutting down read ExecutorService
[2019-02-18 13:36:30.972][debug][command:null][tid:14][com.facebook.nailgun.NGCommunicator] Shutting down orchestrator ExecutorService
[2019-02-18 13:36:30.972][debug][command:null][tid:14][com.facebook.nailgun.NGSession] NGSession 1 is closing client socket
[2019-02-18 13:36:30.981][debug][command:null][tid:14][com.facebook.nailgun.NGSession] NGSession 1 accepted new connection
[2019-02-18 13:36:30.983][debug][command:null][tid:387][com.facebook.nailgun.NGCommunicator] Orchestrator thread started
[2019-02-18 13:36:30.985][debug][command:null][tid:14][com.facebook.buck.util.config.Configs] Loading configuration for /Users/yanxianwei/AndroidStudioProjects/ForTest
[2019-02-18 13:36:30.986][debug][command:null][tid:14][com.facebook.buck.util.config.Configs] Loaded project configuration file /Users/yanxianwei/AndroidStudioProjects/ForTest/.buckconfig
[2019-02-18 13:36:30.986][debug][command:null][tid:14][com.facebook.buck.util.config.Configs] Adding configuration overrides RawConfig{values={}}
[2019-02-18 13:36:30.990][debug][command:null][tid:14][com.facebook.buck.cli.Main] Rotating log.
[2019-02-18 13:36:30.991][debug][command:null][tid:14][com.facebook.buck.cli.Main] Starting up (build date 1970-01-01 07:59:59 +0800, rev c0e4f9faf28e8d1629889e442a8efe2b52f535f6), args: [install, appDevDebug, --config-file, .okbuck/config/okbuck.buckconfig]
[2019-02-18 13:36:30.998][debug][command:null][tid:14][com.facebook.buck.cli.Main] System properties: {java.vendor=Oracle Corporation, sun.java.launcher=SUN_STANDARD, sun.management.compiler=HotSpot 64-Bit Tiered Compilers, jnidispatch.path=/Users/yanxianwei/AndroidStudioProjects/ForTest/.buckd/tmp/buck_run.zQfiLd/jna--871816553/jna1635443236245803316.tmp, os.name=Mac OS X, buck.enable_objc=true, sun.boot.class.path=/Library/Java/JavaVirtualMachines/jdk1.8.0_202.jdk/Contents/Home/jre/lib/resources.jar:/Library/Java/JavaVirtualMachines/jdk1.8.0_202.jdk/Contents/Home/jre/lib/rt.jar:/Library/Java/JavaVirtualMachines/jdk1.8.0_202.jdk/Contents/Home/jre/lib/sunrsasign.jar:/Library/Java/JavaVirtualMachines/jdk1.8.0_202.jdk/Contents/Home/jre/lib/jsse.jar:/Library/Java/JavaVirtualMachines/jdk1.8.0_202.jdk/Contents/Home/jre/lib/jce.jar:/Library/Java/JavaVirtualMachines/jdk1.8.0_202.jdk/Contents/Home/jre/lib/charsets.jar:/Library/Java/JavaVirtualMachines/jdk1.8.0_202.jdk/Contents/Home/jre/lib/jfr.jar:/Library/Java/JavaVirtualMachines/jdk1.8.0_202.jdk/Contents/Home/jre/classes, buck.module.resources=/Users/yanxianwei/AndroidStudioProjects/ForTest/.buckd/resources/c0e4f9faf28e8d1629889e442a8efe2b52f535f6/buck-modules-resources, pf4j.pluginsDir=/Users/yanxianwei/AndroidStudioProjects/ForTest/.buckd/resources/c0e4f9faf28e8d1629889e442a8efe2b52f535f6/buck-modules, buck.resource_lock_path=/Users/yanxianwei/AndroidStudioProjects/ForTest/.buckd/resources/c0e4f9faf28e8d1629889e442a8efe2b52f535f6/.buck_lock, buck.path_to_isolated_trampoline=/Users/yanxianwei/AndroidStudioProjects/ForTest/.buckd/resources/c0e4f9faf28e8d1629889e442a8efe2b52f535f6/path_to_isolated_trampoline, java.vm.specification.vendor=Oracle Corporation, java.runtime.version=1.8.0_202-b08, jna.loaded=true, buck.testrunner_classes=/Users/yanxianwei/AndroidStudioProjects/ForTest/.buckd/resources/c0e4f9faf28e8d1629889e442a8efe2b52f535f6/testrunner_classes, buck.logging_config_file=/Users/yanxianwei/AndroidStudioProjects/ForTest/.buckd/resources/c0e4f9faf28e8d1629889e442a8efe2b52f535f6/logging_config_file, buck.path_to_sh_binary_template=/Users/yanxianwei/AndroidStudioProjects/ForTest/.buckd/resources/c0e4f9faf28e8d1629889e442a8efe2b52f535f6/path_to_sh_binary_template, user.name=yanxianwei, com.facebook.nailgun.NGServer.outputPath=/Users/yanxianwei/AndroidStudioProjects/ForTest/.buckd/tmp/buck_run.zQfiLd/ngserver-out, socksProxyHost=127.0.0.1, buck.path_to_pywatchman=/Users/yanxianwei/AndroidStudioProjects/ForTest/.buckd/resources/c0e4f9faf28e8d1629889e442a8efe2b52f535f6/path_to_pywatchman, buck.report_generator_jar=/Users/yanxianwei/AndroidStudioProjects/ForTest/.buckd/resources/c0e4f9faf28e8d1629889e442a8efe2b52f535f6/report_generator_jar, buck.git_commit=c0e4f9faf28e8d1629889e442a8efe2b52f535f6, user.language=zh, sun.boot.library.path=/Library/Java/JavaVirtualMachines/jdk1.8.0_202.jdk/Contents/Home/jre/lib, jna.nosys=true, java.version=1.8.0_202, user.timezone=Asia/Shanghai, buck.test_util_no_tests_dir=true, sun.arch.data.model=64, http.nonProxyHosts=127.0.0.1|192.168.0.0/16|*.192.168.0.0/16|10.0.0.0/8|*.10.0.0.0/8|localhost|*.localhost, java.endorsed.dirs=/Library/Java/JavaVirtualMachines/jdk1.8.0_202.jdk/Contents/Home/jre/lib/endorsed, sun.cpu.isalist=, sun.jnu.encoding=UTF-8, file.encoding.pkg=sun.io, file.separator=/, java.specification.name=Java Platform API Specification, buck.jacoco_agent_jar=/Users/yanxianwei/AndroidStudioProjects/ForTest/.buckd/resources/c0e4f9faf28e8d1629889e442a8efe2b52f535f6/jacoco_agent_jar, java.class.version=52.0, jetty.git.hash=1f8159b1e4a42d3f79997021ea1609f2fbac6de5, user.country=CN, buck.binary_hash=c5d497a6ded8a1712e657140816688a9, java.home=/Library/Java/JavaVirtualMachines/jdk1.8.0_202.jdk/Contents/Home/jre, buck.fix_script=/Users/yanxianwei/AndroidStudioProjects/ForTest/.buckd/resources/c0e4f9faf28e8d1629889e442a8efe2b52f535f6/fix_script, java.vm.info=mixed mode, os.version=10.14.1, buck.version_uid=c0e4f9faf28e8d1629889e442a8efe2b52f535f6, org.eclipse.jetty.util.log.class=org.eclipse.jetty.util.log.JavaUtilLog, path.separator=:, java.vm.version=25.202-b08, java.awt.printerjob=sun.lwawt.macosx.CPrinterJob, sun.io.unicode.encoding=UnicodeBig, awt.toolkit=sun.lwawt.macosx.LWCToolkit, buck.mode=package, buck.buck_build_type_info=/Users/yanxianwei/AndroidStudioProjects/ForTest/.buckd/resources/c0e4f9faf28e8d1629889e442a8efe2b52f535f6/buck_build_type_info, socksNonProxyHosts=127.0.0.1|192.168.0.0/16|*.192.168.0.0/16|10.0.0.0/8|*.10.0.0.0/8|localhost|*.localhost, ftp.nonProxyHosts=127.0.0.1|192.168.0.0/16|*.192.168.0.0/16|10.0.0.0/8|*.10.0.0.0/8|localhost|*.localhost, buck.dx=/Users/yanxianwei/AndroidStudioProjects/ForTest/.buckd/resources/c0e4f9faf28e8d1629889e442a8efe2b52f535f6/dx, buck.git_commit_timestamp=-1, user.home=/Users/yanxianwei, socksProxyPort=1086, java.specification.vendor=Oracle Corporation, buck.git_dirty=0, java.library.path=/Users/yanxianwei/AndroidStudioProjects/ForTest/.buckd/resources/c0e4f9faf28e8d1629889e442a8efe2b52f535f6, java.vendor.url=http://java.oracle.com/, java.vm.vendor=Oracle Corporation, gopherProxySet=false, java.runtime.name=Java(TM) SE Runtime Environment, sun.java.command=com.facebook.buck.cli.bootstrapper.ClassLoaderBootstrapper com.facebook.buck.cli.Main$DaemonBootstrap local:.buckd/sock 180000, java.class.path=/Users/yanxianwei/AndroidStudioProjects/ForTest/.buckd/resources/c0e4f9faf28e8d1629889e442a8efe2b52f535f6/bootstrapper_jar, buck.buckd_dir=/Users/yanxianwei/AndroidStudioProjects/ForTest/.buckd, buck.path_to_pathlib_py=/Users/yanxianwei/AndroidStudioProjects/ForTest/.buckd/resources/c0e4f9faf28e8d1629889e442a8efe2b52f535f6/pathlib.py, buck.buckd_launch_time_nanos=15083298999215, java.vm.specification.name=Java Virtual Machine Specification, java.vm.specification.version=1.8, sun.cpu.endian=little, sun.os.patch.level=unknown, java.awt.headless=true, java.io.tmpdir=/Users/yanxianwei/AndroidStudioProjects/ForTest/.buckd/tmp/buck_run.zQfiLd, buck.android_agent_path=/Users/yanxianwei/AndroidStudioProjects/ForTest/.buckd/resources/c0e4f9faf28e8d1629889e442a8efe2b52f535f6/android_agent_path, java.vendor.url.bug=http://bugreport.sun.com/bugreport/, buck.path_to_python_dsl=, jna.platform.library.path=/usr/lib:/usr/lib, os.arch=x86_64, java.awt.graphicsenv=sun.awt.CGraphicsEnvironment, java.ext.dirs=/Users/yanxianwei/Library/Java/Extensions:/Library/Java/JavaVirtualMachines/jdk1.8.0_202.jdk/Contents/Home/jre/lib/ext:/Library/Java/Extensions:/Network/Library/Java/Extensions:/System/Library/Java/Extensions:/usr/lib/java, java.util.logging.config.class=com.facebook.buck.cli.bootstrapper.LogConfig, buck.path_to_six_py=/Users/yanxianwei/AndroidStudioProjects/ForTest/.buckd/resources/c0e4f9faf28e8d1629889e442a8efe2b52f535f6/six.py, user.dir=/Users/yanxianwei/AndroidStudioProjects/ForTest, java.nio.file.spi.DefaultFileSystemProvider=com.facebook.buck.cli.bootstrapper.filesystem.BuckFileSystemProvider, line.separator=
, java.vm.name=Java HotSpot(TM) 64-Bit Server VM, buck.path_to_typing=/Users/yanxianwei/AndroidStudioProjects/ForTest/.buckd/resources/c0e4f9faf28e8d1629889e442a8efe2b52f535f6/path_to_typing, buck.native_exopackage_fake_path=/Users/yanxianwei/AndroidStudioProjects/ForTest/.buckd/resources/c0e4f9faf28e8d1629889e442a8efe2b52f535f6/native_exopackage_fake_path, file.encoding=UTF-8, java.specification.version=1.8}
[2019-02-18 13:36:30.999][debug][command:null][tid:14][com.facebook.buck.util.config.Configs] Loaded a configuration file /Users/yanxianwei/AndroidStudioProjects/ForTest/.okbuck/config/okbuck.buckconfig: {android={build_tools_version=28.0.2, target=android-28}, kotlin={kotlin_home=//.okbuck/workspace/kotlin_home:kotlin_home}, tools={proguard=//.okbuck/ext/net/sf/proguard:proguard-base-6.0.3.jar}, maven_repositories={google=https://dl.google.com/dl/android/maven2/, bintrayjcenter=https://jcenter.bintray.com/, maven=https://jitpack.io}, download={in_build=true, max_number_of_retries=3}}
[2019-02-18 13:36:30.999][debug][command:null][tid:14][com.facebook.buck.util.config.Configs] Loaded a configuration file .okbuck/config/okbuck.buckconfig, {android={build_tools_version=28.0.2, target=android-28}, kotlin={kotlin_home=//.okbuck/workspace/kotlin_home:kotlin_home}, tools={proguard=//.okbuck/ext/net/sf/proguard:proguard-base-6.0.3.jar}, maven_repositories={google=https://dl.google.com/dl/android/maven2/, bintrayjcenter=https://jcenter.bintray.com/, maven=https://jitpack.io}, download={in_build=true, max_number_of_retries=3}}
[2019-02-18 13:36:30.999][debug][command:null][tid:14][com.facebook.buck.util.config.Configs] Loading configuration for /Users/yanxianwei/AndroidStudioProjects/ForTest
[2019-02-18 13:36:31.000][debug][command:null][tid:14][com.facebook.buck.util.config.Configs] Loaded project configuration file /Users/yanxianwei/AndroidStudioProjects/ForTest/.buckconfig
[2019-02-18 13:36:31.000][debug][command:null][tid:14][com.facebook.buck.util.config.Configs] Adding configuration overrides RawConfig{values={android={build_tools_version=28.0.2, target=android-28}, kotlin={kotlin_home=//.okbuck/workspace/kotlin_home:kotlin_home}, tools={proguard=//.okbuck/ext/net/sf/proguard:proguard-base-6.0.3.jar}, maven_repositories={google=https://dl.google.com/dl/android/maven2/, bintrayjcenter=https://jcenter.bintray.com/, maven=https://jitpack.io}, download={in_build=true, max_number_of_retries=3}}}
[2019-02-18 13:36:31.002][info ][command:null][tid:14][com.facebook.buck.io.watchman.WatchmanFactory] Creating for: [/Users/yanxianwei/AndroidStudioProjects/ForTest]
[2019-02-18 13:36:31.003][debug][command:null][tid:14][com.facebook.buck.io.ExecutableFinder] Executable 'watchman' mapped to 'Optional[/usr/local/bin/watchman]'
[2019-02-18 13:36:31.003][debug][command:null][tid:14][com.facebook.buck.util.ListeningProcessExecutor] Launching process with params ProcessExecutorParams{command=[/usr/local/bin/watchman, --output-encoding=bser, get-sockname]}
[2019-02-18 13:36:31.004][debug][command:null][tid:14][com.facebook.buck.util.ListeningProcessExecutor] Successfully launched process com.zaxxer.nuprocess.osx.OsxProcess@422effde
[2019-02-18 13:36:31.005][debug][command:null][tid:14][com.facebook.buck.util.ListeningProcessExecutor] Waiting for process com.facebook.buck.util.ListeningProcessExecutor$LaunchedProcessImpl@4e65535c timeout 1000000000 NANOSECONDS
[2019-02-18 13:36:31.021][debug][command:null][tid:14][com.facebook.buck.util.ListeningProcessExecutor] Wait for process returned 0
[2019-02-18 13:36:31.021][debug][command:null][tid:14][com.facebook.buck.io.watchman.WatchmanFactory] Waited 16 ms for Watchman command get-sockname, exit code 0
[2019-02-18 13:36:31.021][debug][command:null][tid:14][com.facebook.buck.io.watchman.WatchmanFactory] stdout of command: {sockname=/usr/local/var/run/watchman/yanxianwei-state/sock, version=4.9.0}
[2019-02-18 13:36:31.021][info ][command:null][tid:14][com.facebook.buck.io.watchman.WatchmanFactory] Connecting to Watchman version 4.9.0 at /usr/local/var/run/watchman/yanxianwei-state/sock
[2019-02-18 13:36:31.022][debug][command:null][tid:14][com.facebook.buck.io.watchman.WatchmanTransportClient] Query [version, {required=[cmd-watch-project], optional=[term-dirname, cmd-watch-project, wildmatch, wildmatch_multislash, glob_generator, clock-sync-timeout]}] returned in 0 ms
[2019-02-18 13:36:31.022][info ][command:null][tid:14][com.facebook.buck.io.watchman.WatchmanFactory] Took 0 ms to query capabilities {term-dirname=DIRNAME, cmd-watch-project=SUPPORTS_PROJECT_WATCH, wildmatch=WILDMATCH_GLOB, wildmatch_multislash=WILDMATCH_MULTISLASH, glob_generator=GLOB_GENERATOR, clock-sync-timeout=CLOCK_SYNC_TIMEOUT}
[2019-02-18 13:36:31.022][debug][command:null][tid:14][com.facebook.buck.io.watchman.WatchmanFactory] Got capabilities response: {clock-sync-timeout=true, glob_generator=true, wildmatch_multislash=false, cmd-watch-project=true, wildmatch=true, term-dirname=true}
[2019-02-18 13:36:31.022][debug][command:null][tid:14][com.facebook.buck.io.watchman.WatchmanFactory] Got Watchman capabilities: [CLOCK_SYNC_TIMEOUT, GLOB_GENERATOR, SUPPORTS_PROJECT_WATCH, WILDMATCH_GLOB, DIRNAME]
[2019-02-18 13:36:31.022][info ][command:null][tid:14][com.facebook.buck.io.watchman.WatchmanFactory] Adding watchman root: /Users/yanxianwei/AndroidStudioProjects/ForTest
[2019-02-18 13:36:31.023][debug][command:null][tid:14][com.facebook.buck.io.watchman.WatchmanTransportClient] Query [watch-project, /Users/yanxianwei/AndroidStudioProjects/ForTest] returned in 0 ms
[2019-02-18 13:36:31.023][debug][command:null][tid:14][com.facebook.buck.io.watchman.WatchmanTransportClient] Query [watch-project, /Users/yanxianwei/AndroidStudioProjects/ForTest] returned in 0 ms
[2019-02-18 13:36:31.023][info ][command:null][tid:14][com.facebook.buck.io.watchman.WatchmanFactory] Took 0 ms to add root /Users/yanxianwei/AndroidStudioProjects/ForTest
[2019-02-18 13:36:31.031][debug][command:null][tid:14][com.facebook.buck.io.watchman.WatchmanTransportClient] Query [clock, /Users/yanxianwei/AndroidStudioProjects, {sync_timeout=100}] returned in 7 ms
[2019-02-18 13:36:31.031][info ][command:null][tid:14][com.facebook.buck.io.watchman.WatchmanFactory] Took 8 ms to query for initial clock id Optional[c:1550219919:5416:4:23258]
[2019-02-18 13:36:31.031][debug][command:null][tid:14][com.facebook.buck.io.watchman.WatchmanFactory] Connected to Watchman
[2019-02-18 13:36:31.031][debug][command:null][tid:14][com.facebook.buck.io.watchman.WatchmanTransportClient] Closing Watchman transport.
[2019-02-18 13:36:31.032][debug][command:null][tid:14][com.facebook.buck.cli.Main] Watchman capabilities: [CLOCK_SYNC_TIMEOUT, GLOB_GENERATOR, SUPPORTS_PROJECT_WATCH, WILDMATCH_GLOB, DIRNAME] Project watches: {/Users/yanxianwei/AndroidStudioProjects/ForTest=ProjectWatch{watchRoot=/Users/yanxianwei/AndroidStudioProjects, projectPrefix=ForTest}} Glob handler config: PYTHON Query timeout ms config: Optional.empty
[2019-02-18 13:36:31.032][debug][command:null][tid:14][com.facebook.buck.util.config.Configs] Loaded a configuration file /Users/yanxianwei/AndroidStudioProjects/ForTest/.okbuck/config/okbuck.buckconfig: {android={build_tools_version=28.0.2, target=android-28}, kotlin={kotlin_home=//.okbuck/workspace/kotlin_home:kotlin_home}, tools={proguard=//.okbuck/ext/net/sf/proguard:proguard-base-6.0.3.jar}, maven_repositories={google=https://dl.google.com/dl/android/maven2/, bintrayjcenter=https://jcenter.bintray.com/, maven=https://jitpack.io}, download={in_build=true, max_number_of_retries=3}}
[2019-02-18 13:36:31.033][debug][command:null][tid:14][com.facebook.buck.util.config.Configs] Loaded a configuration file .okbuck/config/okbuck.buckconfig, {android={build_tools_version=28.0.2, target=android-28}, kotlin={kotlin_home=//.okbuck/workspace/kotlin_home:kotlin_home}, tools={proguard=//.okbuck/ext/net/sf/proguard:proguard-base-6.0.3.jar}, maven_repositories={google=https://dl.google.com/dl/android/maven2/, bintrayjcenter=https://jcenter.bintray.com/, maven=https://jitpack.io}, download={in_build=true, max_number_of_retries=3}}
