[2019-02-18 15:15:51.024][debug][command:0dab64fc-ab64-4244-a01e-61bd5065c757][tid:14][com.facebook.buck.event.listener.SuperConsoleEventBusListener] Starting render scheduler (interval 100 ms)
[2019-02-18 15:15:51.025][debug][command:0dab64fc-ab64-4244-a01e-61bd5065c757][tid:14][com.google.common.util.concurrent.ServiceManager] Starting PerfStatsTracking [STARTING].
[2019-02-18 15:15:51.025][debug][command:0dab64fc-ab64-4244-a01e-61bd5065c757][tid:14][com.google.common.util.concurrent.ServiceManager] Started PerfStatsTracking [RUNNING] in 476.6 μs.
[2019-02-18 15:15:51.025][debug][command:0dab64fc-ab64-4244-a01e-61bd5065c757][tid:14][com.google.common.util.concurrent.ServiceManager] Starting ProcessTracker [STARTING].
[2019-02-18 15:15:51.025][debug][command:0dab64fc-ab64-4244-a01e-61bd5065c757][tid:14][com.facebook.buck.util.environment.MacWifiSsidFinder] Getting current SSID..
[2019-02-18 15:15:51.025][debug][command:null][tid:686][com.facebook.buck.util.perf.ProcessTracker] startUp
[2019-02-18 15:15:51.025][debug][command:null][tid:686][com.facebook.buck.util.perf.ProcessTracker] startUp
[2019-02-18 15:15:51.027][debug][command:null][tid:686][com.google.common.util.concurrent.ServiceManager] Started ProcessTracker [RUNNING] in 2.179 ms.
[2019-02-18 15:15:51.027][debug][command:null][tid:686][com.google.common.util.concurrent.ServiceManager] Started ProcessTracker [RUNNING] in 2.179 ms.
[2019-02-18 15:15:51.029][debug][command:0dab64fc-ab64-4244-a01e-61bd5065c757][tid:14][com.facebook.buck.util.environment.MacWifiSsidFinder] Getting SSID from Wi-Fi interface: <CWInterface: 0x7ff1f97f7340> [interfaceName=en0]
[2019-02-18 15:15:51.029][debug][command:0dab64fc-ab64-4244-a01e-61bd5065c757][tid:14][com.facebook.buck.util.environment.MacWifiSsidFinder] Found SSID: XY_Employee
[2019-02-18 15:15:51.029][debug][command:0dab64fc-ab64-4244-a01e-61bd5065c757][tid:14][com.facebook.buck.cli.Main] InvocationInfo BuildId=[0dab64fc-ab64-4244-a01e-61bd5065c757] Args=[targets, app, --config-file, .okbuck/config/okbuck.buckconfig]
[2019-02-18 15:15:51.031][warn ][command:null][tid:689][com.facebook.buck.event.listener.PublicAnnouncementManager] Failed to get public announcements. Reason: Failed to establish connection to server.
[2019-02-18 15:15:51.031][warn ][command:null][tid:689][com.facebook.buck.event.listener.PublicAnnouncementManager] Failed to get public announcements. Reason: Failed to establish connection to server.
[2019-02-18 15:15:51.031][debug][command:null][tid:690][com.facebook.buck.util.environment.MacNetworkConfiguration] Determine network service order and extract device names
[2019-02-18 15:15:51.031][debug][command:null][tid:690][com.facebook.buck.util.environment.MacNetworkConfiguration] Determine network service order and extract device names
[2019-02-18 15:15:51.032][debug][command:null][tid:690][com.facebook.buck.util.ListeningProcessExecutor] Launching process with params ProcessExecutorParams{command=[networksetup, -listnetworkserviceorder, ]}
[2019-02-18 15:15:51.032][debug][command:null][tid:690][com.facebook.buck.util.ListeningProcessExecutor] Launching process with params ProcessExecutorParams{command=[networksetup, -listnetworkserviceorder, ]}
[2019-02-18 15:15:51.034][debug][command:null][tid:690][com.facebook.buck.util.ListeningProcessExecutor] Successfully launched process com.zaxxer.nuprocess.osx.OsxProcess@3400d9bc
[2019-02-18 15:15:51.034][debug][command:null][tid:690][com.facebook.buck.util.ListeningProcessExecutor] Successfully launched process com.zaxxer.nuprocess.osx.OsxProcess@3400d9bc
[2019-02-18 15:15:51.038][debug][command:null][tid:690][com.facebook.buck.util.ListeningProcessExecutor] Waiting for process com.facebook.buck.util.ListeningProcessExecutor$LaunchedProcessImpl@1e4443d6 timeout 1000 MILLISECONDS
[2019-02-18 15:15:51.038][debug][command:null][tid:690][com.facebook.buck.util.ListeningProcessExecutor] Waiting for process com.facebook.buck.util.ListeningProcessExecutor$LaunchedProcessImpl@1e4443d6 timeout 1000 MILLISECONDS
[2019-02-18 15:15:51.068][debug][command:null][tid:690][com.facebook.buck.util.ListeningProcessExecutor] Wait for process returned 0
[2019-02-18 15:15:51.068][debug][command:null][tid:690][com.facebook.buck.util.ListeningProcessExecutor] Wait for process returned 0
[2019-02-18 15:15:51.068][debug][command:null][tid:690][com.facebook.buck.util.ListeningProcessExecutor] Destroying process com.facebook.buck.util.ListeningProcessExecutor$LaunchedProcessImpl@1e4443d6 (force true)
[2019-02-18 15:15:51.068][debug][command:null][tid:690][com.facebook.buck.util.ListeningProcessExecutor] Destroying process com.facebook.buck.util.ListeningProcessExecutor$LaunchedProcessImpl@1e4443d6 (force true)
[2019-02-18 15:15:51.068][debug][command:null][tid:690][com.facebook.buck.util.environment.MacNetworkConfiguration] Determine active state of media for device
[2019-02-18 15:15:51.068][debug][command:null][tid:690][com.facebook.buck.util.environment.MacNetworkConfiguration] Determine active state of media for device
[2019-02-18 15:15:51.068][debug][command:null][tid:690][com.facebook.buck.util.ListeningProcessExecutor] Launching process with params ProcessExecutorParams{command=[networksetup, -getMedia, en0]}
[2019-02-18 15:15:51.068][debug][command:null][tid:690][com.facebook.buck.util.ListeningProcessExecutor] Launching process with params ProcessExecutorParams{command=[networksetup, -getMedia, en0]}
[2019-02-18 15:15:51.070][debug][command:null][tid:690][com.facebook.buck.util.ListeningProcessExecutor] Successfully launched process com.zaxxer.nuprocess.osx.OsxProcess@68498553
[2019-02-18 15:15:51.070][debug][command:null][tid:690][com.facebook.buck.util.ListeningProcessExecutor] Successfully launched process com.zaxxer.nuprocess.osx.OsxProcess@68498553
[2019-02-18 15:15:51.071][debug][command:null][tid:690][com.facebook.buck.util.ListeningProcessExecutor] Waiting for process com.facebook.buck.util.ListeningProcessExecutor$LaunchedProcessImpl@1d11bfb2 timeout 1000 MILLISECONDS
[2019-02-18 15:15:51.071][debug][command:null][tid:690][com.facebook.buck.util.ListeningProcessExecutor] Waiting for process com.facebook.buck.util.ListeningProcessExecutor$LaunchedProcessImpl@1d11bfb2 timeout 1000 MILLISECONDS
[2019-02-18 15:15:51.099][debug][command:null][tid:690][com.facebook.buck.util.ListeningProcessExecutor] Wait for process returned 0
[2019-02-18 15:15:51.099][debug][command:null][tid:690][com.facebook.buck.util.ListeningProcessExecutor] Wait for process returned 0
[2019-02-18 15:15:51.099][debug][command:null][tid:690][com.facebook.buck.util.ListeningProcessExecutor] Destroying process com.facebook.buck.util.ListeningProcessExecutor$LaunchedProcessImpl@1d11bfb2 (force true)
[2019-02-18 15:15:51.099][debug][command:null][tid:690][com.facebook.buck.util.ListeningProcessExecutor] Destroying process com.facebook.buck.util.ListeningProcessExecutor$LaunchedProcessImpl@1d11bfb2 (force true)
[2019-02-18 15:15:51.099][debug][command:null][tid:690][com.facebook.buck.util.environment.MacNetworkConfiguration] Determine WiFi SSID of device
[2019-02-18 15:15:51.099][debug][command:null][tid:690][com.facebook.buck.util.environment.MacNetworkConfiguration] Determine WiFi SSID of device
[2019-02-18 15:15:51.099][debug][command:null][tid:690][com.facebook.buck.util.ListeningProcessExecutor] Launching process with params ProcessExecutorParams{command=[networksetup, -getairportnetwork, en0]}
[2019-02-18 15:15:51.099][debug][command:null][tid:690][com.facebook.buck.util.ListeningProcessExecutor] Launching process with params ProcessExecutorParams{command=[networksetup, -getairportnetwork, en0]}
[2019-02-18 15:15:51.101][debug][command:null][tid:690][com.facebook.buck.util.ListeningProcessExecutor] Successfully launched process com.zaxxer.nuprocess.osx.OsxProcess@64daa73e
[2019-02-18 15:15:51.101][debug][command:null][tid:690][com.facebook.buck.util.ListeningProcessExecutor] Successfully launched process com.zaxxer.nuprocess.osx.OsxProcess@64daa73e
[2019-02-18 15:15:51.101][debug][command:null][tid:690][com.facebook.buck.util.ListeningProcessExecutor] Waiting for process com.facebook.buck.util.ListeningProcessExecutor$LaunchedProcessImpl@3cea6490 timeout 1000 MILLISECONDS
[2019-02-18 15:15:51.101][debug][command:null][tid:690][com.facebook.buck.util.ListeningProcessExecutor] Waiting for process com.facebook.buck.util.ListeningProcessExecutor$LaunchedProcessImpl@3cea6490 timeout 1000 MILLISECONDS
[2019-02-18 15:15:51.135][debug][command:null][tid:690][com.facebook.buck.util.ListeningProcessExecutor] Wait for process returned 0
[2019-02-18 15:15:51.135][debug][command:null][tid:690][com.facebook.buck.util.ListeningProcessExecutor] Wait for process returned 0
[2019-02-18 15:15:51.135][debug][command:null][tid:690][com.facebook.buck.util.ListeningProcessExecutor] Destroying process com.facebook.buck.util.ListeningProcessExecutor$LaunchedProcessImpl@3cea6490 (force true)
[2019-02-18 15:15:51.135][debug][command:null][tid:690][com.facebook.buck.util.ListeningProcessExecutor] Destroying process com.facebook.buck.util.ListeningProcessExecutor$LaunchedProcessImpl@3cea6490 (force true)
[2019-02-18 15:15:56.054][debug][command:null][tid:695][com.facebook.buck.io.watchman.WatchmanTransportClient] Query [query, /Users/yanxianwei/AndroidStudioProjects, {since=c:1550219919:5416:4:30747, expression=[not, [anyof, [type, d], [dirname, .idea], [dirname, .buckd], [dirname, buck-out/cache], [dirname, .git], [dirname, ], [dirname, buck-out/.trash], [dirname, buck-out], [match, **/.svn, wholename, {includedotfiles=true}], [match, **/*.pbxproj, wholename, {includedotfiles=true}], [match, **/*.xcscheme, wholename, {includedotfiles=true}], [match, **/*.xcworkspacedata, wholename, {includedotfiles=true}], [match, **/*~, wholename, {includedotfiles=true}], [match, **/#*#, wholename, {includedotfiles=true}], [match, **/.#*, wholename, {includedotfiles=true}], [match, **/*.swo, wholename, {includedotfiles=true}], [match, **/*.swp, wholename, {includedotfiles=true}], [match, **/*.swpx, wholename, {includedotfiles=true}], [match, **/*.un~, wholename, {includedotfiles=true}], [match, **/*.netrhwist, wholename, {includedotfiles=true}], [match, .idea, wholename, {includedotfiles=true}], [match, .iml, wholename, {includedotfiles=true}], [match, **/*.pydevproject, wholename, {includedotfiles=true}], [match, .project, wholename, {includedotfiles=true}], [match, .metadata, wholename, {includedotfiles=true}], [match, **/*.tmp, wholename, {includedotfiles=true}], [match, **/*.bak, wholename, {includedotfiles=true}], [match, **/*.nib, wholename, {includedotfiles=true}], [match, .classpath, wholename, {includedotfiles=true}], [match, .settings, wholename, {includedotfiles=true}], [match, .loadpath, wholename, {includedotfiles=true}], [match, .externalToolBuilders, wholename, {includedotfiles=true}], [match, .cproject, wholename, {includedotfiles=true}], [match, .buildpath, wholename, {includedotfiles=true}], [match, .DS_Store, wholename, {includedotfiles=true}], [match, .AppleDouble, wholename, {includedotfiles=true}], [match, .LSOverride, wholename, {includedotfiles=true}], [match, .Spotlight-V100, wholename, {includedotfiles=true}], [match, .Trashes, wholename, {includedotfiles=true}], [match, $RECYCLE.BIN, wholename, {includedotfiles=true}], [match, **/*.sublime-workspace, wholename, {includedotfiles=true}]]], empty_on_fresh_instance=true, fields=[name, exists, new], relative_root=ForTest}] returned in 15 ms
[2019-02-18 15:15:56.054][debug][command:null][tid:695][com.facebook.buck.io.watchman.WatchmanTransportClient] Query [query, /Users/yanxianwei/AndroidStudioProjects, {since=c:1550219919:5416:4:30747, expression=[not, [anyof, [type, d], [dirname, .idea], [dirname, .buckd], [dirname, buck-out/cache], [dirname, .git], [dirname, ], [dirname, buck-out/.trash], [dirname, buck-out], [match, **/.svn, wholename, {includedotfiles=true}], [match, **/*.pbxproj, wholename, {includedotfiles=true}], [match, **/*.xcscheme, wholename, {includedotfiles=true}], [match, **/*.xcworkspacedata, wholename, {includedotfiles=true}], [match, **/*~, wholename, {includedotfiles=true}], [match, **/#*#, wholename, {includedotfiles=true}], [match, **/.#*, wholename, {includedotfiles=true}], [match, **/*.swo, wholename, {includedotfiles=true}], [match, **/*.swp, wholename, {includedotfiles=true}], [match, **/*.swpx, wholename, {includedotfiles=true}], [match, **/*.un~, wholename, {includedotfiles=true}], [match, **/*.netrhwist, wholename, {includedotfiles=true}], [match, .idea, wholename, {includedotfiles=true}], [match, .iml, wholename, {includedotfiles=true}], [match, **/*.pydevproject, wholename, {includedotfiles=true}], [match, .project, wholename, {includedotfiles=true}], [match, .metadata, wholename, {includedotfiles=true}], [match, **/*.tmp, wholename, {includedotfiles=true}], [match, **/*.bak, wholename, {includedotfiles=true}], [match, **/*.nib, wholename, {includedotfiles=true}], [match, .classpath, wholename, {includedotfiles=true}], [match, .settings, wholename, {includedotfiles=true}], [match, .loadpath, wholename, {includedotfiles=true}], [match, .externalToolBuilders, wholename, {includedotfiles=true}], [match, .cproject, wholename, {includedotfiles=true}], [match, .buildpath, wholename, {includedotfiles=true}], [match, .DS_Store, wholename, {includedotfiles=true}], [match, .AppleDouble, wholename, {includedotfiles=true}], [match, .LSOverride, wholename, {includedotfiles=true}], [match, .Spotlight-V100, wholename, {includedotfiles=true}], [match, .Trashes, wholename, {includedotfiles=true}], [match, $RECYCLE.BIN, wholename, {includedotfiles=true}], [match, **/*.sublime-workspace, wholename, {includedotfiles=true}]]], empty_on_fresh_instance=true, fields=[name, exists, new], relative_root=ForTest}] returned in 15 ms
[2019-02-18 15:15:56.054][debug][command:null][tid:695][com.facebook.buck.io.watchman.WatchmanWatcher] Updating Watchman Cursor from c:1550219919:5416:4:30747 to c:1550219919:5416:4:30761
[2019-02-18 15:15:56.054][debug][command:null][tid:695][com.facebook.buck.io.watchman.WatchmanWatcher] Updating Watchman Cursor from c:1550219919:5416:4:30747 to c:1550219919:5416:4:30761
[2019-02-18 15:15:56.054][debug][command:null][tid:695][com.facebook.buck.io.watchman.WatchmanWatcher] Posted 0 Watchman events.
[2019-02-18 15:15:56.054][debug][command:null][tid:695][com.facebook.buck.io.watchman.WatchmanWatcher] Posted 0 Watchman events.
[2019-02-18 15:15:56.054][debug][command:null][tid:695][com.facebook.buck.io.watchman.WatchmanTransportClient] Closing Watchman transport.
[2019-02-18 15:15:56.054][debug][command:null][tid:695][com.facebook.buck.io.watchman.WatchmanTransportClient] Closing Watchman transport.
[2019-02-18 15:15:56.059][warn ][command:0dab64fc-ab64-4244-a01e-61bd5065c757][tid:694][com.facebook.buck.event.listener.LoggingBuildListener] The rule //app:app could not be found.
Please check the spelling and whether it exists in /Users/yanxianwei/AndroidStudioProjects/ForTest/app/BUCK.
[2019-02-18 15:15:56.059][debug][command:0dab64fc-ab64-4244-a01e-61bd5065c757][tid:686][com.facebook.buck.util.perf.ProcessTracker] shutDown
[2019-02-18 15:15:56.059][debug][command:0dab64fc-ab64-4244-a01e-61bd5065c757][tid:685][com.google.common.util.concurrent.ServiceManager] Service PerfStatsTracking [TERMINATED] has terminated. Previous state was: STOPPING
[2019-02-18 15:15:56.059][debug][command:0dab64fc-ab64-4244-a01e-61bd5065c757][tid:14][com.facebook.buck.event.listener.SuperConsoleEventBusListener] Stopping render scheduler
[2019-02-18 15:15:56.060][debug][command:0dab64fc-ab64-4244-a01e-61bd5065c757][tid:686][com.google.common.util.concurrent.ServiceManager] Service ProcessTracker [TERMINATED] has terminated. Previous state was: STOPPING
[2019-02-18 15:15:56.060][info ][command:0dab64fc-ab64-4244-a01e-61bd5065c757][tid:14][com.facebook.buck.cli.Main] Awaiting termination of PROJECT executor service. Waiting for all jobs to complete, or up to maximum of 60 seconds...
[2019-02-18 15:15:56.060][info ][command:0dab64fc-ab64-4244-a01e-61bd5065c757][tid:14][com.facebook.buck.cli.Main] Successfully terminated PROJECT executor service.
[2019-02-18 15:15:56.060][info ][command:0dab64fc-ab64-4244-a01e-61bd5065c757][tid:14][com.facebook.buck.cli.Main] Awaiting termination of NETWORK executor service. Waiting for all jobs to complete, or up to maximum of 60 seconds...
[2019-02-18 15:15:56.060][info ][command:0dab64fc-ab64-4244-a01e-61bd5065c757][tid:14][com.facebook.buck.cli.Main] Successfully terminated NETWORK executor service.
[2019-02-18 15:15:56.060][info ][command:0dab64fc-ab64-4244-a01e-61bd5065c757][tid:14][com.facebook.buck.cli.Main] Awaiting termination of CPU executor service. Waiting for all jobs to complete, or up to maximum of 60 seconds...
[2019-02-18 15:15:56.060][info ][command:0dab64fc-ab64-4244-a01e-61bd5065c757][tid:14][com.facebook.buck.cli.Main] Successfully terminated CPU executor service.
[2019-02-18 15:15:56.061][info ][command:0dab64fc-ab64-4244-a01e-61bd5065c757][tid:14][com.facebook.buck.cli.Main] Awaiting termination of ScheduledExecutorService executor service. Waiting for all jobs to complete, or up to maximum of 60 seconds...
[2019-02-18 15:15:56.061][info ][command:0dab64fc-ab64-4244-a01e-61bd5065c757][tid:14][com.facebook.buck.cli.Main] Successfully terminated ScheduledExecutorService executor service.
[2019-02-18 15:15:56.061][info ][command:0dab64fc-ab64-4244-a01e-61bd5065c757][tid:14][com.facebook.buck.cli.Main] Awaiting termination of CounterAggregatorExecutor executor service. Waiting for all jobs to complete, or up to maximum of 20 seconds...
[2019-02-18 15:15:56.061][info ][command:0dab64fc-ab64-4244-a01e-61bd5065c757][tid:14][com.facebook.buck.cli.Main] Successfully terminated CounterAggregatorExecutor executor service.
[2019-02-18 15:15:56.061][info ][command:0dab64fc-ab64-4244-a01e-61bd5065c757][tid:14][com.facebook.buck.cli.Main] Awaiting termination of HTTP Read executor service. Waiting for all jobs to complete, or up to maximum of 1800 seconds...
[2019-02-18 15:15:56.061][info ][command:0dab64fc-ab64-4244-a01e-61bd5065c757][tid:14][com.facebook.buck.cli.Main] Successfully terminated HTTP Read executor service.
[2019-02-18 15:15:56.061][info ][command:0dab64fc-ab64-4244-a01e-61bd5065c757][tid:14][com.facebook.buck.cli.Main] Awaiting termination of Download Heavy Build HTTP Read executor service. Waiting for all jobs to complete, or up to maximum of 1800 seconds...
[2019-02-18 15:15:56.061][info ][command:0dab64fc-ab64-4244-a01e-61bd5065c757][tid:14][com.facebook.buck.cli.Main] Successfully terminated Download Heavy Build HTTP Read executor service.
[2019-02-18 15:15:56.061][info ][command:0dab64fc-ab64-4244-a01e-61bd5065c757][tid:14][com.facebook.buck.cli.Main] Awaiting termination of HTTP Write executor service. Waiting for all jobs to complete, or up to maximum of 1800 seconds...
[2019-02-18 15:15:56.061][info ][command:0dab64fc-ab64-4244-a01e-61bd5065c757][tid:14][com.facebook.buck.cli.Main] Successfully terminated HTTP Write executor service.
[2019-02-18 15:15:56.061][info ][command:0dab64fc-ab64-4244-a01e-61bd5065c757][tid:14][com.facebook.buck.cli.Main] Awaiting termination of Disk IO executor service. Waiting for all jobs to complete, or up to maximum of 10 seconds...
[2019-02-18 15:15:56.061][info ][command:0dab64fc-ab64-4244-a01e-61bd5065c757][tid:14][com.facebook.buck.cli.Main] Successfully terminated Disk IO executor service.
[2019-02-18 15:15:56.061][debug][command:null][tid:47][com.facebook.buck.io.AsynchronousDirectoryContentsCleaner] Starting to clean buck-out/.trash
[2019-02-18 15:15:56.061][debug][command:null][tid:47][com.facebook.buck.io.AsynchronousDirectoryContentsCleaner] Starting to clean buck-out/.trash
[2019-02-18 15:15:56.061][debug][command:null][tid:47][com.facebook.buck.io.AsynchronousDirectoryContentsCleaner] Done cleaning buck-out/.trash
[2019-02-18 15:15:56.061][debug][command:null][tid:47][com.facebook.buck.io.AsynchronousDirectoryContentsCleaner] Done cleaning buck-out/.trash
[2019-02-18 15:15:56.061][debug][command:null][tid:566][com.facebook.buck.event.listener.ChromeTraceBuildListener] Writing Chrome trace to buck-out/log/2019-02-18_07h15m51s_targetscommand_0dab64fc-ab64-4244-a01e-61bd5065c757/build.2019-02-18.15-15-51.0dab64fc-ab64-4244-a01e-61bd5065c757.trace
[2019-02-18 15:15:56.066][debug][command:null][tid:14][com.facebook.buck.cli.Main] Done.
[2019-02-18 15:15:56.066][info ][command:null][tid:14][com.facebook.nailgun.NGSession] Nail cleanly exited with status 5
[2019-02-18 15:15:56.067][debug][command:null][tid:14][com.facebook.nailgun.NGCommunicator] Shutting down socket for input
[2019-02-18 15:15:56.067][debug][command:null][tid:14][com.facebook.nailgun.NGCommunicator] Shutting down socket for output
[2019-02-18 15:15:56.067][debug][command:null][tid:679][com.facebook.nailgun.NGCommunicator] Socket is disconnected
[2019-02-18 15:15:56.067][debug][command:null][tid:14][com.facebook.nailgun.NGCommunicator] Shutting down read ExecutorService
[2019-02-18 15:15:56.067][debug][command:null][tid:679][com.facebook.nailgun.NGCommunicator] Nailgun client disconnected
[2019-02-18 15:15:56.067][debug][command:null][tid:679][com.facebook.nailgun.NGCommunicator] Orchestrator thread finished
[2019-02-18 15:15:56.067][debug][command:null][tid:14][com.facebook.nailgun.NGCommunicator] Shutting down orchestrator ExecutorService
[2019-02-18 15:15:56.067][debug][command:null][tid:14][com.facebook.nailgun.NGSession] NGSession 1 is closing client socket
[2019-02-18 15:17:09.712][debug][command:null][tid:14][com.facebook.nailgun.NGSession] NGSession 1 accepted new connection
[2019-02-18 15:17:09.715][debug][command:null][tid:700][com.facebook.nailgun.NGCommunicator] Orchestrator thread started
[2019-02-18 15:17:09.726][debug][command:null][tid:14][com.facebook.nailgun.NGCommunicator] Shutting down socket for input
[2019-02-18 15:17:09.726][debug][command:null][tid:700][com.facebook.nailgun.NGCommunicator] Socket is disconnected
[2019-02-18 15:17:09.726][debug][command:null][tid:14][com.facebook.nailgun.NGCommunicator] Shutting down socket for output
[2019-02-18 15:17:09.726][debug][command:null][tid:700][com.facebook.nailgun.NGCommunicator] Nailgun client disconnected
[2019-02-18 15:17:09.726][debug][command:null][tid:14][com.facebook.nailgun.NGCommunicator] Shutting down read ExecutorService
[2019-02-18 15:17:09.726][debug][command:null][tid:700][com.facebook.nailgun.NGCommunicator] Orchestrator thread finished
[2019-02-18 15:17:09.726][debug][command:null][tid:14][com.facebook.nailgun.NGCommunicator] Shutting down orchestrator ExecutorService
[2019-02-18 15:17:09.727][debug][command:null][tid:14][com.facebook.nailgun.NGSession] NGSession 1 is closing client socket
[2019-02-18 15:17:09.728][debug][command:null][tid:14][com.facebook.nailgun.NGSession] NGSession 1 stopped
