[2019-02-17 23:24:36.151][debug][command:null][tid:14][com.facebook.buck.cli.Main] Starting up (build date 1970-01-01 07:59:59 +0800, rev c0e4f9faf28e8d1629889e442a8efe2b52f535f6), args: [project, --config-file, .okbuck/config/okbuck.buckconfig]
[2019-02-17 23:24:36.157][debug][command:null][tid:14][com.facebook.buck.cli.Main] System properties: {java.vendor=Oracle Corporation, sun.java.launcher=SUN_STANDARD, sun.management.compiler=HotSpot 64-Bit Tiered Compilers, jnidispatch.path=/Users/yanxianwei/AndroidStudioProjects/ForTest/.buckd/tmp/buck_run.zQfiLd/jna--871816553/jna1635443236245803316.tmp, os.name=Mac OS X, buck.enable_objc=true, sun.boot.class.path=/Library/Java/JavaVirtualMachines/jdk1.8.0_202.jdk/Contents/Home/jre/lib/resources.jar:/Library/Java/JavaVirtualMachines/jdk1.8.0_202.jdk/Contents/Home/jre/lib/rt.jar:/Library/Java/JavaVirtualMachines/jdk1.8.0_202.jdk/Contents/Home/jre/lib/sunrsasign.jar:/Library/Java/JavaVirtualMachines/jdk1.8.0_202.jdk/Contents/Home/jre/lib/jsse.jar:/Library/Java/JavaVirtualMachines/jdk1.8.0_202.jdk/Contents/Home/jre/lib/jce.jar:/Library/Java/JavaVirtualMachines/jdk1.8.0_202.jdk/Contents/Home/jre/lib/charsets.jar:/Library/Java/JavaVirtualMachines/jdk1.8.0_202.jdk/Contents/Home/jre/lib/jfr.jar:/Library/Java/JavaVirtualMachines/jdk1.8.0_202.jdk/Contents/Home/jre/classes, buck.module.resources=/Users/yanxianwei/AndroidStudioProjects/ForTest/.buckd/resources/c0e4f9faf28e8d1629889e442a8efe2b52f535f6/buck-modules-resources, pf4j.pluginsDir=/Users/yanxianwei/AndroidStudioProjects/ForTest/.buckd/resources/c0e4f9faf28e8d1629889e442a8efe2b52f535f6/buck-modules, buck.resource_lock_path=/Users/yanxianwei/AndroidStudioProjects/ForTest/.buckd/resources/c0e4f9faf28e8d1629889e442a8efe2b52f535f6/.buck_lock, buck.path_to_isolated_trampoline=/Users/yanxianwei/AndroidStudioProjects/ForTest/.buckd/resources/c0e4f9faf28e8d1629889e442a8efe2b52f535f6/path_to_isolated_trampoline, java.vm.specification.vendor=Oracle Corporation, java.runtime.version=1.8.0_202-b08, jna.loaded=true, buck.testrunner_classes=/Users/yanxianwei/AndroidStudioProjects/ForTest/.buckd/resources/c0e4f9faf28e8d1629889e442a8efe2b52f535f6/testrunner_classes, buck.logging_config_file=/Users/yanxianwei/AndroidStudioProjects/ForTest/.buckd/resources/c0e4f9faf28e8d1629889e442a8efe2b52f535f6/logging_config_file, buck.path_to_sh_binary_template=/Users/yanxianwei/AndroidStudioProjects/ForTest/.buckd/resources/c0e4f9faf28e8d1629889e442a8efe2b52f535f6/path_to_sh_binary_template, user.name=yanxianwei, com.facebook.nailgun.NGServer.outputPath=/Users/yanxianwei/AndroidStudioProjects/ForTest/.buckd/tmp/buck_run.zQfiLd/ngserver-out, socksProxyHost=127.0.0.1, buck.path_to_pywatchman=/Users/yanxianwei/AndroidStudioProjects/ForTest/.buckd/resources/c0e4f9faf28e8d1629889e442a8efe2b52f535f6/path_to_pywatchman, buck.report_generator_jar=/Users/yanxianwei/AndroidStudioProjects/ForTest/.buckd/resources/c0e4f9faf28e8d1629889e442a8efe2b52f535f6/report_generator_jar, buck.git_commit=c0e4f9faf28e8d1629889e442a8efe2b52f535f6, user.language=zh, sun.boot.library.path=/Library/Java/JavaVirtualMachines/jdk1.8.0_202.jdk/Contents/Home/jre/lib, jna.nosys=true, java.version=1.8.0_202, user.timezone=Asia/Shanghai, buck.test_util_no_tests_dir=true, sun.arch.data.model=64, http.nonProxyHosts=127.0.0.1|192.168.0.0/16|*.192.168.0.0/16|10.0.0.0/8|*.10.0.0.0/8|localhost|*.localhost, java.endorsed.dirs=/Library/Java/JavaVirtualMachines/jdk1.8.0_202.jdk/Contents/Home/jre/lib/endorsed, sun.cpu.isalist=, sun.jnu.encoding=UTF-8, file.encoding.pkg=sun.io, file.separator=/, java.specification.name=Java Platform API Specification, buck.jacoco_agent_jar=/Users/yanxianwei/AndroidStudioProjects/ForTest/.buckd/resources/c0e4f9faf28e8d1629889e442a8efe2b52f535f6/jacoco_agent_jar, java.class.version=52.0, jetty.git.hash=1f8159b1e4a42d3f79997021ea1609f2fbac6de5, user.country=CN, buck.binary_hash=c5d497a6ded8a1712e657140816688a9, java.home=/Library/Java/JavaVirtualMachines/jdk1.8.0_202.jdk/Contents/Home/jre, buck.fix_script=/Users/yanxianwei/AndroidStudioProjects/ForTest/.buckd/resources/c0e4f9faf28e8d1629889e442a8efe2b52f535f6/fix_script, java.vm.info=mixed mode, os.version=10.14.1, buck.version_uid=c0e4f9faf28e8d1629889e442a8efe2b52f535f6, org.eclipse.jetty.util.log.class=org.eclipse.jetty.util.log.JavaUtilLog, path.separator=:, java.vm.version=25.202-b08, java.awt.printerjob=sun.lwawt.macosx.CPrinterJob, sun.io.unicode.encoding=UnicodeBig, awt.toolkit=sun.lwawt.macosx.LWCToolkit, buck.mode=package, buck.buck_build_type_info=/Users/yanxianwei/AndroidStudioProjects/ForTest/.buckd/resources/c0e4f9faf28e8d1629889e442a8efe2b52f535f6/buck_build_type_info, socksNonProxyHosts=127.0.0.1|192.168.0.0/16|*.192.168.0.0/16|10.0.0.0/8|*.10.0.0.0/8|localhost|*.localhost, ftp.nonProxyHosts=127.0.0.1|192.168.0.0/16|*.192.168.0.0/16|10.0.0.0/8|*.10.0.0.0/8|localhost|*.localhost, buck.dx=/Users/yanxianwei/AndroidStudioProjects/ForTest/.buckd/resources/c0e4f9faf28e8d1629889e442a8efe2b52f535f6/dx, buck.git_commit_timestamp=-1, user.home=/Users/yanxianwei, socksProxyPort=1086, java.specification.vendor=Oracle Corporation, buck.git_dirty=0, java.library.path=/Users/yanxianwei/AndroidStudioProjects/ForTest/.buckd/resources/c0e4f9faf28e8d1629889e442a8efe2b52f535f6, java.vendor.url=http://java.oracle.com/, java.vm.vendor=Oracle Corporation, gopherProxySet=false, java.runtime.name=Java(TM) SE Runtime Environment, sun.java.command=com.facebook.buck.cli.bootstrapper.ClassLoaderBootstrapper com.facebook.buck.cli.Main$DaemonBootstrap local:.buckd/sock 180000, java.class.path=/Users/yanxianwei/AndroidStudioProjects/ForTest/.buckd/resources/c0e4f9faf28e8d1629889e442a8efe2b52f535f6/bootstrapper_jar, buck.buckd_dir=/Users/yanxianwei/AndroidStudioProjects/ForTest/.buckd, buck.path_to_pathlib_py=/Users/yanxianwei/AndroidStudioProjects/ForTest/.buckd/resources/c0e4f9faf28e8d1629889e442a8efe2b52f535f6/pathlib.py, buck.buckd_launch_time_nanos=15083298999215, java.vm.specification.name=Java Virtual Machine Specification, java.vm.specification.version=1.8, sun.cpu.endian=little, sun.os.patch.level=unknown, java.awt.headless=true, java.io.tmpdir=/Users/yanxianwei/AndroidStudioProjects/ForTest/.buckd/tmp/buck_run.zQfiLd, buck.android_agent_path=/Users/yanxianwei/AndroidStudioProjects/ForTest/.buckd/resources/c0e4f9faf28e8d1629889e442a8efe2b52f535f6/android_agent_path, java.vendor.url.bug=http://bugreport.sun.com/bugreport/, buck.path_to_python_dsl=, jna.platform.library.path=/usr/lib:/usr/lib, os.arch=x86_64, java.awt.graphicsenv=sun.awt.CGraphicsEnvironment, java.ext.dirs=/Users/yanxianwei/Library/Java/Extensions:/Library/Java/JavaVirtualMachines/jdk1.8.0_202.jdk/Contents/Home/jre/lib/ext:/Library/Java/Extensions:/Network/Library/Java/Extensions:/System/Library/Java/Extensions:/usr/lib/java, java.util.logging.config.class=com.facebook.buck.cli.bootstrapper.LogConfig, buck.path_to_six_py=/Users/yanxianwei/AndroidStudioProjects/ForTest/.buckd/resources/c0e4f9faf28e8d1629889e442a8efe2b52f535f6/six.py, user.dir=/Users/yanxianwei/AndroidStudioProjects/ForTest, java.nio.file.spi.DefaultFileSystemProvider=com.facebook.buck.cli.bootstrapper.filesystem.BuckFileSystemProvider, line.separator=
, java.vm.name=Java HotSpot(TM) 64-Bit Server VM, buck.path_to_typing=/Users/yanxianwei/AndroidStudioProjects/ForTest/.buckd/resources/c0e4f9faf28e8d1629889e442a8efe2b52f535f6/path_to_typing, buck.native_exopackage_fake_path=/Users/yanxianwei/AndroidStudioProjects/ForTest/.buckd/resources/c0e4f9faf28e8d1629889e442a8efe2b52f535f6/native_exopackage_fake_path, file.encoding=UTF-8, java.specification.version=1.8}
[2019-02-17 23:24:36.157][debug][command:null][tid:14][com.facebook.buck.util.config.Configs] Loaded a configuration file /Users/yanxianwei/AndroidStudioProjects/ForTest/.okbuck/config/okbuck.buckconfig: {android={build_tools_version=28.0.2, target=android-28}, kotlin={kotlin_home=//.okbuck/workspace/kotlin_home:kotlin_home}, tools={proguard=//.okbuck/ext/net/sf/proguard:proguard-base-6.0.3.jar}, maven_repositories={google=https://dl.google.com/dl/android/maven2/, bintrayjcenter=https://jcenter.bintray.com/, maven=https://jitpack.io}, download={in_build=true, max_number_of_retries=3}}
[2019-02-17 23:24:36.157][debug][command:null][tid:14][com.facebook.buck.util.config.Configs] Loaded a configuration file .okbuck/config/okbuck.buckconfig, {android={build_tools_version=28.0.2, target=android-28}, kotlin={kotlin_home=//.okbuck/workspace/kotlin_home:kotlin_home}, tools={proguard=//.okbuck/ext/net/sf/proguard:proguard-base-6.0.3.jar}, maven_repositories={google=https://dl.google.com/dl/android/maven2/, bintrayjcenter=https://jcenter.bintray.com/, maven=https://jitpack.io}, download={in_build=true, max_number_of_retries=3}}
[2019-02-17 23:24:36.158][debug][command:null][tid:14][com.facebook.buck.util.config.Configs] Loading configuration for /Users/yanxianwei/AndroidStudioProjects/ForTest
[2019-02-17 23:24:36.159][debug][command:null][tid:14][com.facebook.buck.util.config.Configs] Loaded project configuration file /Users/yanxianwei/AndroidStudioProjects/ForTest/.buckconfig
[2019-02-17 23:24:36.159][debug][command:null][tid:14][com.facebook.buck.util.config.Configs] Adding configuration overrides RawConfig{values={android={build_tools_version=28.0.2, target=android-28}, kotlin={kotlin_home=//.okbuck/workspace/kotlin_home:kotlin_home}, tools={proguard=//.okbuck/ext/net/sf/proguard:proguard-base-6.0.3.jar}, maven_repositories={google=https://dl.google.com/dl/android/maven2/, bintrayjcenter=https://jcenter.bintray.com/, maven=https://jitpack.io}, download={in_build=true, max_number_of_retries=3}}}
[2019-02-17 23:24:36.161][info ][command:null][tid:14][com.facebook.buck.io.watchman.WatchmanFactory] Creating for: [/Users/yanxianwei/AndroidStudioProjects/ForTest]
[2019-02-17 23:24:36.163][debug][command:null][tid:14][com.facebook.buck.io.ExecutableFinder] Executable 'watchman' mapped to 'Optional[/usr/local/bin/watchman]'
[2019-02-17 23:24:36.163][debug][command:null][tid:14][com.facebook.buck.util.ListeningProcessExecutor] Launching process with params ProcessExecutorParams{command=[/usr/local/bin/watchman, --output-encoding=bser, get-sockname]}
[2019-02-17 23:24:36.164][debug][command:null][tid:14][com.facebook.buck.util.ListeningProcessExecutor] Successfully launched process com.zaxxer.nuprocess.osx.OsxProcess@3dfb9ebd
[2019-02-17 23:24:36.164][debug][command:null][tid:14][com.facebook.buck.util.ListeningProcessExecutor] Waiting for process com.facebook.buck.util.ListeningProcessExecutor$LaunchedProcessImpl@cfd9adb timeout 1000000000 NANOSECONDS
[2019-02-17 23:24:36.181][debug][command:null][tid:14][com.facebook.buck.util.ListeningProcessExecutor] Wait for process returned 0
[2019-02-17 23:24:36.181][debug][command:null][tid:14][com.facebook.buck.io.watchman.WatchmanFactory] Waited 16 ms for Watchman command get-sockname, exit code 0
[2019-02-17 23:24:36.181][debug][command:null][tid:14][com.facebook.buck.io.watchman.WatchmanFactory] stdout of command: {sockname=/usr/local/var/run/watchman/yanxianwei-state/sock, version=4.9.0}
[2019-02-17 23:24:36.181][info ][command:null][tid:14][com.facebook.buck.io.watchman.WatchmanFactory] Connecting to Watchman version 4.9.0 at /usr/local/var/run/watchman/yanxianwei-state/sock
[2019-02-17 23:24:36.182][debug][command:null][tid:14][com.facebook.buck.io.watchman.WatchmanTransportClient] Query [version, {required=[cmd-watch-project], optional=[term-dirname, cmd-watch-project, wildmatch, wildmatch_multislash, glob_generator, clock-sync-timeout]}] returned in 0 ms
[2019-02-17 23:24:36.182][info ][command:null][tid:14][com.facebook.buck.io.watchman.WatchmanFactory] Took 0 ms to query capabilities {term-dirname=DIRNAME, cmd-watch-project=SUPPORTS_PROJECT_WATCH, wildmatch=WILDMATCH_GLOB, wildmatch_multislash=WILDMATCH_MULTISLASH, glob_generator=GLOB_GENERATOR, clock-sync-timeout=CLOCK_SYNC_TIMEOUT}
[2019-02-17 23:24:36.182][debug][command:null][tid:14][com.facebook.buck.io.watchman.WatchmanFactory] Got capabilities response: {clock-sync-timeout=true, glob_generator=true, wildmatch_multislash=false, cmd-watch-project=true, wildmatch=true, term-dirname=true}
[2019-02-17 23:24:36.182][debug][command:null][tid:14][com.facebook.buck.io.watchman.WatchmanFactory] Got Watchman capabilities: [CLOCK_SYNC_TIMEOUT, GLOB_GENERATOR, SUPPORTS_PROJECT_WATCH, WILDMATCH_GLOB, DIRNAME]
[2019-02-17 23:24:36.182][info ][command:null][tid:14][com.facebook.buck.io.watchman.WatchmanFactory] Adding watchman root: /Users/yanxianwei/AndroidStudioProjects/ForTest
[2019-02-17 23:24:36.183][debug][command:null][tid:14][com.facebook.buck.io.watchman.WatchmanTransportClient] Query [watch-project, /Users/yanxianwei/AndroidStudioProjects/ForTest] returned in 0 ms
[2019-02-17 23:24:36.183][debug][command:null][tid:14][com.facebook.buck.io.watchman.WatchmanTransportClient] Query [watch-project, /Users/yanxianwei/AndroidStudioProjects/ForTest] returned in 0 ms
[2019-02-17 23:24:36.183][info ][command:null][tid:14][com.facebook.buck.io.watchman.WatchmanFactory] Took 0 ms to add root /Users/yanxianwei/AndroidStudioProjects/ForTest
[2019-02-17 23:24:36.191][debug][command:null][tid:14][com.facebook.buck.io.watchman.WatchmanTransportClient] Query [clock, /Users/yanxianwei/AndroidStudioProjects, {sync_timeout=100}] returned in 7 ms
[2019-02-17 23:24:36.191][info ][command:null][tid:14][com.facebook.buck.io.watchman.WatchmanFactory] Took 8 ms to query for initial clock id Optional[c:1550219919:5416:4:2217]
[2019-02-17 23:24:36.191][debug][command:null][tid:14][com.facebook.buck.io.watchman.WatchmanFactory] Connected to Watchman
[2019-02-17 23:24:36.191][debug][command:null][tid:14][com.facebook.buck.io.watchman.WatchmanTransportClient] Closing Watchman transport.
[2019-02-17 23:24:36.192][debug][command:null][tid:14][com.facebook.buck.cli.Main] Watchman capabilities: [CLOCK_SYNC_TIMEOUT, GLOB_GENERATOR, SUPPORTS_PROJECT_WATCH, WILDMATCH_GLOB, DIRNAME] Project watches: {/Users/yanxianwei/AndroidStudioProjects/ForTest=ProjectWatch{watchRoot=/Users/yanxianwei/AndroidStudioProjects, projectPrefix=ForTest}} Glob handler config: WATCHMAN Query timeout ms config: Optional.empty
[2019-02-17 23:24:36.192][debug][command:null][tid:14][com.facebook.buck.util.config.Configs] Loaded a configuration file /Users/yanxianwei/AndroidStudioProjects/ForTest/.okbuck/config/okbuck.buckconfig: {android={build_tools_version=28.0.2, target=android-28}, kotlin={kotlin_home=//.okbuck/workspace/kotlin_home:kotlin_home}, tools={proguard=//.okbuck/ext/net/sf/proguard:proguard-base-6.0.3.jar}, maven_repositories={google=https://dl.google.com/dl/android/maven2/, bintrayjcenter=https://jcenter.bintray.com/, maven=https://jitpack.io}, download={in_build=true, max_number_of_retries=3}}
[2019-02-17 23:24:36.192][debug][command:null][tid:14][com.facebook.buck.util.config.Configs] Loaded a configuration file .okbuck/config/okbuck.buckconfig, {android={build_tools_version=28.0.2, target=android-28}, kotlin={kotlin_home=//.okbuck/workspace/kotlin_home:kotlin_home}, tools={proguard=//.okbuck/ext/net/sf/proguard:proguard-base-6.0.3.jar}, maven_repositories={google=https://dl.google.com/dl/android/maven2/, bintrayjcenter=https://jcenter.bintray.com/, maven=https://jitpack.io}, download={in_build=true, max_number_of_retries=3}}
[2019-02-17 23:24:36.202][debug][command:1bd3af3d-c3bb-4325-8e14-315abbc70030][tid:14][com.facebook.buck.event.listener.SuperConsoleEventBusListener] Starting render scheduler (interval 100 ms)
[2019-02-17 23:24:36.203][debug][command:1bd3af3d-c3bb-4325-8e14-315abbc70030][tid:14][com.google.common.util.concurrent.ServiceManager] Starting PerfStatsTracking [STARTING].
[2019-02-17 23:24:36.204][debug][command:1bd3af3d-c3bb-4325-8e14-315abbc70030][tid:14][com.google.common.util.concurrent.ServiceManager] Starting ProcessTracker [STARTING].
[2019-02-17 23:24:36.204][debug][command:null][tid:196][com.facebook.buck.util.perf.ProcessTracker] startUp
[2019-02-17 23:24:36.204][debug][command:null][tid:195][com.google.common.util.concurrent.ServiceManager] Started PerfStatsTracking [RUNNING] in 805.3 μs.
[2019-02-17 23:24:36.205][debug][command:1bd3af3d-c3bb-4325-8e14-315abbc70030][tid:14][com.facebook.buck.util.environment.MacWifiSsidFinder] Getting current SSID..
[2019-02-17 23:24:36.206][debug][command:1bd3af3d-c3bb-4325-8e14-315abbc70030][tid:14][com.facebook.buck.util.environment.MacWifiSsidFinder] Getting SSID from Wi-Fi interface: <CWInterface: 0x7ff1f97f7340> [interfaceName=en0]
[2019-02-17 23:24:36.206][debug][command:null][tid:196][com.google.common.util.concurrent.ServiceManager] Started ProcessTracker [RUNNING] in 2.713 ms.
[2019-02-17 23:24:36.207][debug][command:1bd3af3d-c3bb-4325-8e14-315abbc70030][tid:14][com.facebook.buck.util.environment.MacWifiSsidFinder] Found SSID: Tenda_FDDB20_5G
[2019-02-17 23:24:36.207][debug][command:1bd3af3d-c3bb-4325-8e14-315abbc70030][tid:14][com.facebook.buck.cli.Main] InvocationInfo BuildId=[1bd3af3d-c3bb-4325-8e14-315abbc70030] Args=[project, --config-file, .okbuck/config/okbuck.buckconfig]
[2019-02-17 23:24:36.210][warn ][command:null][tid:199][com.facebook.buck.event.listener.PublicAnnouncementManager] Failed to get public announcements. Reason: Failed to establish connection to server.
[2019-02-17 23:24:36.210][debug][command:null][tid:200][com.facebook.buck.util.environment.MacNetworkConfiguration] Determine network service order and extract device names
[2019-02-17 23:24:36.210][debug][command:null][tid:200][com.facebook.buck.util.ListeningProcessExecutor] Launching process with params ProcessExecutorParams{command=[networksetup, -listnetworkserviceorder, ]}
[2019-02-17 23:24:36.212][debug][command:null][tid:200][com.facebook.buck.util.ListeningProcessExecutor] Successfully launched process com.zaxxer.nuprocess.osx.OsxProcess@329bf588
[2019-02-17 23:24:36.213][debug][command:null][tid:200][com.facebook.buck.util.ListeningProcessExecutor] Waiting for process com.facebook.buck.util.ListeningProcessExecutor$LaunchedProcessImpl@47fc07d2 timeout 1000 MILLISECONDS
[2019-02-17 23:24:36.243][debug][command:null][tid:200][com.facebook.buck.util.ListeningProcessExecutor] Wait for process returned 0
[2019-02-17 23:24:36.243][debug][command:null][tid:200][com.facebook.buck.util.ListeningProcessExecutor] Destroying process com.facebook.buck.util.ListeningProcessExecutor$LaunchedProcessImpl@47fc07d2 (force true)
[2019-02-17 23:24:36.244][debug][command:null][tid:200][com.facebook.buck.util.environment.MacNetworkConfiguration] Determine active state of media for device
[2019-02-17 23:24:36.244][debug][command:null][tid:200][com.facebook.buck.util.ListeningProcessExecutor] Launching process with params ProcessExecutorParams{command=[networksetup, -getMedia, en0]}
[2019-02-17 23:24:36.248][debug][command:null][tid:200][com.facebook.buck.util.ListeningProcessExecutor] Successfully launched process com.zaxxer.nuprocess.osx.OsxProcess@755145d4
[2019-02-17 23:24:36.248][debug][command:null][tid:200][com.facebook.buck.util.ListeningProcessExecutor] Waiting for process com.facebook.buck.util.ListeningProcessExecutor$LaunchedProcessImpl@6f374c6c timeout 1000 MILLISECONDS
[2019-02-17 23:24:36.281][debug][command:null][tid:200][com.facebook.buck.util.ListeningProcessExecutor] Wait for process returned 0
[2019-02-17 23:24:36.281][debug][command:null][tid:200][com.facebook.buck.util.ListeningProcessExecutor] Destroying process com.facebook.buck.util.ListeningProcessExecutor$LaunchedProcessImpl@6f374c6c (force true)
[2019-02-17 23:24:36.281][debug][command:null][tid:200][com.facebook.buck.util.environment.MacNetworkConfiguration] Determine WiFi SSID of device
[2019-02-17 23:24:36.282][debug][command:null][tid:200][com.facebook.buck.util.ListeningProcessExecutor] Launching process with params ProcessExecutorParams{command=[networksetup, -getairportnetwork, en0]}
[2019-02-17 23:24:36.284][debug][command:null][tid:200][com.facebook.buck.util.ListeningProcessExecutor] Successfully launched process com.zaxxer.nuprocess.osx.OsxProcess@b631956
[2019-02-17 23:24:36.285][debug][command:null][tid:200][com.facebook.buck.util.ListeningProcessExecutor] Waiting for process com.facebook.buck.util.ListeningProcessExecutor$LaunchedProcessImpl@8bc70cc timeout 1000 MILLISECONDS
[2019-02-17 23:24:36.316][debug][command:null][tid:200][com.facebook.buck.util.ListeningProcessExecutor] Wait for process returned 0
[2019-02-17 23:24:36.316][debug][command:null][tid:200][com.facebook.buck.util.ListeningProcessExecutor] Destroying process com.facebook.buck.util.ListeningProcessExecutor$LaunchedProcessImpl@8bc70cc (force true)
[2019-02-17 23:24:41.233][debug][command:null][tid:206][com.facebook.buck.io.watchman.WatchmanTransportClient] Query [query, /Users/yanxianwei/AndroidStudioProjects, {since=c:1550219919:5416:4:2206, expression=[not, [anyof, [type, d], [dirname, .idea], [dirname, .buckd], [dirname, buck-out/cache], [dirname, .git], [dirname, .gradle], [dirname, local.properties], [dirname, buck-out/.trash], [dirname, buck-out], [match, **/.DS_Store, wholename, {includedotfiles=true}], [match, **/*.iml, wholename, {includedotfiles=true}], [match, **/*.pbxproj, wholename, {includedotfiles=true}], [match, **/*.xcscheme, wholename, {includedotfiles=true}], [match, **/*.xcworkspacedata, wholename, {includedotfiles=true}], [match, **/*~, wholename, {includedotfiles=true}], [match, **/#*#, wholename, {includedotfiles=true}], [match, **/.#*, wholename, {includedotfiles=true}], [match, **/*.swo, wholename, {includedotfiles=true}], [match, **/*.swp, wholename, {includedotfiles=true}], [match, **/*.swpx, wholename, {includedotfiles=true}], [match, **/*.un~, wholename, {includedotfiles=true}], [match, **/*.netrhwist, wholename, {includedotfiles=true}], [match, .idea, wholename, {includedotfiles=true}], [match, .iml, wholename, {includedotfiles=true}], [match, **/*.pydevproject, wholename, {includedotfiles=true}], [match, .project, wholename, {includedotfiles=true}], [match, .metadata, wholename, {includedotfiles=true}], [match, **/*.tmp, wholename, {includedotfiles=true}], [match, **/*.bak, wholename, {includedotfiles=true}], [match, **/*.nib, wholename, {includedotfiles=true}], [match, .classpath, wholename, {includedotfiles=true}], [match, .settings, wholename, {includedotfiles=true}], [match, .loadpath, wholename, {includedotfiles=true}], [match, .externalToolBuilders, wholename, {includedotfiles=true}], [match, .cproject, wholename, {includedotfiles=true}], [match, .buildpath, wholename, {includedotfiles=true}], [match, .DS_Store, wholename, {includedotfiles=true}], [match, .AppleDouble, wholename, {includedotfiles=true}], [match, .LSOverride, wholename, {includedotfiles=true}], [match, .Spotlight-V100, wholename, {includedotfiles=true}], [match, .Trashes, wholename, {includedotfiles=true}], [match, $RECYCLE.BIN, wholename, {includedotfiles=true}], [match, **/*.sublime-workspace, wholename, {includedotfiles=true}]]], empty_on_fresh_instance=true, fields=[name, exists, new], relative_root=ForTest}] returned in 14 ms
[2019-02-17 23:24:41.237][debug][command:null][tid:206][com.facebook.buck.io.watchman.WatchmanWatcher] Updating Watchman Cursor from c:1550219919:5416:4:2206 to c:1550219919:5416:4:2221
[2019-02-17 23:24:41.237][warn ][command:null][tid:206][com.facebook.buck.io.watchman.WatchmanWatcher] Posting WatchEvent: WatchmanPathEvent{cellPath=/Users/yanxianwei/AndroidStudioProjects/ForTest, kind=DELETE, path=.watchman-cookie-yandeMacBook-Pro.local-5416-77}
[2019-02-17 23:24:41.238][debug][command:null][tid:206][com.facebook.buck.parser.DaemonicCellState] Invalidating target for path /Users/yanxianwei/AndroidStudioProjects/ForTest/BUCK: //:antma.keystore
[2019-02-17 23:24:41.238][warn ][command:null][tid:206][com.facebook.buck.io.watchman.WatchmanWatcher] Posting WatchEvent: WatchmanPathEvent{cellPath=/Users/yanxianwei/AndroidStudioProjects/ForTest, kind=DELETE, path=.watchman-cookie-yandeMacBook-Pro.local-5416-76}
[2019-02-17 23:24:41.238][debug][command:1bd3af3d-c3bb-4325-8e14-315abbc70030][tid:204][com.facebook.buck.event.listener.SuperConsoleEventBusListener] Watchman notified about file deletion: WatchmanPathEvent{cellPath=/Users/yanxianwei/AndroidStudioProjects/ForTest, kind=DELETE, path=.watchman-cookie-yandeMacBook-Pro.local-5416-77}
[2019-02-17 23:24:41.239][debug][command:1bd3af3d-c3bb-4325-8e14-315abbc70030][tid:204][com.facebook.buck.event.listener.SuperConsoleEventBusListener] Watchman notified about file deletion: WatchmanPathEvent{cellPath=/Users/yanxianwei/AndroidStudioProjects/ForTest, kind=DELETE, path=.watchman-cookie-yandeMacBook-Pro.local-5416-76}
[2019-02-17 23:24:41.239][debug][command:null][tid:206][com.facebook.buck.io.watchman.WatchmanWatcher] Posted 2 Watchman events.
[2019-02-17 23:24:41.239][debug][command:null][tid:206][com.facebook.buck.io.watchman.WatchmanTransportClient] Closing Watchman transport.
[2019-02-17 23:24:41.256][debug][command:1bd3af3d-c3bb-4325-8e14-315abbc70030][tid:14][com.facebook.buck.parser.AbstractBuildFileSpec] Finding build files for /Users/yanxianwei/AndroidStudioProjects/ForTest under /Users/yanxianwei/AndroidStudioProjects/ForTest...
[2019-02-17 23:24:41.256][debug][command:1bd3af3d-c3bb-4325-8e14-315abbc70030][tid:14][com.facebook.buck.parser.AbstractBuildFileSpec] Searching for BUCK files (watch root /Users/yanxianwei/AndroidStudioProjects, project prefix Optional[ForTest], base path /Users/yanxianwei/AndroidStudioProjects/ForTest) with Watchman
[2019-02-17 23:24:41.258][debug][command:1bd3af3d-c3bb-4325-8e14-315abbc70030][tid:14][com.facebook.buck.io.watchman.WatchmanTransportClient] Query [query, /Users/yanxianwei/AndroidStudioProjects, {relative_root=ForTest, sync_timeout=0, path=[], fields=[name], expression=[allof, exists, [name, BUCK], [type, f]]}] returned in 1 ms
[2019-02-17 23:24:41.258][debug][command:1bd3af3d-c3bb-4325-8e14-315abbc70030][tid:14][com.facebook.buck.io.watchman.WatchmanTransportClient] Closing Watchman transport.
[2019-02-17 23:24:41.259][debug][command:1bd3af3d-c3bb-4325-8e14-315abbc70030][tid:14][com.facebook.buck.parser.AbstractBuildFileSpec] Completed search in 3 ms.
[2019-02-17 23:24:41.262][debug][command:1bd3af3d-c3bb-4325-8e14-315abbc70030][tid:210][com.facebook.buck.io.ExecutableFinder] Executable 'python2' mapped to 'Optional[/usr/local/bin/python2]'
[2019-02-17 23:24:41.321][debug][command:1bd3af3d-c3bb-4325-8e14-315abbc70030][tid:14][com.facebook.buck.core.model.actiongraph.computation.SerialActionGraphFactory] start target graph walk
[2019-02-17 23:24:41.337][debug][command:1bd3af3d-c3bb-4325-8e14-315abbc70030][tid:14][com.facebook.buck.file.downloader.impl.DownloadConfig] Got proxy: Optional.empty Optional.empty from com.facebook.buck.core.config.BuckConfig@dcb31396 (config=com.facebook.buck.util.config.Config@dcb31377)
[2019-02-17 23:24:41.480][warn ][command:1bd3af3d-c3bb-4325-8e14-315abbc70030][tid:14][com.facebook.buck.rules.modern.impl.DefaultClassInfo] All fields of a Buildable must be final (JavacToJarStepFactory.javacOptions)
[2019-02-17 23:24:41.572][debug][command:1bd3af3d-c3bb-4325-8e14-315abbc70030][tid:14][com.facebook.buck.core.model.actiongraph.computation.SerialActionGraphFactory] end target graph walk
[2019-02-17 23:24:41.618][debug][command:null][tid:227][com.facebook.buck.features.project.intellij.DefaultIjModuleFactory] Multiple types at the same path. Path: app, types: [class com.facebook.buck.android.AndroidBinaryDescription, class com.facebook.buck.android.AndroidResourceDescription, class com.facebook.buck.android.AndroidLibraryDescription]
[2019-02-17 23:24:42.115][debug][command:1bd3af3d-c3bb-4325-8e14-315abbc70030][tid:14][com.facebook.buck.features.project.intellij.WorkspaceUpdater] Trying to update existing workspace.
[2019-02-17 23:24:42.187][debug][command:1bd3af3d-c3bb-4325-8e14-315abbc70030][tid:196][com.facebook.buck.util.perf.ProcessTracker] shutDown
[2019-02-17 23:24:42.187][debug][command:1bd3af3d-c3bb-4325-8e14-315abbc70030][tid:195][com.google.common.util.concurrent.ServiceManager] Service PerfStatsTracking [TERMINATED] has terminated. Previous state was: STOPPING
[2019-02-17 23:24:42.188][debug][command:1bd3af3d-c3bb-4325-8e14-315abbc70030][tid:14][com.facebook.buck.event.listener.SuperConsoleEventBusListener] Stopping render scheduler
[2019-02-17 23:24:42.189][info ][command:1bd3af3d-c3bb-4325-8e14-315abbc70030][tid:14][com.facebook.buck.cli.Main] Awaiting termination of PROJECT executor service. Waiting for all jobs to complete, or up to maximum of 60 seconds...
[2019-02-17 23:24:42.189][info ][command:1bd3af3d-c3bb-4325-8e14-315abbc70030][tid:14][com.facebook.buck.cli.Main] Successfully terminated PROJECT executor service.
[2019-02-17 23:24:42.189][info ][command:1bd3af3d-c3bb-4325-8e14-315abbc70030][tid:14][com.facebook.buck.cli.Main] Awaiting termination of NETWORK executor service. Waiting for all jobs to complete, or up to maximum of 60 seconds...
[2019-02-17 23:24:42.189][info ][command:1bd3af3d-c3bb-4325-8e14-315abbc70030][tid:14][com.facebook.buck.cli.Main] Successfully terminated NETWORK executor service.
[2019-02-17 23:24:42.189][info ][command:1bd3af3d-c3bb-4325-8e14-315abbc70030][tid:14][com.facebook.buck.cli.Main] Awaiting termination of CPU executor service. Waiting for all jobs to complete, or up to maximum of 60 seconds...
[2019-02-17 23:24:42.189][info ][command:1bd3af3d-c3bb-4325-8e14-315abbc70030][tid:14][com.facebook.buck.cli.Main] Successfully terminated CPU executor service.
[2019-02-17 23:24:42.189][debug][command:1bd3af3d-c3bb-4325-8e14-315abbc70030][tid:196][com.google.common.util.concurrent.ServiceManager] Service ProcessTracker [TERMINATED] has terminated. Previous state was: STOPPING
[2019-02-17 23:24:42.189][info ][command:1bd3af3d-c3bb-4325-8e14-315abbc70030][tid:14][com.facebook.buck.cli.Main] Awaiting termination of ScheduledExecutorService executor service. Waiting for all jobs to complete, or up to maximum of 60 seconds...
[2019-02-17 23:24:42.189][info ][command:1bd3af3d-c3bb-4325-8e14-315abbc70030][tid:14][com.facebook.buck.cli.Main] Successfully terminated ScheduledExecutorService executor service.
[2019-02-17 23:24:42.189][info ][command:1bd3af3d-c3bb-4325-8e14-315abbc70030][tid:14][com.facebook.buck.cli.Main] Awaiting termination of CounterAggregatorExecutor executor service. Waiting for all jobs to complete, or up to maximum of 20 seconds...
[2019-02-17 23:24:42.189][info ][command:1bd3af3d-c3bb-4325-8e14-315abbc70030][tid:14][com.facebook.buck.cli.Main] Successfully terminated CounterAggregatorExecutor executor service.
[2019-02-17 23:24:42.189][info ][command:1bd3af3d-c3bb-4325-8e14-315abbc70030][tid:14][com.facebook.buck.cli.Main] Awaiting termination of HTTP Read executor service. Waiting for all jobs to complete, or up to maximum of 1800 seconds...
[2019-02-17 23:24:42.190][info ][command:1bd3af3d-c3bb-4325-8e14-315abbc70030][tid:14][com.facebook.buck.cli.Main] Successfully terminated HTTP Read executor service.
[2019-02-17 23:24:42.190][info ][command:1bd3af3d-c3bb-4325-8e14-315abbc70030][tid:14][com.facebook.buck.cli.Main] Awaiting termination of Download Heavy Build HTTP Read executor service. Waiting for all jobs to complete, or up to maximum of 1800 seconds...
[2019-02-17 23:24:42.190][info ][command:1bd3af3d-c3bb-4325-8e14-315abbc70030][tid:14][com.facebook.buck.cli.Main] Successfully terminated Download Heavy Build HTTP Read executor service.
[2019-02-17 23:24:42.190][info ][command:1bd3af3d-c3bb-4325-8e14-315abbc70030][tid:14][com.facebook.buck.cli.Main] Awaiting termination of HTTP Write executor service. Waiting for all jobs to complete, or up to maximum of 1800 seconds...
[2019-02-17 23:24:42.190][info ][command:1bd3af3d-c3bb-4325-8e14-315abbc70030][tid:14][com.facebook.buck.cli.Main] Successfully terminated HTTP Write executor service.
[2019-02-17 23:24:42.190][info ][command:1bd3af3d-c3bb-4325-8e14-315abbc70030][tid:14][com.facebook.buck.cli.Main] Awaiting termination of Disk IO executor service. Waiting for all jobs to complete, or up to maximum of 10 seconds...
[2019-02-17 23:24:42.190][info ][command:1bd3af3d-c3bb-4325-8e14-315abbc70030][tid:14][com.facebook.buck.cli.Main] Successfully terminated Disk IO executor service.
[2019-02-17 23:24:42.190][debug][command:1bd3af3d-c3bb-4325-8e14-315abbc70030][tid:14][com.facebook.nailgun.NGCommunicator] Shutting down socket for input
[2019-02-17 23:24:42.190][debug][command:null][tid:47][com.facebook.buck.io.AsynchronousDirectoryContentsCleaner] Starting to clean buck-out/.trash
[2019-02-17 23:24:42.190][debug][command:1bd3af3d-c3bb-4325-8e14-315abbc70030][tid:14][com.facebook.nailgun.NGCommunicator] Shutting down socket for output
[2019-02-17 23:24:42.190][debug][command:null][tid:189][com.facebook.nailgun.NGCommunicator] Socket is disconnected
[2019-02-17 23:24:42.190][debug][command:null][tid:189][com.facebook.nailgun.NGCommunicator] Nailgun client disconnected
[2019-02-17 23:24:42.190][debug][command:null][tid:189][com.facebook.nailgun.NGCommunicator] Orchestrator thread finished
[2019-02-17 23:24:42.190][debug][command:null][tid:47][com.facebook.buck.io.AsynchronousDirectoryContentsCleaner] Done cleaning buck-out/.trash
[2019-02-17 23:24:42.191][debug][command:null][tid:51][com.facebook.buck.event.listener.ChromeTraceBuildListener] Writing Chrome trace to buck-out/log/2019-02-17_15h24m36s_projectcommand_1bd3af3d-c3bb-4325-8e14-315abbc70030/build.2019-02-17.23-24-36.1bd3af3d-c3bb-4325-8e14-315abbc70030.trace
[2019-02-17 23:24:42.198][debug][command:null][tid:14][com.facebook.buck.cli.Main] Done.
[2019-02-17 23:24:42.198][info ][command:null][tid:14][com.facebook.nailgun.NGSession] Nail cleanly exited with status 0
[2019-02-17 23:24:42.199][debug][command:null][tid:14][com.facebook.nailgun.NGCommunicator] Shutting down read ExecutorService
[2019-02-17 23:24:42.199][debug][command:null][tid:14][com.facebook.nailgun.NGCommunicator] Shutting down orchestrator ExecutorService
[2019-02-17 23:24:42.199][debug][command:null][tid:14][com.facebook.nailgun.NGSession] NGSession 1 is closing client socket
[2019-02-17 23:26:17.941][debug][command:null][tid:14][com.facebook.nailgun.NGSession] NGSession 1 accepted new connection
[2019-02-17 23:26:17.944][debug][command:null][tid:234][com.facebook.nailgun.NGCommunicator] Orchestrator thread started
[2019-02-17 23:26:17.944][debug][command:null][tid:14][com.facebook.nailgun.NGCommunicator] Shutting down socket for input
[2019-02-17 23:26:17.945][debug][command:null][tid:14][com.facebook.nailgun.NGCommunicator] Shutting down socket for output
[2019-02-17 23:26:17.945][debug][command:null][tid:14][com.facebook.nailgun.NGCommunicator] Shutting down read ExecutorService
[2019-02-17 23:26:17.945][debug][command:null][tid:234][com.facebook.nailgun.NGCommunicator] Socket is disconnected
[2019-02-17 23:26:17.946][debug][command:null][tid:234][com.facebook.nailgun.NGCommunicator] Nailgun client disconnected
[2019-02-17 23:26:17.946][debug][command:null][tid:14][com.facebook.nailgun.NGCommunicator] Shutting down orchestrator ExecutorService
[2019-02-17 23:26:17.946][debug][command:null][tid:234][com.facebook.nailgun.NGCommunicator] Orchestrator thread finished
[2019-02-17 23:26:17.946][debug][command:null][tid:14][com.facebook.nailgun.NGSession] NGSession 1 is closing client socket
[2019-02-17 23:26:17.957][debug][command:null][tid:14][com.facebook.nailgun.NGSession] NGSession 1 accepted new connection
[2019-02-17 23:26:17.959][debug][command:null][tid:236][com.facebook.nailgun.NGCommunicator] Orchestrator thread started
[2019-02-17 23:26:17.960][debug][command:null][tid:14][com.facebook.buck.util.config.Configs] Loading configuration for /Users/yanxianwei/AndroidStudioProjects/ForTest
[2019-02-17 23:26:17.963][debug][command:null][tid:14][com.facebook.buck.util.config.Configs] Loaded project configuration file /Users/yanxianwei/AndroidStudioProjects/ForTest/.buckconfig
[2019-02-17 23:26:17.963][debug][command:null][tid:14][com.facebook.buck.util.config.Configs] Adding configuration overrides RawConfig{values={}}
[2019-02-17 23:26:17.973][debug][command:null][tid:14][com.facebook.buck.cli.Main] Rotating log.
