[2019-02-18 15:13:25.089][debug][command:null][tid:14][com.facebook.buck.cli.Main] Starting up (build date 1970-01-01 07:59:59 +0800, rev c0e4f9faf28e8d1629889e442a8efe2b52f535f6), args: [project, --config-file, .okbuck/config/okbuck.buckconfig]
[2019-02-18 15:13:25.110][debug][command:null][tid:14][com.facebook.buck.cli.Main] System properties: {java.vendor=Oracle Corporation, sun.java.launcher=SUN_STANDARD, sun.management.compiler=HotSpot 64-Bit Tiered Compilers, jnidispatch.path=/Users/yanxianwei/AndroidStudioProjects/ForTest/.buckd/tmp/buck_run.zQfiLd/jna--871816553/jna1635443236245803316.tmp, os.name=Mac OS X, buck.enable_objc=true, sun.boot.class.path=/Library/Java/JavaVirtualMachines/jdk1.8.0_202.jdk/Contents/Home/jre/lib/resources.jar:/Library/Java/JavaVirtualMachines/jdk1.8.0_202.jdk/Contents/Home/jre/lib/rt.jar:/Library/Java/JavaVirtualMachines/jdk1.8.0_202.jdk/Contents/Home/jre/lib/sunrsasign.jar:/Library/Java/JavaVirtualMachines/jdk1.8.0_202.jdk/Contents/Home/jre/lib/jsse.jar:/Library/Java/JavaVirtualMachines/jdk1.8.0_202.jdk/Contents/Home/jre/lib/jce.jar:/Library/Java/JavaVirtualMachines/jdk1.8.0_202.jdk/Contents/Home/jre/lib/charsets.jar:/Library/Java/JavaVirtualMachines/jdk1.8.0_202.jdk/Contents/Home/jre/lib/jfr.jar:/Library/Java/JavaVirtualMachines/jdk1.8.0_202.jdk/Contents/Home/jre/classes, buck.module.resources=/Users/yanxianwei/AndroidStudioProjects/ForTest/.buckd/resources/c0e4f9faf28e8d1629889e442a8efe2b52f535f6/buck-modules-resources, pf4j.pluginsDir=/Users/yanxianwei/AndroidStudioProjects/ForTest/.buckd/resources/c0e4f9faf28e8d1629889e442a8efe2b52f535f6/buck-modules, buck.resource_lock_path=/Users/yanxianwei/AndroidStudioProjects/ForTest/.buckd/resources/c0e4f9faf28e8d1629889e442a8efe2b52f535f6/.buck_lock, buck.path_to_isolated_trampoline=/Users/yanxianwei/AndroidStudioProjects/ForTest/.buckd/resources/c0e4f9faf28e8d1629889e442a8efe2b52f535f6/path_to_isolated_trampoline, java.vm.specification.vendor=Oracle Corporation, java.runtime.version=1.8.0_202-b08, jna.loaded=true, buck.testrunner_classes=/Users/yanxianwei/AndroidStudioProjects/ForTest/.buckd/resources/c0e4f9faf28e8d1629889e442a8efe2b52f535f6/testrunner_classes, buck.logging_config_file=/Users/yanxianwei/AndroidStudioProjects/ForTest/.buckd/resources/c0e4f9faf28e8d1629889e442a8efe2b52f535f6/logging_config_file, buck.path_to_sh_binary_template=/Users/yanxianwei/AndroidStudioProjects/ForTest/.buckd/resources/c0e4f9faf28e8d1629889e442a8efe2b52f535f6/path_to_sh_binary_template, user.name=yanxianwei, com.facebook.nailgun.NGServer.outputPath=/Users/yanxianwei/AndroidStudioProjects/ForTest/.buckd/tmp/buck_run.zQfiLd/ngserver-out, socksProxyHost=127.0.0.1, buck.path_to_pywatchman=/Users/yanxianwei/AndroidStudioProjects/ForTest/.buckd/resources/c0e4f9faf28e8d1629889e442a8efe2b52f535f6/path_to_pywatchman, buck.report_generator_jar=/Users/yanxianwei/AndroidStudioProjects/ForTest/.buckd/resources/c0e4f9faf28e8d1629889e442a8efe2b52f535f6/report_generator_jar, buck.git_commit=c0e4f9faf28e8d1629889e442a8efe2b52f535f6, user.language=zh, sun.boot.library.path=/Library/Java/JavaVirtualMachines/jdk1.8.0_202.jdk/Contents/Home/jre/lib, jna.nosys=true, java.version=1.8.0_202, user.timezone=Asia/Shanghai, buck.test_util_no_tests_dir=true, sun.arch.data.model=64, http.nonProxyHosts=127.0.0.1|192.168.0.0/16|*.192.168.0.0/16|10.0.0.0/8|*.10.0.0.0/8|localhost|*.localhost, java.endorsed.dirs=/Library/Java/JavaVirtualMachines/jdk1.8.0_202.jdk/Contents/Home/jre/lib/endorsed, sun.cpu.isalist=, sun.jnu.encoding=UTF-8, file.encoding.pkg=sun.io, file.separator=/, java.specification.name=Java Platform API Specification, buck.jacoco_agent_jar=/Users/yanxianwei/AndroidStudioProjects/ForTest/.buckd/resources/c0e4f9faf28e8d1629889e442a8efe2b52f535f6/jacoco_agent_jar, java.class.version=52.0, jetty.git.hash=1f8159b1e4a42d3f79997021ea1609f2fbac6de5, user.country=CN, buck.binary_hash=c5d497a6ded8a1712e657140816688a9, java.home=/Library/Java/JavaVirtualMachines/jdk1.8.0_202.jdk/Contents/Home/jre, buck.fix_script=/Users/yanxianwei/AndroidStudioProjects/ForTest/.buckd/resources/c0e4f9faf28e8d1629889e442a8efe2b52f535f6/fix_script, java.vm.info=mixed mode, os.version=10.14.1, buck.version_uid=c0e4f9faf28e8d1629889e442a8efe2b52f535f6, org.eclipse.jetty.util.log.class=org.eclipse.jetty.util.log.JavaUtilLog, path.separator=:, java.vm.version=25.202-b08, java.awt.printerjob=sun.lwawt.macosx.CPrinterJob, sun.io.unicode.encoding=UnicodeBig, awt.toolkit=sun.lwawt.macosx.LWCToolkit, buck.mode=package, buck.buck_build_type_info=/Users/yanxianwei/AndroidStudioProjects/ForTest/.buckd/resources/c0e4f9faf28e8d1629889e442a8efe2b52f535f6/buck_build_type_info, socksNonProxyHosts=127.0.0.1|192.168.0.0/16|*.192.168.0.0/16|10.0.0.0/8|*.10.0.0.0/8|localhost|*.localhost, ftp.nonProxyHosts=127.0.0.1|192.168.0.0/16|*.192.168.0.0/16|10.0.0.0/8|*.10.0.0.0/8|localhost|*.localhost, buck.dx=/Users/yanxianwei/AndroidStudioProjects/ForTest/.buckd/resources/c0e4f9faf28e8d1629889e442a8efe2b52f535f6/dx, buck.git_commit_timestamp=-1, user.home=/Users/yanxianwei, socksProxyPort=1086, java.specification.vendor=Oracle Corporation, buck.git_dirty=0, java.library.path=/Users/yanxianwei/AndroidStudioProjects/ForTest/.buckd/resources/c0e4f9faf28e8d1629889e442a8efe2b52f535f6, java.vendor.url=http://java.oracle.com/, java.vm.vendor=Oracle Corporation, gopherProxySet=false, java.runtime.name=Java(TM) SE Runtime Environment, sun.java.command=com.facebook.buck.cli.bootstrapper.ClassLoaderBootstrapper com.facebook.buck.cli.Main$DaemonBootstrap local:.buckd/sock 180000, java.class.path=/Users/yanxianwei/AndroidStudioProjects/ForTest/.buckd/resources/c0e4f9faf28e8d1629889e442a8efe2b52f535f6/bootstrapper_jar, buck.buckd_dir=/Users/yanxianwei/AndroidStudioProjects/ForTest/.buckd, buck.path_to_pathlib_py=/Users/yanxianwei/AndroidStudioProjects/ForTest/.buckd/resources/c0e4f9faf28e8d1629889e442a8efe2b52f535f6/pathlib.py, buck.buckd_launch_time_nanos=15083298999215, java.vm.specification.name=Java Virtual Machine Specification, java.vm.specification.version=1.8, sun.cpu.endian=little, sun.os.patch.level=unknown, java.awt.headless=true, java.io.tmpdir=/Users/yanxianwei/AndroidStudioProjects/ForTest/.buckd/tmp/buck_run.zQfiLd, buck.android_agent_path=/Users/yanxianwei/AndroidStudioProjects/ForTest/.buckd/resources/c0e4f9faf28e8d1629889e442a8efe2b52f535f6/android_agent_path, java.vendor.url.bug=http://bugreport.sun.com/bugreport/, buck.path_to_python_dsl=, jna.platform.library.path=/usr/lib:/usr/lib, os.arch=x86_64, java.awt.graphicsenv=sun.awt.CGraphicsEnvironment, java.ext.dirs=/Users/yanxianwei/Library/Java/Extensions:/Library/Java/JavaVirtualMachines/jdk1.8.0_202.jdk/Contents/Home/jre/lib/ext:/Library/Java/Extensions:/Network/Library/Java/Extensions:/System/Library/Java/Extensions:/usr/lib/java, java.util.logging.config.class=com.facebook.buck.cli.bootstrapper.LogConfig, buck.path_to_six_py=/Users/yanxianwei/AndroidStudioProjects/ForTest/.buckd/resources/c0e4f9faf28e8d1629889e442a8efe2b52f535f6/six.py, user.dir=/Users/yanxianwei/AndroidStudioProjects/ForTest, java.nio.file.spi.DefaultFileSystemProvider=com.facebook.buck.cli.bootstrapper.filesystem.BuckFileSystemProvider, line.separator=
, java.vm.name=Java HotSpot(TM) 64-Bit Server VM, buck.path_to_typing=/Users/yanxianwei/AndroidStudioProjects/ForTest/.buckd/resources/c0e4f9faf28e8d1629889e442a8efe2b52f535f6/path_to_typing, buck.native_exopackage_fake_path=/Users/yanxianwei/AndroidStudioProjects/ForTest/.buckd/resources/c0e4f9faf28e8d1629889e442a8efe2b52f535f6/native_exopackage_fake_path, file.encoding=UTF-8, java.specification.version=1.8}
[2019-02-18 15:13:25.114][debug][command:null][tid:14][com.facebook.buck.util.config.Configs] Loaded a configuration file /Users/yanxianwei/AndroidStudioProjects/ForTest/.okbuck/config/okbuck.buckconfig: {android={build_tools_version=28.0.2, target=android-28}, kotlin={kotlin_home=//.okbuck/workspace/kotlin_home:kotlin_home}, tools={proguard=//.okbuck/ext/net/sf/proguard:proguard-base-6.0.3.jar}, maven_repositories={google=https://dl.google.com/dl/android/maven2/, bintrayjcenter=https://jcenter.bintray.com/, maven=https://jitpack.io}, download={in_build=true, max_number_of_retries=3}}
[2019-02-18 15:13:25.118][debug][command:null][tid:14][com.facebook.buck.util.config.Configs] Loaded a configuration file .okbuck/config/okbuck.buckconfig, {android={build_tools_version=28.0.2, target=android-28}, kotlin={kotlin_home=//.okbuck/workspace/kotlin_home:kotlin_home}, tools={proguard=//.okbuck/ext/net/sf/proguard:proguard-base-6.0.3.jar}, maven_repositories={google=https://dl.google.com/dl/android/maven2/, bintrayjcenter=https://jcenter.bintray.com/, maven=https://jitpack.io}, download={in_build=true, max_number_of_retries=3}}
[2019-02-18 15:13:25.135][debug][command:null][tid:14][com.facebook.buck.util.config.Configs] Loading configuration for /Users/yanxianwei/AndroidStudioProjects/ForTest
[2019-02-18 15:13:25.137][debug][command:null][tid:14][com.facebook.buck.util.config.Configs] Loaded project configuration file /Users/yanxianwei/AndroidStudioProjects/ForTest/.buckconfig
[2019-02-18 15:13:25.138][debug][command:null][tid:14][com.facebook.buck.util.config.Configs] Adding configuration overrides RawConfig{values={android={build_tools_version=28.0.2, target=android-28}, kotlin={kotlin_home=//.okbuck/workspace/kotlin_home:kotlin_home}, tools={proguard=//.okbuck/ext/net/sf/proguard:proguard-base-6.0.3.jar}, maven_repositories={google=https://dl.google.com/dl/android/maven2/, bintrayjcenter=https://jcenter.bintray.com/, maven=https://jitpack.io}, download={in_build=true, max_number_of_retries=3}}}
[2019-02-18 15:13:25.191][info ][command:null][tid:14][com.facebook.buck.io.watchman.WatchmanFactory] Creating for: [/Users/yanxianwei/AndroidStudioProjects/ForTest]
[2019-02-18 15:13:25.201][debug][command:null][tid:14][com.facebook.buck.io.ExecutableFinder] Executable 'watchman' mapped to 'Optional[/usr/local/bin/watchman]'
[2019-02-18 15:13:25.201][debug][command:null][tid:14][com.facebook.buck.util.ListeningProcessExecutor] Launching process with params ProcessExecutorParams{command=[/usr/local/bin/watchman, --output-encoding=bser, get-sockname]}
[2019-02-18 15:13:25.219][debug][command:null][tid:14][com.facebook.buck.util.ListeningProcessExecutor] Successfully launched process com.zaxxer.nuprocess.osx.OsxProcess@21e213f8
[2019-02-18 15:13:25.220][debug][command:null][tid:14][com.facebook.buck.util.ListeningProcessExecutor] Waiting for process com.facebook.buck.util.ListeningProcessExecutor$LaunchedProcessImpl@7d01d65d timeout 1000000000 NANOSECONDS
[2019-02-18 15:13:25.237][debug][command:null][tid:14][com.facebook.buck.util.ListeningProcessExecutor] Wait for process returned 0
[2019-02-18 15:13:25.238][debug][command:null][tid:14][com.facebook.buck.io.watchman.WatchmanFactory] Waited 18 ms for Watchman command get-sockname, exit code 0
[2019-02-18 15:13:25.240][debug][command:null][tid:14][com.facebook.buck.io.watchman.WatchmanFactory] stdout of command: {sockname=/usr/local/var/run/watchman/yanxianwei-state/sock, version=4.9.0}
[2019-02-18 15:13:25.241][info ][command:null][tid:14][com.facebook.buck.io.watchman.WatchmanFactory] Connecting to Watchman version 4.9.0 at /usr/local/var/run/watchman/yanxianwei-state/sock
[2019-02-18 15:13:25.250][debug][command:null][tid:14][com.facebook.buck.io.watchman.WatchmanTransportClient] Query [version, {required=[cmd-watch-project], optional=[term-dirname, cmd-watch-project, wildmatch, wildmatch_multislash, glob_generator, clock-sync-timeout]}] returned in 5 ms
[2019-02-18 15:13:25.250][info ][command:null][tid:14][com.facebook.buck.io.watchman.WatchmanFactory] Took 6 ms to query capabilities {term-dirname=DIRNAME, cmd-watch-project=SUPPORTS_PROJECT_WATCH, wildmatch=WILDMATCH_GLOB, wildmatch_multislash=WILDMATCH_MULTISLASH, glob_generator=GLOB_GENERATOR, clock-sync-timeout=CLOCK_SYNC_TIMEOUT}
[2019-02-18 15:13:25.251][debug][command:null][tid:14][com.facebook.buck.io.watchman.WatchmanFactory] Got capabilities response: {clock-sync-timeout=true, glob_generator=true, wildmatch_multislash=false, cmd-watch-project=true, wildmatch=true, term-dirname=true}
[2019-02-18 15:13:25.251][debug][command:null][tid:14][com.facebook.buck.io.watchman.WatchmanFactory] Got Watchman capabilities: [CLOCK_SYNC_TIMEOUT, GLOB_GENERATOR, SUPPORTS_PROJECT_WATCH, WILDMATCH_GLOB, DIRNAME]
[2019-02-18 15:13:25.251][info ][command:null][tid:14][com.facebook.buck.io.watchman.WatchmanFactory] Adding watchman root: /Users/yanxianwei/AndroidStudioProjects/ForTest
[2019-02-18 15:13:25.253][debug][command:null][tid:14][com.facebook.buck.io.watchman.WatchmanTransportClient] Query [watch-project, /Users/yanxianwei/AndroidStudioProjects/ForTest] returned in 1 ms
[2019-02-18 15:13:25.255][debug][command:null][tid:14][com.facebook.buck.io.watchman.WatchmanTransportClient] Query [watch-project, /Users/yanxianwei/AndroidStudioProjects/ForTest] returned in 1 ms
[2019-02-18 15:13:25.256][info ][command:null][tid:14][com.facebook.buck.io.watchman.WatchmanFactory] Took 4 ms to add root /Users/yanxianwei/AndroidStudioProjects/ForTest
[2019-02-18 15:13:25.269][debug][command:null][tid:14][com.facebook.buck.io.watchman.WatchmanTransportClient] Query [clock, /Users/yanxianwei/AndroidStudioProjects, {sync_timeout=100}] returned in 12 ms
[2019-02-18 15:13:25.271][info ][command:null][tid:14][com.facebook.buck.io.watchman.WatchmanFactory] Took 13 ms to query for initial clock id Optional[c:1550219919:5416:4:30686]
[2019-02-18 15:13:25.271][debug][command:null][tid:14][com.facebook.buck.io.watchman.WatchmanFactory] Connected to Watchman
[2019-02-18 15:13:25.271][debug][command:null][tid:14][com.facebook.buck.io.watchman.WatchmanTransportClient] Closing Watchman transport.
[2019-02-18 15:13:25.271][debug][command:null][tid:14][com.facebook.buck.cli.Main] Watchman capabilities: [CLOCK_SYNC_TIMEOUT, GLOB_GENERATOR, SUPPORTS_PROJECT_WATCH, WILDMATCH_GLOB, DIRNAME] Project watches: {/Users/yanxianwei/AndroidStudioProjects/ForTest=ProjectWatch{watchRoot=/Users/yanxianwei/AndroidStudioProjects, projectPrefix=ForTest}} Glob handler config: PYTHON Query timeout ms config: Optional.empty
[2019-02-18 15:13:25.276][debug][command:null][tid:14][com.facebook.buck.util.config.Configs] Loaded a configuration file /Users/yanxianwei/AndroidStudioProjects/ForTest/.okbuck/config/okbuck.buckconfig: {android={build_tools_version=28.0.2, target=android-28}, kotlin={kotlin_home=//.okbuck/workspace/kotlin_home:kotlin_home}, tools={proguard=//.okbuck/ext/net/sf/proguard:proguard-base-6.0.3.jar}, maven_repositories={google=https://dl.google.com/dl/android/maven2/, bintrayjcenter=https://jcenter.bintray.com/, maven=https://jitpack.io}, download={in_build=true, max_number_of_retries=3}}
[2019-02-18 15:13:25.379][debug][command:null][tid:14][com.facebook.buck.util.config.Configs] Loaded a configuration file .okbuck/config/okbuck.buckconfig, {android={build_tools_version=28.0.2, target=android-28}, kotlin={kotlin_home=//.okbuck/workspace/kotlin_home:kotlin_home}, tools={proguard=//.okbuck/ext/net/sf/proguard:proguard-base-6.0.3.jar}, maven_repositories={google=https://dl.google.com/dl/android/maven2/, bintrayjcenter=https://jcenter.bintray.com/, maven=https://jitpack.io}, download={in_build=true, max_number_of_retries=3}}
[2019-02-18 15:13:25.415][debug][command:b8fddee4-3846-4a06-90a4-30ea05cb479b][tid:14][com.facebook.buck.event.listener.SuperConsoleEventBusListener] Starting render scheduler (interval 100 ms)
[2019-02-18 15:13:25.423][debug][command:b8fddee4-3846-4a06-90a4-30ea05cb479b][tid:14][com.google.common.util.concurrent.ServiceManager] Starting PerfStatsTracking [RUNNING].
[2019-02-18 15:13:25.424][debug][command:b8fddee4-3846-4a06-90a4-30ea05cb479b][tid:14][com.google.common.util.concurrent.ServiceManager] Started PerfStatsTracking [RUNNING] in 4.161 ms.
[2019-02-18 15:13:25.425][debug][command:b8fddee4-3846-4a06-90a4-30ea05cb479b][tid:14][com.google.common.util.concurrent.ServiceManager] Starting ProcessTracker [STARTING].
[2019-02-18 15:13:25.426][debug][command:b8fddee4-3846-4a06-90a4-30ea05cb479b][tid:14][com.facebook.buck.util.environment.MacWifiSsidFinder] Getting current SSID..
[2019-02-18 15:13:25.425][debug][command:null][tid:597][com.facebook.buck.util.perf.ProcessTracker] startUp
[2019-02-18 15:13:25.431][debug][command:null][tid:597][com.google.common.util.concurrent.ServiceManager] Started ProcessTracker [RUNNING] in 5.988 ms.
[2019-02-18 15:13:25.431][debug][command:b8fddee4-3846-4a06-90a4-30ea05cb479b][tid:14][com.facebook.buck.util.environment.MacWifiSsidFinder] Getting SSID from Wi-Fi interface: <CWInterface: 0x7ff1f97f7340> [interfaceName=en0]
[2019-02-18 15:13:25.433][debug][command:b8fddee4-3846-4a06-90a4-30ea05cb479b][tid:14][com.facebook.buck.util.environment.MacWifiSsidFinder] Found SSID: XY_Employee
[2019-02-18 15:13:25.434][debug][command:b8fddee4-3846-4a06-90a4-30ea05cb479b][tid:14][com.facebook.buck.cli.Main] InvocationInfo BuildId=[b8fddee4-3846-4a06-90a4-30ea05cb479b] Args=[project, --config-file, .okbuck/config/okbuck.buckconfig]
[2019-02-18 15:13:25.463][warn ][command:null][tid:600][com.facebook.buck.event.listener.PublicAnnouncementManager] Failed to get public announcements. Reason: Failed to establish connection to server.
[2019-02-18 15:13:25.463][debug][command:null][tid:601][com.facebook.buck.util.environment.MacNetworkConfiguration] Determine network service order and extract device names
[2019-02-18 15:13:25.502][debug][command:null][tid:601][com.facebook.buck.util.ListeningProcessExecutor] Launching process with params ProcessExecutorParams{command=[networksetup, -listnetworkserviceorder, ]}
[2019-02-18 15:13:25.517][debug][command:null][tid:601][com.facebook.buck.util.ListeningProcessExecutor] Successfully launched process com.zaxxer.nuprocess.osx.OsxProcess@50abe5d2
[2019-02-18 15:13:25.519][debug][command:null][tid:601][com.facebook.buck.util.ListeningProcessExecutor] Waiting for process com.facebook.buck.util.ListeningProcessExecutor$LaunchedProcessImpl@47fe372e timeout 1000 MILLISECONDS
[2019-02-18 15:13:25.583][debug][command:null][tid:601][com.facebook.buck.util.ListeningProcessExecutor] Wait for process returned 0
[2019-02-18 15:13:25.583][debug][command:null][tid:601][com.facebook.buck.util.ListeningProcessExecutor] Destroying process com.facebook.buck.util.ListeningProcessExecutor$LaunchedProcessImpl@47fe372e (force true)
[2019-02-18 15:13:25.584][debug][command:null][tid:601][com.facebook.buck.util.environment.MacNetworkConfiguration] Determine active state of media for device
[2019-02-18 15:13:25.606][debug][command:null][tid:601][com.facebook.buck.util.ListeningProcessExecutor] Launching process with params ProcessExecutorParams{command=[networksetup, -getMedia, en0]}
[2019-02-18 15:13:25.615][debug][command:null][tid:601][com.facebook.buck.util.ListeningProcessExecutor] Successfully launched process com.zaxxer.nuprocess.osx.OsxProcess@6750ce4
[2019-02-18 15:13:25.616][debug][command:null][tid:601][com.facebook.buck.util.ListeningProcessExecutor] Waiting for process com.facebook.buck.util.ListeningProcessExecutor$LaunchedProcessImpl@6c22b83c timeout 1000 MILLISECONDS
[2019-02-18 15:13:25.674][debug][command:null][tid:601][com.facebook.buck.util.ListeningProcessExecutor] Wait for process returned 0
[2019-02-18 15:13:25.675][debug][command:null][tid:601][com.facebook.buck.util.ListeningProcessExecutor] Destroying process com.facebook.buck.util.ListeningProcessExecutor$LaunchedProcessImpl@6c22b83c (force true)
[2019-02-18 15:13:25.675][debug][command:null][tid:601][com.facebook.buck.util.environment.MacNetworkConfiguration] Determine WiFi SSID of device
[2019-02-18 15:13:25.701][debug][command:null][tid:601][com.facebook.buck.util.ListeningProcessExecutor] Launching process with params ProcessExecutorParams{command=[networksetup, -getairportnetwork, en0]}
[2019-02-18 15:13:25.709][debug][command:null][tid:601][com.facebook.buck.util.ListeningProcessExecutor] Successfully launched process com.zaxxer.nuprocess.osx.OsxProcess@63ec56d3
[2019-02-18 15:13:25.715][debug][command:null][tid:601][com.facebook.buck.util.ListeningProcessExecutor] Waiting for process com.facebook.buck.util.ListeningProcessExecutor$LaunchedProcessImpl@149382a8 timeout 1000 MILLISECONDS
[2019-02-18 15:13:25.757][debug][command:null][tid:601][com.facebook.buck.util.ListeningProcessExecutor] Wait for process returned 0
[2019-02-18 15:13:25.758][debug][command:null][tid:601][com.facebook.buck.util.ListeningProcessExecutor] Destroying process com.facebook.buck.util.ListeningProcessExecutor$LaunchedProcessImpl@149382a8 (force true)
[2019-02-18 15:13:30.979][debug][command:null][tid:607][com.facebook.buck.io.watchman.WatchmanTransportClient] Query [query, /Users/yanxianwei/AndroidStudioProjects, {since=c:1550219919:5416:4:23381, expression=[not, [anyof, [type, d], [dirname, .idea], [dirname, .buckd], [dirname, buck-out/cache], [dirname, .git], [dirname, ], [dirname, buck-out/.trash], [dirname, buck-out], [match, **/.svn, wholename, {includedotfiles=true}], [match, **/*.pbxproj, wholename, {includedotfiles=true}], [match, **/*.xcscheme, wholename, {includedotfiles=true}], [match, **/*.xcworkspacedata, wholename, {includedotfiles=true}], [match, **/*~, wholename, {includedotfiles=true}], [match, **/#*#, wholename, {includedotfiles=true}], [match, **/.#*, wholename, {includedotfiles=true}], [match, **/*.swo, wholename, {includedotfiles=true}], [match, **/*.swp, wholename, {includedotfiles=true}], [match, **/*.swpx, wholename, {includedotfiles=true}], [match, **/*.un~, wholename, {includedotfiles=true}], [match, **/*.netrhwist, wholename, {includedotfiles=true}], [match, .idea, wholename, {includedotfiles=true}], [match, .iml, wholename, {includedotfiles=true}], [match, **/*.pydevproject, wholename, {includedotfiles=true}], [match, .project, wholename, {includedotfiles=true}], [match, .metadata, wholename, {includedotfiles=true}], [match, **/*.tmp, wholename, {includedotfiles=true}], [match, **/*.bak, wholename, {includedotfiles=true}], [match, **/*.nib, wholename, {includedotfiles=true}], [match, .classpath, wholename, {includedotfiles=true}], [match, .settings, wholename, {includedotfiles=true}], [match, .loadpath, wholename, {includedotfiles=true}], [match, .externalToolBuilders, wholename, {includedotfiles=true}], [match, .cproject, wholename, {includedotfiles=true}], [match, .buildpath, wholename, {includedotfiles=true}], [match, .DS_Store, wholename, {includedotfiles=true}], [match, .AppleDouble, wholename, {includedotfiles=true}], [match, .LSOverride, wholename, {includedotfiles=true}], [match, .Spotlight-V100, wholename, {includedotfiles=true}], [match, .Trashes, wholename, {includedotfiles=true}], [match, $RECYCLE.BIN, wholename, {includedotfiles=true}], [match, **/*.sublime-workspace, wholename, {includedotfiles=true}]]], empty_on_fresh_instance=true, fields=[name, exists, new], relative_root=ForTest}] returned in 502 ms
[2019-02-18 15:13:30.980][debug][command:null][tid:607][com.facebook.buck.io.watchman.WatchmanWatcher] Updating Watchman Cursor from c:1550219919:5416:4:23381 to c:1550219919:5416:4:30691
[2019-02-18 15:13:30.980][debug][command:null][tid:607][com.facebook.buck.io.watchman.WatchmanWatcher] Posted 0 Watchman events.
[2019-02-18 15:13:30.980][debug][command:null][tid:607][com.facebook.buck.io.watchman.WatchmanTransportClient] Closing Watchman transport.
[2019-02-18 15:13:30.989][debug][command:b8fddee4-3846-4a06-90a4-30ea05cb479b][tid:597][com.facebook.buck.util.perf.ProcessTracker] shutDown
[2019-02-18 15:13:30.990][debug][command:b8fddee4-3846-4a06-90a4-30ea05cb479b][tid:596][com.google.common.util.concurrent.ServiceManager] Service PerfStatsTracking [TERMINATED] has terminated. Previous state was: STOPPING
[2019-02-18 15:13:30.990][debug][command:b8fddee4-3846-4a06-90a4-30ea05cb479b][tid:14][com.facebook.buck.event.listener.SuperConsoleEventBusListener] Stopping render scheduler
[2019-02-18 15:13:30.992][debug][command:b8fddee4-3846-4a06-90a4-30ea05cb479b][tid:597][com.google.common.util.concurrent.ServiceManager] Service ProcessTracker [TERMINATED] has terminated. Previous state was: STOPPING
[2019-02-18 15:13:30.994][info ][command:b8fddee4-3846-4a06-90a4-30ea05cb479b][tid:14][com.facebook.buck.cli.Main] Awaiting termination of PROJECT executor service. Waiting for all jobs to complete, or up to maximum of 60 seconds...
[2019-02-18 15:13:30.994][info ][command:b8fddee4-3846-4a06-90a4-30ea05cb479b][tid:14][com.facebook.buck.cli.Main] Successfully terminated PROJECT executor service.
[2019-02-18 15:13:30.994][info ][command:b8fddee4-3846-4a06-90a4-30ea05cb479b][tid:14][com.facebook.buck.cli.Main] Awaiting termination of NETWORK executor service. Waiting for all jobs to complete, or up to maximum of 60 seconds...
[2019-02-18 15:13:30.994][info ][command:b8fddee4-3846-4a06-90a4-30ea05cb479b][tid:14][com.facebook.buck.cli.Main] Successfully terminated NETWORK executor service.
[2019-02-18 15:13:30.994][info ][command:b8fddee4-3846-4a06-90a4-30ea05cb479b][tid:14][com.facebook.buck.cli.Main] Awaiting termination of CPU executor service. Waiting for all jobs to complete, or up to maximum of 60 seconds...
[2019-02-18 15:13:30.994][info ][command:b8fddee4-3846-4a06-90a4-30ea05cb479b][tid:14][com.facebook.buck.cli.Main] Successfully terminated CPU executor service.
[2019-02-18 15:13:30.994][info ][command:b8fddee4-3846-4a06-90a4-30ea05cb479b][tid:14][com.facebook.buck.cli.Main] Awaiting termination of ScheduledExecutorService executor service. Waiting for all jobs to complete, or up to maximum of 60 seconds...
[2019-02-18 15:13:30.994][info ][command:b8fddee4-3846-4a06-90a4-30ea05cb479b][tid:14][com.facebook.buck.cli.Main] Successfully terminated ScheduledExecutorService executor service.
[2019-02-18 15:13:30.994][info ][command:b8fddee4-3846-4a06-90a4-30ea05cb479b][tid:14][com.facebook.buck.cli.Main] Awaiting termination of CounterAggregatorExecutor executor service. Waiting for all jobs to complete, or up to maximum of 20 seconds...
[2019-02-18 15:13:30.994][info ][command:b8fddee4-3846-4a06-90a4-30ea05cb479b][tid:14][com.facebook.buck.cli.Main] Successfully terminated CounterAggregatorExecutor executor service.
[2019-02-18 15:13:30.994][info ][command:b8fddee4-3846-4a06-90a4-30ea05cb479b][tid:14][com.facebook.buck.cli.Main] Awaiting termination of HTTP Read executor service. Waiting for all jobs to complete, or up to maximum of 1800 seconds...
[2019-02-18 15:13:30.994][info ][command:b8fddee4-3846-4a06-90a4-30ea05cb479b][tid:14][com.facebook.buck.cli.Main] Successfully terminated HTTP Read executor service.
[2019-02-18 15:13:30.994][info ][command:b8fddee4-3846-4a06-90a4-30ea05cb479b][tid:14][com.facebook.buck.cli.Main] Awaiting termination of Download Heavy Build HTTP Read executor service. Waiting for all jobs to complete, or up to maximum of 1800 seconds...
[2019-02-18 15:13:30.994][info ][command:b8fddee4-3846-4a06-90a4-30ea05cb479b][tid:14][com.facebook.buck.cli.Main] Successfully terminated Download Heavy Build HTTP Read executor service.
[2019-02-18 15:13:30.994][info ][command:b8fddee4-3846-4a06-90a4-30ea05cb479b][tid:14][com.facebook.buck.cli.Main] Awaiting termination of HTTP Write executor service. Waiting for all jobs to complete, or up to maximum of 1800 seconds...
[2019-02-18 15:13:30.994][info ][command:b8fddee4-3846-4a06-90a4-30ea05cb479b][tid:14][com.facebook.buck.cli.Main] Successfully terminated HTTP Write executor service.
[2019-02-18 15:13:30.994][info ][command:b8fddee4-3846-4a06-90a4-30ea05cb479b][tid:14][com.facebook.buck.cli.Main] Awaiting termination of Disk IO executor service. Waiting for all jobs to complete, or up to maximum of 10 seconds...
[2019-02-18 15:13:30.994][info ][command:b8fddee4-3846-4a06-90a4-30ea05cb479b][tid:14][com.facebook.buck.cli.Main] Successfully terminated Disk IO executor service.
[2019-02-18 15:13:30.995][debug][command:null][tid:47][com.facebook.buck.io.AsynchronousDirectoryContentsCleaner] Starting to clean buck-out/.trash
[2019-02-18 15:13:30.997][debug][command:null][tid:47][com.facebook.buck.io.AsynchronousDirectoryContentsCleaner] Done cleaning buck-out/.trash
[2019-02-18 15:13:30.998][debug][command:null][tid:566][com.facebook.buck.event.listener.ChromeTraceBuildListener] Writing Chrome trace to buck-out/log/2019-02-18_07h13m25s_projectcommand_b8fddee4-3846-4a06-90a4-30ea05cb479b/build.2019-02-18.15-13-25.b8fddee4-3846-4a06-90a4-30ea05cb479b.trace
[2019-02-18 15:13:31.021][warn ][command:null][tid:14][com.facebook.buck.cli.Main] Command failed:
com.facebook.buck.util.CommandLineException: BAD ARGUMENTS: project IDE is not specified in Buck config or --ide
	at com.facebook.buck.cli.ProjectCommand.runWithoutHelp(ProjectCommand.java:104)
	at com.facebook.buck.cli.AbstractCommand.run(AbstractCommand.java:242)
	at com.facebook.buck.cli.AbstractContainerCommand.run(AbstractContainerCommand.java:79)
	at com.facebook.buck.cli.Main.runMainWithExitCode(Main.java:1299)
	at com.facebook.buck.cli.Main.runMainThenExit(Main.java:463)
	at com.facebook.buck.cli.Main.nailMain(Main.java:2395)
	at sun.reflect.NativeMethodAccessorImpl.invoke0(Native Method)
	at sun.reflect.NativeMethodAccessorImpl.invoke(NativeMethodAccessorImpl.java:62)
	at sun.reflect.DelegatingMethodAccessorImpl.invoke(DelegatingMethodAccessorImpl.java:43)
	at java.lang.reflect.Method.invoke(Method.java:498)
	at com.facebook.nailgun.NGSession.runImpl(NGSession.java:313)
	at com.facebook.nailgun.NGSession.run(NGSession.java:199)

[2019-02-18 15:13:31.022][warn ][command:null][tid:14][com.facebook.buck.util.Console] Command failure: BAD ARGUMENTS: project IDE is not specified in Buck config or --ide
[2019-02-18 15:13:31.025][debug][command:null][tid:14][com.facebook.buck.cli.Main] Done.
[2019-02-18 15:13:31.027][info ][command:null][tid:14][com.facebook.nailgun.NGSession] Nail cleanly exited with status 3
[2019-02-18 15:13:31.027][debug][command:null][tid:14][com.facebook.nailgun.NGCommunicator] Shutting down socket for input
[2019-02-18 15:13:31.027][debug][command:null][tid:14][com.facebook.nailgun.NGCommunicator] Shutting down socket for output
[2019-02-18 15:13:31.027][debug][command:null][tid:14][com.facebook.nailgun.NGCommunicator] Shutting down read ExecutorService
[2019-02-18 15:13:31.028][debug][command:null][tid:14][com.facebook.nailgun.NGCommunicator] Shutting down orchestrator ExecutorService
[2019-02-18 15:13:31.028][debug][command:null][tid:590][com.facebook.nailgun.NGCommunicator] Socket is disconnected
[2019-02-18 15:13:31.029][debug][command:null][tid:590][com.facebook.nailgun.NGCommunicator] Nailgun client disconnected
[2019-02-18 15:13:31.029][debug][command:null][tid:590][com.facebook.nailgun.NGCommunicator] Orchestrator thread finished
[2019-02-18 15:13:31.029][debug][command:null][tid:14][com.facebook.nailgun.NGSession] NGSession 1 is closing client socket
[2019-02-18 15:13:47.917][debug][command:null][tid:14][com.facebook.nailgun.NGSession] NGSession 1 accepted new connection
[2019-02-18 15:13:47.920][debug][command:null][tid:611][com.facebook.nailgun.NGCommunicator] Orchestrator thread started
[2019-02-18 15:13:47.920][debug][command:null][tid:14][com.facebook.nailgun.NGCommunicator] Shutting down socket for input
[2019-02-18 15:13:47.922][debug][command:null][tid:611][com.facebook.nailgun.NGCommunicator] Socket is disconnected
[2019-02-18 15:13:47.922][debug][command:null][tid:14][com.facebook.nailgun.NGCommunicator] Shutting down socket for output
[2019-02-18 15:13:47.922][debug][command:null][tid:611][com.facebook.nailgun.NGCommunicator] Nailgun client disconnected
[2019-02-18 15:13:47.922][debug][command:null][tid:14][com.facebook.nailgun.NGCommunicator] Shutting down read ExecutorService
[2019-02-18 15:13:47.922][debug][command:null][tid:611][com.facebook.nailgun.NGCommunicator] Orchestrator thread finished
[2019-02-18 15:13:47.922][debug][command:null][tid:14][com.facebook.nailgun.NGCommunicator] Shutting down orchestrator ExecutorService
[2019-02-18 15:13:47.922][debug][command:null][tid:14][com.facebook.nailgun.NGSession] NGSession 1 is closing client socket
[2019-02-18 15:13:47.930][debug][command:null][tid:14][com.facebook.nailgun.NGSession] NGSession 1 accepted new connection
[2019-02-18 15:13:47.932][debug][command:null][tid:613][com.facebook.nailgun.NGCommunicator] Orchestrator thread started
[2019-02-18 15:13:47.932][debug][command:null][tid:14][com.facebook.buck.util.config.Configs] Loading configuration for /Users/yanxianwei/AndroidStudioProjects/ForTest
[2019-02-18 15:13:47.933][debug][command:null][tid:14][com.facebook.buck.util.config.Configs] Loaded project configuration file /Users/yanxianwei/AndroidStudioProjects/ForTest/.buckconfig
[2019-02-18 15:13:47.933][debug][command:null][tid:14][com.facebook.buck.util.config.Configs] Adding configuration overrides RawConfig{values={}}
[2019-02-18 15:13:47.936][debug][command:null][tid:14][com.facebook.buck.cli.Main] Rotating log.
