[2019-02-18 15:17:53.009][debug][command:null][tid:01][com.google.common.util.concurrent.ServiceManager] Starting HangMonitor [RUNNING].
[2019-02-18 15:17:53.066][debug][command:null][tid:01][com.google.common.util.concurrent.ServiceManager] Started HangMonitor [RUNNING] in 60.67 ms.
[2019-02-18 15:17:53.090][info ][command:null][tid:01][com.facebook.buck.cli.Main] enabling background process killing for buckd
[2019-02-18 15:17:53.092][info ][command:null][tid:01][com.facebook.buck.cli.Main] enabled background process killing for buckd
[2019-02-18 15:17:53.094][info ][command:null][tid:01][com.facebook.buck.cli.Main] initialized bg session killer
[2019-02-18 15:17:53.205][debug][command:null][tid:14][com.facebook.nailgun.NGSession] NGSession 1 is waiting for first client to connect
[2019-02-18 15:17:53.220][debug][command:null][tid:14][com.facebook.nailgun.NGSession] NGSession 1 accepted new connection
[2019-02-18 15:17:53.231][debug][command:null][tid:15][com.facebook.nailgun.NGCommunicator] Orchestrator thread started
[2019-02-18 15:17:53.255][debug][command:null][tid:14][com.facebook.buck.util.config.Configs] Loading configuration for /Users/yanxianwei/AndroidStudioProjects/ForTest
[2019-02-18 15:17:53.284][debug][command:null][tid:14][com.facebook.buck.util.config.Configs] Loaded project configuration file /Users/yanxianwei/AndroidStudioProjects/ForTest/.buckconfig
[2019-02-18 15:17:53.285][debug][command:null][tid:14][com.facebook.buck.util.config.Configs] Adding configuration overrides RawConfig{values={}}
[2019-02-18 15:17:53.313][info ][command:null][tid:14][org.pf4j.DefaultPluginStatusProvider] Enabled plugins: []
[2019-02-18 15:17:53.314][info ][command:null][tid:14][org.pf4j.DefaultPluginStatusProvider] Disabled plugins: []
[2019-02-18 15:17:53.315][info ][command:null][tid:14][org.pf4j.DefaultPluginManager] PF4J version 0.0.0 in 'deployment' mode
[2019-02-18 15:17:53.330][debug][command:null][tid:14][org.pf4j.AbstractPluginManager] Lookup plugins in '/Users/yanxianwei/AndroidStudioProjects/ForTest/.buckd/resources/c0e4f9faf28e8d1629889e442a8efe2b52f535f6/buck-modules'
[2019-02-18 15:17:53.333][debug][command:null][tid:14][org.pf4j.AbstractPluginManager] Found 16 possible plugins: [/Users/yanxianwei/AndroidStudioProjects/ForTest/.buckd/resources/c0e4f9faf28e8d1629889e442a8efe2b52f535f6/buck-modules/python.jar, /Users/yanxianwei/AndroidStudioProjects/ForTest/.buckd/resources/c0e4f9faf28e8d1629889e442a8efe2b52f535f6/buck-modules/ziprules.jar, /Users/yanxianwei/AndroidStudioProjects/ForTest/.buckd/resources/c0e4f9faf28e8d1629889e442a8efe2b52f535f6/buck-modules/lua.jar, /Users/yanxianwei/AndroidStudioProjects/ForTest/.buckd/resources/c0e4f9faf28e8d1629889e442a8efe2b52f535f6/buck-modules/xcode.jar, /Users/yanxianwei/AndroidStudioProjects/ForTest/.buckd/resources/c0e4f9faf28e8d1629889e442a8efe2b52f535f6/buck-modules/js.jar, /Users/yanxianwei/AndroidStudioProjects/ForTest/.buckd/resources/c0e4f9faf28e8d1629889e442a8efe2b52f535f6/buck-modules/filegroup.jar, /Users/yanxianwei/AndroidStudioProjects/ForTest/.buckd/resources/c0e4f9faf28e8d1629889e442a8efe2b52f535f6/buck-modules/filebundler.jar, /Users/yanxianwei/AndroidStudioProjects/ForTest/.buckd/resources/c0e4f9faf28e8d1629889e442a8efe2b52f535f6/buck-modules/gwt.jar, /Users/yanxianwei/AndroidStudioProjects/ForTest/.buckd/resources/c0e4f9faf28e8d1629889e442a8efe2b52f535f6/buck-modules/haskell.jar, /Users/yanxianwei/AndroidStudioProjects/ForTest/.buckd/resources/c0e4f9faf28e8d1629889e442a8efe2b52f535f6/buck-modules/halide.jar, /Users/yanxianwei/AndroidStudioProjects/ForTest/.buckd/resources/c0e4f9faf28e8d1629889e442a8efe2b52f535f6/buck-modules/rust.jar, /Users/yanxianwei/AndroidStudioProjects/ForTest/.buckd/resources/c0e4f9faf28e8d1629889e442a8efe2b52f535f6/buck-modules/go.jar, /Users/yanxianwei/AndroidStudioProjects/ForTest/.buckd/resources/c0e4f9faf28e8d1629889e442a8efe2b52f535f6/buck-modules/intellij.jar, /Users/yanxianwei/AndroidStudioProjects/ForTest/.buckd/resources/c0e4f9faf28e8d1629889e442a8efe2b52f535f6/buck-modules/d.jar, /Users/yanxianwei/AndroidStudioProjects/ForTest/.buckd/resources/c0e4f9faf28e8d1629889e442a8efe2b52f535f6/buck-modules/ocaml.jar, /Users/yanxianwei/AndroidStudioProjects/ForTest/.buckd/resources/c0e4f9faf28e8d1629889e442a8efe2b52f535f6/buck-modules/dotnet.jar]
[2019-02-18 15:17:53.333][debug][command:null][tid:14][org.pf4j.AbstractPluginManager] Use 'org.pf4j.CompoundPluginDescriptorFinder@5eef78f2' to find plugins descriptors
[2019-02-18 15:17:53.333][debug][command:null][tid:14][org.pf4j.AbstractPluginManager] Finding plugin descriptor for plugin '/Users/yanxianwei/AndroidStudioProjects/ForTest/.buckd/resources/c0e4f9faf28e8d1629889e442a8efe2b52f535f6/buck-modules/python.jar'
[2019-02-18 15:17:53.334][debug][command:null][tid:14][org.pf4j.CompoundPluginDescriptorFinder] 'org.pf4j.ManifestPluginDescriptorFinder@545f1821' is applicable for plugin '/Users/yanxianwei/AndroidStudioProjects/ForTest/.buckd/resources/c0e4f9faf28e8d1629889e442a8efe2b52f535f6/buck-modules/python.jar'
[2019-02-18 15:17:53.336][debug][command:null][tid:14][org.pf4j.AbstractPluginManager] Found descriptor PluginDescriptor [pluginId=com.facebook.buck.features.python, pluginClass=com.facebook.buck.features.python.PythonModuleAdapterPlugin, version=0.0.1, provider=null, dependencies=[], description=, requires=*, license=null]
[2019-02-18 15:17:53.336][debug][command:null][tid:14][org.pf4j.AbstractPluginManager] Class 'com.facebook.buck.features.python.PythonModuleAdapterPlugin' for plugin '/Users/yanxianwei/AndroidStudioProjects/ForTest/.buckd/resources/c0e4f9faf28e8d1629889e442a8efe2b52f535f6/buck-modules/python.jar'
[2019-02-18 15:17:53.336][debug][command:null][tid:14][org.pf4j.AbstractPluginManager] Loading plugin '/Users/yanxianwei/AndroidStudioProjects/ForTest/.buckd/resources/c0e4f9faf28e8d1629889e442a8efe2b52f535f6/buck-modules/python.jar'
[2019-02-18 15:17:53.337][debug][command:null][tid:14][org.pf4j.PluginClassLoader] Add 'file:/Users/yanxianwei/AndroidStudioProjects/ForTest/.buckd/resources/c0e4f9faf28e8d1629889e442a8efe2b52f535f6/buck-modules/python.jar'
[2019-02-18 15:17:53.337][debug][command:null][tid:14][org.pf4j.AbstractPluginManager] Loaded plugin '/Users/yanxianwei/AndroidStudioProjects/ForTest/.buckd/resources/c0e4f9faf28e8d1629889e442a8efe2b52f535f6/buck-modules/python.jar' with class loader 'org.pf4j.PluginClassLoader@144fb837'
[2019-02-18 15:17:53.337][debug][command:null][tid:14][org.pf4j.AbstractPluginManager] Creating wrapper for plugin '/Users/yanxianwei/AndroidStudioProjects/ForTest/.buckd/resources/c0e4f9faf28e8d1629889e442a8efe2b52f535f6/buck-modules/python.jar'
[2019-02-18 15:17:53.338][debug][command:null][tid:14][org.pf4j.AbstractPluginManager] Created wrapper 'PluginWrapper [descriptor=PluginDescriptor [pluginId=com.facebook.buck.features.python, pluginClass=com.facebook.buck.features.python.PythonModuleAdapterPlugin, version=0.0.1, provider=null, dependencies=[], description=, requires=*, license=null], pluginPath=/Users/yanxianwei/AndroidStudioProjects/ForTest/.buckd/resources/c0e4f9faf28e8d1629889e442a8efe2b52f535f6/buck-modules/python.jar]' for plugin '/Users/yanxianwei/AndroidStudioProjects/ForTest/.buckd/resources/c0e4f9faf28e8d1629889e442a8efe2b52f535f6/buck-modules/python.jar'
[2019-02-18 15:17:53.338][debug][command:null][tid:14][org.pf4j.AbstractPluginManager] Use 'org.pf4j.CompoundPluginDescriptorFinder@5eef78f2' to find plugins descriptors
[2019-02-18 15:17:53.339][debug][command:null][tid:14][org.pf4j.AbstractPluginManager] Finding plugin descriptor for plugin '/Users/yanxianwei/AndroidStudioProjects/ForTest/.buckd/resources/c0e4f9faf28e8d1629889e442a8efe2b52f535f6/buck-modules/ziprules.jar'
[2019-02-18 15:17:53.339][debug][command:null][tid:14][org.pf4j.CompoundPluginDescriptorFinder] 'org.pf4j.ManifestPluginDescriptorFinder@545f1821' is applicable for plugin '/Users/yanxianwei/AndroidStudioProjects/ForTest/.buckd/resources/c0e4f9faf28e8d1629889e442a8efe2b52f535f6/buck-modules/ziprules.jar'
[2019-02-18 15:17:53.340][debug][command:null][tid:14][org.pf4j.AbstractPluginManager] Found descriptor PluginDescriptor [pluginId=com.facebook.buck.features.zip.rules, pluginClass=com.facebook.buck.features.zip.rules.ZipRulesModuleAdapterPlugin, version=0.0.1, provider=null, dependencies=[PluginDependency [pluginId=com.facebook.buck.features.filebundler, pluginVersionSupport=*]], description=, requires=*, license=null]
[2019-02-18 15:17:53.340][debug][command:null][tid:14][org.pf4j.AbstractPluginManager] Class 'com.facebook.buck.features.zip.rules.ZipRulesModuleAdapterPlugin' for plugin '/Users/yanxianwei/AndroidStudioProjects/ForTest/.buckd/resources/c0e4f9faf28e8d1629889e442a8efe2b52f535f6/buck-modules/ziprules.jar'
[2019-02-18 15:17:53.340][debug][command:null][tid:14][org.pf4j.AbstractPluginManager] Loading plugin '/Users/yanxianwei/AndroidStudioProjects/ForTest/.buckd/resources/c0e4f9faf28e8d1629889e442a8efe2b52f535f6/buck-modules/ziprules.jar'
[2019-02-18 15:17:53.341][debug][command:null][tid:14][org.pf4j.PluginClassLoader] Add 'file:/Users/yanxianwei/AndroidStudioProjects/ForTest/.buckd/resources/c0e4f9faf28e8d1629889e442a8efe2b52f535f6/buck-modules/ziprules.jar'
[2019-02-18 15:17:53.341][debug][command:null][tid:14][org.pf4j.AbstractPluginManager] Loaded plugin '/Users/yanxianwei/AndroidStudioProjects/ForTest/.buckd/resources/c0e4f9faf28e8d1629889e442a8efe2b52f535f6/buck-modules/ziprules.jar' with class loader 'org.pf4j.PluginClassLoader@9d4258b'
[2019-02-18 15:17:53.341][debug][command:null][tid:14][org.pf4j.AbstractPluginManager] Creating wrapper for plugin '/Users/yanxianwei/AndroidStudioProjects/ForTest/.buckd/resources/c0e4f9faf28e8d1629889e442a8efe2b52f535f6/buck-modules/ziprules.jar'
[2019-02-18 15:17:53.341][debug][command:null][tid:14][org.pf4j.AbstractPluginManager] Created wrapper 'PluginWrapper [descriptor=PluginDescriptor [pluginId=com.facebook.buck.features.zip.rules, pluginClass=com.facebook.buck.features.zip.rules.ZipRulesModuleAdapterPlugin, version=0.0.1, provider=null, dependencies=[PluginDependency [pluginId=com.facebook.buck.features.filebundler, pluginVersionSupport=*]], description=, requires=*, license=null], pluginPath=/Users/yanxianwei/AndroidStudioProjects/ForTest/.buckd/resources/c0e4f9faf28e8d1629889e442a8efe2b52f535f6/buck-modules/ziprules.jar]' for plugin '/Users/yanxianwei/AndroidStudioProjects/ForTest/.buckd/resources/c0e4f9faf28e8d1629889e442a8efe2b52f535f6/buck-modules/ziprules.jar'
[2019-02-18 15:17:53.342][debug][command:null][tid:14][org.pf4j.AbstractPluginManager] Use 'org.pf4j.CompoundPluginDescriptorFinder@5eef78f2' to find plugins descriptors
[2019-02-18 15:17:53.342][debug][command:null][tid:14][org.pf4j.AbstractPluginManager] Finding plugin descriptor for plugin '/Users/yanxianwei/AndroidStudioProjects/ForTest/.buckd/resources/c0e4f9faf28e8d1629889e442a8efe2b52f535f6/buck-modules/lua.jar'
[2019-02-18 15:17:53.342][debug][command:null][tid:14][org.pf4j.CompoundPluginDescriptorFinder] 'org.pf4j.ManifestPluginDescriptorFinder@545f1821' is applicable for plugin '/Users/yanxianwei/AndroidStudioProjects/ForTest/.buckd/resources/c0e4f9faf28e8d1629889e442a8efe2b52f535f6/buck-modules/lua.jar'
[2019-02-18 15:17:53.343][debug][command:null][tid:14][org.pf4j.AbstractPluginManager] Found descriptor PluginDescriptor [pluginId=com.facebook.buck.features.lua, pluginClass=com.facebook.buck.features.lua.LuaModuleAdapterPlugin, version=0.0.1, provider=null, dependencies=[PluginDependency [pluginId=com.facebook.buck.features.python, pluginVersionSupport=*]], description=, requires=*, license=null]
[2019-02-18 15:17:53.343][debug][command:null][tid:14][org.pf4j.AbstractPluginManager] Class 'com.facebook.buck.features.lua.LuaModuleAdapterPlugin' for plugin '/Users/yanxianwei/AndroidStudioProjects/ForTest/.buckd/resources/c0e4f9faf28e8d1629889e442a8efe2b52f535f6/buck-modules/lua.jar'
[2019-02-18 15:17:53.343][debug][command:null][tid:14][org.pf4j.AbstractPluginManager] Loading plugin '/Users/yanxianwei/AndroidStudioProjects/ForTest/.buckd/resources/c0e4f9faf28e8d1629889e442a8efe2b52f535f6/buck-modules/lua.jar'
[2019-02-18 15:17:53.343][debug][command:null][tid:14][org.pf4j.PluginClassLoader] Add 'file:/Users/yanxianwei/AndroidStudioProjects/ForTest/.buckd/resources/c0e4f9faf28e8d1629889e442a8efe2b52f535f6/buck-modules/lua.jar'
[2019-02-18 15:17:53.343][debug][command:null][tid:14][org.pf4j.AbstractPluginManager] Loaded plugin '/Users/yanxianwei/AndroidStudioProjects/ForTest/.buckd/resources/c0e4f9faf28e8d1629889e442a8efe2b52f535f6/buck-modules/lua.jar' with class loader 'org.pf4j.PluginClassLoader@55616c86'
[2019-02-18 15:17:53.344][debug][command:null][tid:14][org.pf4j.AbstractPluginManager] Creating wrapper for plugin '/Users/yanxianwei/AndroidStudioProjects/ForTest/.buckd/resources/c0e4f9faf28e8d1629889e442a8efe2b52f535f6/buck-modules/lua.jar'
[2019-02-18 15:17:53.344][debug][command:null][tid:14][org.pf4j.AbstractPluginManager] Created wrapper 'PluginWrapper [descriptor=PluginDescriptor [pluginId=com.facebook.buck.features.lua, pluginClass=com.facebook.buck.features.lua.LuaModuleAdapterPlugin, version=0.0.1, provider=null, dependencies=[PluginDependency [pluginId=com.facebook.buck.features.python, pluginVersionSupport=*]], description=, requires=*, license=null], pluginPath=/Users/yanxianwei/AndroidStudioProjects/ForTest/.buckd/resources/c0e4f9faf28e8d1629889e442a8efe2b52f535f6/buck-modules/lua.jar]' for plugin '/Users/yanxianwei/AndroidStudioProjects/ForTest/.buckd/resources/c0e4f9faf28e8d1629889e442a8efe2b52f535f6/buck-modules/lua.jar'
[2019-02-18 15:17:53.344][debug][command:null][tid:14][org.pf4j.AbstractPluginManager] Use 'org.pf4j.CompoundPluginDescriptorFinder@5eef78f2' to find plugins descriptors
[2019-02-18 15:17:53.344][debug][command:null][tid:14][org.pf4j.AbstractPluginManager] Finding plugin descriptor for plugin '/Users/yanxianwei/AndroidStudioProjects/ForTest/.buckd/resources/c0e4f9faf28e8d1629889e442a8efe2b52f535f6/buck-modules/xcode.jar'
[2019-02-18 15:17:53.345][debug][command:null][tid:14][org.pf4j.CompoundPluginDescriptorFinder] 'org.pf4j.ManifestPluginDescriptorFinder@545f1821' is applicable for plugin '/Users/yanxianwei/AndroidStudioProjects/ForTest/.buckd/resources/c0e4f9faf28e8d1629889e442a8efe2b52f535f6/buck-modules/xcode.jar'
[2019-02-18 15:17:53.345][debug][command:null][tid:14][org.pf4j.AbstractPluginManager] Found descriptor PluginDescriptor [pluginId=com.facebook.buck.features.apple.project, pluginClass=com.facebook.buck.features.apple.project.XCodeBuckModuleAdapterPlugin, version=0.0.1, provider=null, dependencies=[PluginDependency [pluginId=com.facebook.buck.features.halide, pluginVersionSupport=*], PluginDependency [pluginId=com.facebook.buck.features.js, pluginVersionSupport=*]], description=, requires=*, license=null]
[2019-02-18 15:17:53.346][debug][command:null][tid:14][org.pf4j.AbstractPluginManager] Class 'com.facebook.buck.features.apple.project.XCodeBuckModuleAdapterPlugin' for plugin '/Users/yanxianwei/AndroidStudioProjects/ForTest/.buckd/resources/c0e4f9faf28e8d1629889e442a8efe2b52f535f6/buck-modules/xcode.jar'
[2019-02-18 15:17:53.346][debug][command:null][tid:14][org.pf4j.AbstractPluginManager] Loading plugin '/Users/yanxianwei/AndroidStudioProjects/ForTest/.buckd/resources/c0e4f9faf28e8d1629889e442a8efe2b52f535f6/buck-modules/xcode.jar'
[2019-02-18 15:17:53.346][debug][command:null][tid:14][org.pf4j.PluginClassLoader] Add 'file:/Users/yanxianwei/AndroidStudioProjects/ForTest/.buckd/resources/c0e4f9faf28e8d1629889e442a8efe2b52f535f6/buck-modules/xcode.jar'
[2019-02-18 15:17:53.346][debug][command:null][tid:14][org.pf4j.AbstractPluginManager] Loaded plugin '/Users/yanxianwei/AndroidStudioProjects/ForTest/.buckd/resources/c0e4f9faf28e8d1629889e442a8efe2b52f535f6/buck-modules/xcode.jar' with class loader 'org.pf4j.PluginClassLoader@795091e1'
[2019-02-18 15:17:53.346][debug][command:null][tid:14][org.pf4j.AbstractPluginManager] Creating wrapper for plugin '/Users/yanxianwei/AndroidStudioProjects/ForTest/.buckd/resources/c0e4f9faf28e8d1629889e442a8efe2b52f535f6/buck-modules/xcode.jar'
[2019-02-18 15:17:53.347][debug][command:null][tid:14][org.pf4j.AbstractPluginManager] Created wrapper 'PluginWrapper [descriptor=PluginDescriptor [pluginId=com.facebook.buck.features.apple.project, pluginClass=com.facebook.buck.features.apple.project.XCodeBuckModuleAdapterPlugin, version=0.0.1, provider=null, dependencies=[PluginDependency [pluginId=com.facebook.buck.features.halide, pluginVersionSupport=*], PluginDependency [pluginId=com.facebook.buck.features.js, pluginVersionSupport=*]], description=, requires=*, license=null], pluginPath=/Users/yanxianwei/AndroidStudioProjects/ForTest/.buckd/resources/c0e4f9faf28e8d1629889e442a8efe2b52f535f6/buck-modules/xcode.jar]' for plugin '/Users/yanxianwei/AndroidStudioProjects/ForTest/.buckd/resources/c0e4f9faf28e8d1629889e442a8efe2b52f535f6/buck-modules/xcode.jar'
[2019-02-18 15:17:53.347][debug][command:null][tid:14][org.pf4j.AbstractPluginManager] Use 'org.pf4j.CompoundPluginDescriptorFinder@5eef78f2' to find plugins descriptors
[2019-02-18 15:17:53.347][debug][command:null][tid:14][org.pf4j.AbstractPluginManager] Finding plugin descriptor for plugin '/Users/yanxianwei/AndroidStudioProjects/ForTest/.buckd/resources/c0e4f9faf28e8d1629889e442a8efe2b52f535f6/buck-modules/js.jar'
[2019-02-18 15:17:53.347][debug][command:null][tid:14][org.pf4j.CompoundPluginDescriptorFinder] 'org.pf4j.ManifestPluginDescriptorFinder@545f1821' is applicable for plugin '/Users/yanxianwei/AndroidStudioProjects/ForTest/.buckd/resources/c0e4f9faf28e8d1629889e442a8efe2b52f535f6/buck-modules/js.jar'
[2019-02-18 15:17:53.348][debug][command:null][tid:14][org.pf4j.AbstractPluginManager] Found descriptor PluginDescriptor [pluginId=com.facebook.buck.features.js, pluginClass=com.facebook.buck.features.js.JsModuleAdapterPlugin, version=0.0.1, provider=null, dependencies=[], description=, requires=*, license=null]
[2019-02-18 15:17:53.348][debug][command:null][tid:14][org.pf4j.AbstractPluginManager] Class 'com.facebook.buck.features.js.JsModuleAdapterPlugin' for plugin '/Users/yanxianwei/AndroidStudioProjects/ForTest/.buckd/resources/c0e4f9faf28e8d1629889e442a8efe2b52f535f6/buck-modules/js.jar'
[2019-02-18 15:17:53.348][debug][command:null][tid:14][org.pf4j.AbstractPluginManager] Loading plugin '/Users/yanxianwei/AndroidStudioProjects/ForTest/.buckd/resources/c0e4f9faf28e8d1629889e442a8efe2b52f535f6/buck-modules/js.jar'
[2019-02-18 15:17:53.349][debug][command:null][tid:14][org.pf4j.PluginClassLoader] Add 'file:/Users/yanxianwei/AndroidStudioProjects/ForTest/.buckd/resources/c0e4f9faf28e8d1629889e442a8efe2b52f535f6/buck-modules/js.jar'
[2019-02-18 15:17:53.349][debug][command:null][tid:14][org.pf4j.AbstractPluginManager] Loaded plugin '/Users/yanxianwei/AndroidStudioProjects/ForTest/.buckd/resources/c0e4f9faf28e8d1629889e442a8efe2b52f535f6/buck-modules/js.jar' with class loader 'org.pf4j.PluginClassLoader@20380f75'
[2019-02-18 15:17:53.349][debug][command:null][tid:14][org.pf4j.AbstractPluginManager] Creating wrapper for plugin '/Users/yanxianwei/AndroidStudioProjects/ForTest/.buckd/resources/c0e4f9faf28e8d1629889e442a8efe2b52f535f6/buck-modules/js.jar'
[2019-02-18 15:17:53.349][debug][command:null][tid:14][org.pf4j.AbstractPluginManager] Created wrapper 'PluginWrapper [descriptor=PluginDescriptor [pluginId=com.facebook.buck.features.js, pluginClass=com.facebook.buck.features.js.JsModuleAdapterPlugin, version=0.0.1, provider=null, dependencies=[], description=, requires=*, license=null], pluginPath=/Users/yanxianwei/AndroidStudioProjects/ForTest/.buckd/resources/c0e4f9faf28e8d1629889e442a8efe2b52f535f6/buck-modules/js.jar]' for plugin '/Users/yanxianwei/AndroidStudioProjects/ForTest/.buckd/resources/c0e4f9faf28e8d1629889e442a8efe2b52f535f6/buck-modules/js.jar'
[2019-02-18 15:17:53.350][debug][command:null][tid:14][org.pf4j.AbstractPluginManager] Use 'org.pf4j.CompoundPluginDescriptorFinder@5eef78f2' to find plugins descriptors
[2019-02-18 15:17:53.350][debug][command:null][tid:14][org.pf4j.AbstractPluginManager] Finding plugin descriptor for plugin '/Users/yanxianwei/AndroidStudioProjects/ForTest/.buckd/resources/c0e4f9faf28e8d1629889e442a8efe2b52f535f6/buck-modules/filegroup.jar'
[2019-02-18 15:17:53.350][debug][command:null][tid:14][org.pf4j.CompoundPluginDescriptorFinder] 'org.pf4j.ManifestPluginDescriptorFinder@545f1821' is applicable for plugin '/Users/yanxianwei/AndroidStudioProjects/ForTest/.buckd/resources/c0e4f9faf28e8d1629889e442a8efe2b52f535f6/buck-modules/filegroup.jar'
[2019-02-18 15:17:53.351][debug][command:null][tid:14][org.pf4j.AbstractPluginManager] Found descriptor PluginDescriptor [pluginId=com.facebook.buck.features.filegroup, pluginClass=com.facebook.buck.features.filegroup.FilegroupModuleAdapterPlugin, version=0.0.1, provider=null, dependencies=[PluginDependency [pluginId=com.facebook.buck.features.filebundler, pluginVersionSupport=*]], description=, requires=*, license=null]
[2019-02-18 15:17:53.351][debug][command:null][tid:14][org.pf4j.AbstractPluginManager] Class 'com.facebook.buck.features.filegroup.FilegroupModuleAdapterPlugin' for plugin '/Users/yanxianwei/AndroidStudioProjects/ForTest/.buckd/resources/c0e4f9faf28e8d1629889e442a8efe2b52f535f6/buck-modules/filegroup.jar'
[2019-02-18 15:17:53.351][debug][command:null][tid:14][org.pf4j.AbstractPluginManager] Loading plugin '/Users/yanxianwei/AndroidStudioProjects/ForTest/.buckd/resources/c0e4f9faf28e8d1629889e442a8efe2b52f535f6/buck-modules/filegroup.jar'
[2019-02-18 15:17:53.351][debug][command:null][tid:14][org.pf4j.PluginClassLoader] Add 'file:/Users/yanxianwei/AndroidStudioProjects/ForTest/.buckd/resources/c0e4f9faf28e8d1629889e442a8efe2b52f535f6/buck-modules/filegroup.jar'
[2019-02-18 15:17:53.351][debug][command:null][tid:14][org.pf4j.AbstractPluginManager] Loaded plugin '/Users/yanxianwei/AndroidStudioProjects/ForTest/.buckd/resources/c0e4f9faf28e8d1629889e442a8efe2b52f535f6/buck-modules/filegroup.jar' with class loader 'org.pf4j.PluginClassLoader@469d16d5'
[2019-02-18 15:17:53.352][debug][command:null][tid:14][org.pf4j.AbstractPluginManager] Creating wrapper for plugin '/Users/yanxianwei/AndroidStudioProjects/ForTest/.buckd/resources/c0e4f9faf28e8d1629889e442a8efe2b52f535f6/buck-modules/filegroup.jar'
[2019-02-18 15:17:53.352][debug][command:null][tid:14][org.pf4j.AbstractPluginManager] Created wrapper 'PluginWrapper [descriptor=PluginDescriptor [pluginId=com.facebook.buck.features.filegroup, pluginClass=com.facebook.buck.features.filegroup.FilegroupModuleAdapterPlugin, version=0.0.1, provider=null, dependencies=[PluginDependency [pluginId=com.facebook.buck.features.filebundler, pluginVersionSupport=*]], description=, requires=*, license=null], pluginPath=/Users/yanxianwei/AndroidStudioProjects/ForTest/.buckd/resources/c0e4f9faf28e8d1629889e442a8efe2b52f535f6/buck-modules/filegroup.jar]' for plugin '/Users/yanxianwei/AndroidStudioProjects/ForTest/.buckd/resources/c0e4f9faf28e8d1629889e442a8efe2b52f535f6/buck-modules/filegroup.jar'
[2019-02-18 15:17:53.352][debug][command:null][tid:14][org.pf4j.AbstractPluginManager] Use 'org.pf4j.CompoundPluginDescriptorFinder@5eef78f2' to find plugins descriptors
[2019-02-18 15:17:53.353][debug][command:null][tid:14][org.pf4j.AbstractPluginManager] Finding plugin descriptor for plugin '/Users/yanxianwei/AndroidStudioProjects/ForTest/.buckd/resources/c0e4f9faf28e8d1629889e442a8efe2b52f535f6/buck-modules/filebundler.jar'
[2019-02-18 15:17:53.353][debug][command:null][tid:14][org.pf4j.CompoundPluginDescriptorFinder] 'org.pf4j.ManifestPluginDescriptorFinder@545f1821' is applicable for plugin '/Users/yanxianwei/AndroidStudioProjects/ForTest/.buckd/resources/c0e4f9faf28e8d1629889e442a8efe2b52f535f6/buck-modules/filebundler.jar'
[2019-02-18 15:17:53.353][debug][command:null][tid:14][org.pf4j.AbstractPluginManager] Found descriptor PluginDescriptor [pluginId=com.facebook.buck.features.filebundler, pluginClass=com.facebook.buck.features.filebundler.FileBundlerModuleAdapterPlugin, version=0.0.1, provider=null, dependencies=[], description=, requires=*, license=null]
[2019-02-18 15:17:53.354][debug][command:null][tid:14][org.pf4j.AbstractPluginManager] Class 'com.facebook.buck.features.filebundler.FileBundlerModuleAdapterPlugin' for plugin '/Users/yanxianwei/AndroidStudioProjects/ForTest/.buckd/resources/c0e4f9faf28e8d1629889e442a8efe2b52f535f6/buck-modules/filebundler.jar'
[2019-02-18 15:17:53.354][debug][command:null][tid:14][org.pf4j.AbstractPluginManager] Loading plugin '/Users/yanxianwei/AndroidStudioProjects/ForTest/.buckd/resources/c0e4f9faf28e8d1629889e442a8efe2b52f535f6/buck-modules/filebundler.jar'
[2019-02-18 15:17:53.354][debug][command:null][tid:14][org.pf4j.PluginClassLoader] Add 'file:/Users/yanxianwei/AndroidStudioProjects/ForTest/.buckd/resources/c0e4f9faf28e8d1629889e442a8efe2b52f535f6/buck-modules/filebundler.jar'
[2019-02-18 15:17:53.354][debug][command:null][tid:14][org.pf4j.AbstractPluginManager] Loaded plugin '/Users/yanxianwei/AndroidStudioProjects/ForTest/.buckd/resources/c0e4f9faf28e8d1629889e442a8efe2b52f535f6/buck-modules/filebundler.jar' with class loader 'org.pf4j.PluginClassLoader@c610149'
[2019-02-18 15:17:53.354][debug][command:null][tid:14][org.pf4j.AbstractPluginManager] Creating wrapper for plugin '/Users/yanxianwei/AndroidStudioProjects/ForTest/.buckd/resources/c0e4f9faf28e8d1629889e442a8efe2b52f535f6/buck-modules/filebundler.jar'
[2019-02-18 15:17:53.354][debug][command:null][tid:14][org.pf4j.AbstractPluginManager] Created wrapper 'PluginWrapper [descriptor=PluginDescriptor [pluginId=com.facebook.buck.features.filebundler, pluginClass=com.facebook.buck.features.filebundler.FileBundlerModuleAdapterPlugin, version=0.0.1, provider=null, dependencies=[], description=, requires=*, license=null], pluginPath=/Users/yanxianwei/AndroidStudioProjects/ForTest/.buckd/resources/c0e4f9faf28e8d1629889e442a8efe2b52f535f6/buck-modules/filebundler.jar]' for plugin '/Users/yanxianwei/AndroidStudioProjects/ForTest/.buckd/resources/c0e4f9faf28e8d1629889e442a8efe2b52f535f6/buck-modules/filebundler.jar'
[2019-02-18 15:17:53.355][debug][command:null][tid:14][org.pf4j.AbstractPluginManager] Use 'org.pf4j.CompoundPluginDescriptorFinder@5eef78f2' to find plugins descriptors
[2019-02-18 15:17:53.355][debug][command:null][tid:14][org.pf4j.AbstractPluginManager] Finding plugin descriptor for plugin '/Users/yanxianwei/AndroidStudioProjects/ForTest/.buckd/resources/c0e4f9faf28e8d1629889e442a8efe2b52f535f6/buck-modules/gwt.jar'
[2019-02-18 15:17:53.355][debug][command:null][tid:14][org.pf4j.CompoundPluginDescriptorFinder] 'org.pf4j.ManifestPluginDescriptorFinder@545f1821' is applicable for plugin '/Users/yanxianwei/AndroidStudioProjects/ForTest/.buckd/resources/c0e4f9faf28e8d1629889e442a8efe2b52f535f6/buck-modules/gwt.jar'
[2019-02-18 15:17:53.355][debug][command:null][tid:14][org.pf4j.AbstractPluginManager] Found descriptor PluginDescriptor [pluginId=com.facebook.buck.features.gwt, pluginClass=com.facebook.buck.features.gwt.GwtBuckModuleAdapterPlugin, version=0.0.1, provider=null, dependencies=[], description=, requires=*, license=null]
[2019-02-18 15:17:53.356][debug][command:null][tid:14][org.pf4j.AbstractPluginManager] Class 'com.facebook.buck.features.gwt.GwtBuckModuleAdapterPlugin' for plugin '/Users/yanxianwei/AndroidStudioProjects/ForTest/.buckd/resources/c0e4f9faf28e8d1629889e442a8efe2b52f535f6/buck-modules/gwt.jar'
[2019-02-18 15:17:53.356][debug][command:null][tid:14][org.pf4j.AbstractPluginManager] Loading plugin '/Users/yanxianwei/AndroidStudioProjects/ForTest/.buckd/resources/c0e4f9faf28e8d1629889e442a8efe2b52f535f6/buck-modules/gwt.jar'
[2019-02-18 15:17:53.356][debug][command:null][tid:14][org.pf4j.PluginClassLoader] Add 'file:/Users/yanxianwei/AndroidStudioProjects/ForTest/.buckd/resources/c0e4f9faf28e8d1629889e442a8efe2b52f535f6/buck-modules/gwt.jar'
[2019-02-18 15:17:53.356][debug][command:null][tid:14][org.pf4j.AbstractPluginManager] Loaded plugin '/Users/yanxianwei/AndroidStudioProjects/ForTest/.buckd/resources/c0e4f9faf28e8d1629889e442a8efe2b52f535f6/buck-modules/gwt.jar' with class loader 'org.pf4j.PluginClassLoader@4227c722'
[2019-02-18 15:17:53.356][debug][command:null][tid:14][org.pf4j.AbstractPluginManager] Creating wrapper for plugin '/Users/yanxianwei/AndroidStudioProjects/ForTest/.buckd/resources/c0e4f9faf28e8d1629889e442a8efe2b52f535f6/buck-modules/gwt.jar'
[2019-02-18 15:17:53.357][debug][command:null][tid:14][org.pf4j.AbstractPluginManager] Created wrapper 'PluginWrapper [descriptor=PluginDescriptor [pluginId=com.facebook.buck.features.gwt, pluginClass=com.facebook.buck.features.gwt.GwtBuckModuleAdapterPlugin, version=0.0.1, provider=null, dependencies=[], description=, requires=*, license=null], pluginPath=/Users/yanxianwei/AndroidStudioProjects/ForTest/.buckd/resources/c0e4f9faf28e8d1629889e442a8efe2b52f535f6/buck-modules/gwt.jar]' for plugin '/Users/yanxianwei/AndroidStudioProjects/ForTest/.buckd/resources/c0e4f9faf28e8d1629889e442a8efe2b52f535f6/buck-modules/gwt.jar'
[2019-02-18 15:17:53.357][debug][command:null][tid:14][org.pf4j.AbstractPluginManager] Use 'org.pf4j.CompoundPluginDescriptorFinder@5eef78f2' to find plugins descriptors
[2019-02-18 15:17:53.357][debug][command:null][tid:14][org.pf4j.AbstractPluginManager] Finding plugin descriptor for plugin '/Users/yanxianwei/AndroidStudioProjects/ForTest/.buckd/resources/c0e4f9faf28e8d1629889e442a8efe2b52f535f6/buck-modules/haskell.jar'
[2019-02-18 15:17:53.357][debug][command:null][tid:14][org.pf4j.CompoundPluginDescriptorFinder] 'org.pf4j.ManifestPluginDescriptorFinder@545f1821' is applicable for plugin '/Users/yanxianwei/AndroidStudioProjects/ForTest/.buckd/resources/c0e4f9faf28e8d1629889e442a8efe2b52f535f6/buck-modules/haskell.jar'
[2019-02-18 15:17:53.358][debug][command:null][tid:14][org.pf4j.AbstractPluginManager] Found descriptor PluginDescriptor [pluginId=com.facebook.buck.features.haskell, pluginClass=com.facebook.buck.features.haskell.HaskellModuleAdapterPlugin, version=0.0.1, provider=null, dependencies=[], description=, requires=*, license=null]
[2019-02-18 15:17:53.358][debug][command:null][tid:14][org.pf4j.AbstractPluginManager] Class 'com.facebook.buck.features.haskell.HaskellModuleAdapterPlugin' for plugin '/Users/yanxianwei/AndroidStudioProjects/ForTest/.buckd/resources/c0e4f9faf28e8d1629889e442a8efe2b52f535f6/buck-modules/haskell.jar'
[2019-02-18 15:17:53.358][debug][command:null][tid:14][org.pf4j.AbstractPluginManager] Loading plugin '/Users/yanxianwei/AndroidStudioProjects/ForTest/.buckd/resources/c0e4f9faf28e8d1629889e442a8efe2b52f535f6/buck-modules/haskell.jar'
[2019-02-18 15:17:53.358][debug][command:null][tid:14][org.pf4j.PluginClassLoader] Add 'file:/Users/yanxianwei/AndroidStudioProjects/ForTest/.buckd/resources/c0e4f9faf28e8d1629889e442a8efe2b52f535f6/buck-modules/haskell.jar'
[2019-02-18 15:17:53.358][debug][command:null][tid:14][org.pf4j.AbstractPluginManager] Loaded plugin '/Users/yanxianwei/AndroidStudioProjects/ForTest/.buckd/resources/c0e4f9faf28e8d1629889e442a8efe2b52f535f6/buck-modules/haskell.jar' with class loader 'org.pf4j.PluginClassLoader@5edfd4db'
[2019-02-18 15:17:53.358][debug][command:null][tid:14][org.pf4j.AbstractPluginManager] Creating wrapper for plugin '/Users/yanxianwei/AndroidStudioProjects/ForTest/.buckd/resources/c0e4f9faf28e8d1629889e442a8efe2b52f535f6/buck-modules/haskell.jar'
[2019-02-18 15:17:53.359][debug][command:null][tid:14][org.pf4j.AbstractPluginManager] Created wrapper 'PluginWrapper [descriptor=PluginDescriptor [pluginId=com.facebook.buck.features.haskell, pluginClass=com.facebook.buck.features.haskell.HaskellModuleAdapterPlugin, version=0.0.1, provider=null, dependencies=[], description=, requires=*, license=null], pluginPath=/Users/yanxianwei/AndroidStudioProjects/ForTest/.buckd/resources/c0e4f9faf28e8d1629889e442a8efe2b52f535f6/buck-modules/haskell.jar]' for plugin '/Users/yanxianwei/AndroidStudioProjects/ForTest/.buckd/resources/c0e4f9faf28e8d1629889e442a8efe2b52f535f6/buck-modules/haskell.jar'
[2019-02-18 15:17:53.359][debug][command:null][tid:14][org.pf4j.AbstractPluginManager] Use 'org.pf4j.CompoundPluginDescriptorFinder@5eef78f2' to find plugins descriptors
[2019-02-18 15:17:53.359][debug][command:null][tid:14][org.pf4j.AbstractPluginManager] Finding plugin descriptor for plugin '/Users/yanxianwei/AndroidStudioProjects/ForTest/.buckd/resources/c0e4f9faf28e8d1629889e442a8efe2b52f535f6/buck-modules/halide.jar'
[2019-02-18 15:17:53.359][debug][command:null][tid:14][org.pf4j.CompoundPluginDescriptorFinder] 'org.pf4j.ManifestPluginDescriptorFinder@545f1821' is applicable for plugin '/Users/yanxianwei/AndroidStudioProjects/ForTest/.buckd/resources/c0e4f9faf28e8d1629889e442a8efe2b52f535f6/buck-modules/halide.jar'
[2019-02-18 15:17:53.360][debug][command:null][tid:14][org.pf4j.AbstractPluginManager] Found descriptor PluginDescriptor [pluginId=com.facebook.buck.features.halide, pluginClass=com.facebook.buck.features.halide.HalideModuleAdapterPlugin, version=0.0.1, provider=null, dependencies=[], description=, requires=*, license=null]
[2019-02-18 15:17:53.360][debug][command:null][tid:14][org.pf4j.AbstractPluginManager] Class 'com.facebook.buck.features.halide.HalideModuleAdapterPlugin' for plugin '/Users/yanxianwei/AndroidStudioProjects/ForTest/.buckd/resources/c0e4f9faf28e8d1629889e442a8efe2b52f535f6/buck-modules/halide.jar'
[2019-02-18 15:17:53.360][debug][command:null][tid:14][org.pf4j.AbstractPluginManager] Loading plugin '/Users/yanxianwei/AndroidStudioProjects/ForTest/.buckd/resources/c0e4f9faf28e8d1629889e442a8efe2b52f535f6/buck-modules/halide.jar'
[2019-02-18 15:17:53.361][debug][command:null][tid:14][org.pf4j.PluginClassLoader] Add 'file:/Users/yanxianwei/AndroidStudioProjects/ForTest/.buckd/resources/c0e4f9faf28e8d1629889e442a8efe2b52f535f6/buck-modules/halide.jar'
[2019-02-18 15:17:53.361][debug][command:null][tid:14][org.pf4j.AbstractPluginManager] Loaded plugin '/Users/yanxianwei/AndroidStudioProjects/ForTest/.buckd/resources/c0e4f9faf28e8d1629889e442a8efe2b52f535f6/buck-modules/halide.jar' with class loader 'org.pf4j.PluginClassLoader@5d29c967'
[2019-02-18 15:17:53.361][debug][command:null][tid:14][org.pf4j.AbstractPluginManager] Creating wrapper for plugin '/Users/yanxianwei/AndroidStudioProjects/ForTest/.buckd/resources/c0e4f9faf28e8d1629889e442a8efe2b52f535f6/buck-modules/halide.jar'
[2019-02-18 15:17:53.361][debug][command:null][tid:14][org.pf4j.AbstractPluginManager] Created wrapper 'PluginWrapper [descriptor=PluginDescriptor [pluginId=com.facebook.buck.features.halide, pluginClass=com.facebook.buck.features.halide.HalideModuleAdapterPlugin, version=0.0.1, provider=null, dependencies=[], description=, requires=*, license=null], pluginPath=/Users/yanxianwei/AndroidStudioProjects/ForTest/.buckd/resources/c0e4f9faf28e8d1629889e442a8efe2b52f535f6/buck-modules/halide.jar]' for plugin '/Users/yanxianwei/AndroidStudioProjects/ForTest/.buckd/resources/c0e4f9faf28e8d1629889e442a8efe2b52f535f6/buck-modules/halide.jar'
[2019-02-18 15:17:53.362][debug][command:null][tid:14][org.pf4j.AbstractPluginManager] Use 'org.pf4j.CompoundPluginDescriptorFinder@5eef78f2' to find plugins descriptors
[2019-02-18 15:17:53.362][debug][command:null][tid:14][org.pf4j.AbstractPluginManager] Finding plugin descriptor for plugin '/Users/yanxianwei/AndroidStudioProjects/ForTest/.buckd/resources/c0e4f9faf28e8d1629889e442a8efe2b52f535f6/buck-modules/rust.jar'
[2019-02-18 15:17:53.363][debug][command:null][tid:14][org.pf4j.CompoundPluginDescriptorFinder] 'org.pf4j.ManifestPluginDescriptorFinder@545f1821' is applicable for plugin '/Users/yanxianwei/AndroidStudioProjects/ForTest/.buckd/resources/c0e4f9faf28e8d1629889e442a8efe2b52f535f6/buck-modules/rust.jar'
[2019-02-18 15:17:53.363][debug][command:null][tid:14][org.pf4j.AbstractPluginManager] Found descriptor PluginDescriptor [pluginId=com.facebook.buck.features.rust, pluginClass=com.facebook.buck.features.rust.RustModuleAdapterPlugin, version=0.0.1, provider=null, dependencies=[], description=, requires=*, license=null]
[2019-02-18 15:17:53.364][debug][command:null][tid:14][org.pf4j.AbstractPluginManager] Class 'com.facebook.buck.features.rust.RustModuleAdapterPlugin' for plugin '/Users/yanxianwei/AndroidStudioProjects/ForTest/.buckd/resources/c0e4f9faf28e8d1629889e442a8efe2b52f535f6/buck-modules/rust.jar'
[2019-02-18 15:17:53.364][debug][command:null][tid:14][org.pf4j.AbstractPluginManager] Loading plugin '/Users/yanxianwei/AndroidStudioProjects/ForTest/.buckd/resources/c0e4f9faf28e8d1629889e442a8efe2b52f535f6/buck-modules/rust.jar'
[2019-02-18 15:17:53.364][debug][command:null][tid:14][org.pf4j.PluginClassLoader] Add 'file:/Users/yanxianwei/AndroidStudioProjects/ForTest/.buckd/resources/c0e4f9faf28e8d1629889e442a8efe2b52f535f6/buck-modules/rust.jar'
[2019-02-18 15:17:53.364][debug][command:null][tid:14][org.pf4j.AbstractPluginManager] Loaded plugin '/Users/yanxianwei/AndroidStudioProjects/ForTest/.buckd/resources/c0e4f9faf28e8d1629889e442a8efe2b52f535f6/buck-modules/rust.jar' with class loader 'org.pf4j.PluginClassLoader@6b13c13b'
[2019-02-18 15:17:53.364][debug][command:null][tid:14][org.pf4j.AbstractPluginManager] Creating wrapper for plugin '/Users/yanxianwei/AndroidStudioProjects/ForTest/.buckd/resources/c0e4f9faf28e8d1629889e442a8efe2b52f535f6/buck-modules/rust.jar'
[2019-02-18 15:17:53.364][debug][command:null][tid:14][org.pf4j.AbstractPluginManager] Created wrapper 'PluginWrapper [descriptor=PluginDescriptor [pluginId=com.facebook.buck.features.rust, pluginClass=com.facebook.buck.features.rust.RustModuleAdapterPlugin, version=0.0.1, provider=null, dependencies=[], description=, requires=*, license=null], pluginPath=/Users/yanxianwei/AndroidStudioProjects/ForTest/.buckd/resources/c0e4f9faf28e8d1629889e442a8efe2b52f535f6/buck-modules/rust.jar]' for plugin '/Users/yanxianwei/AndroidStudioProjects/ForTest/.buckd/resources/c0e4f9faf28e8d1629889e442a8efe2b52f535f6/buck-modules/rust.jar'
[2019-02-18 15:17:53.365][debug][command:null][tid:14][org.pf4j.AbstractPluginManager] Use 'org.pf4j.CompoundPluginDescriptorFinder@5eef78f2' to find plugins descriptors
[2019-02-18 15:17:53.365][debug][command:null][tid:14][org.pf4j.AbstractPluginManager] Finding plugin descriptor for plugin '/Users/yanxianwei/AndroidStudioProjects/ForTest/.buckd/resources/c0e4f9faf28e8d1629889e442a8efe2b52f535f6/buck-modules/go.jar'
[2019-02-18 15:17:53.365][debug][command:null][tid:14][org.pf4j.CompoundPluginDescriptorFinder] 'org.pf4j.ManifestPluginDescriptorFinder@545f1821' is applicable for plugin '/Users/yanxianwei/AndroidStudioProjects/ForTest/.buckd/resources/c0e4f9faf28e8d1629889e442a8efe2b52f535f6/buck-modules/go.jar'
[2019-02-18 15:17:53.366][debug][command:null][tid:14][org.pf4j.AbstractPluginManager] Found descriptor PluginDescriptor [pluginId=com.facebook.buck.features.go, pluginClass=com.facebook.buck.features.go.GoModuleAdapterPlugin, version=0.0.1, provider=null, dependencies=[], description=, requires=*, license=null]
[2019-02-18 15:17:53.366][debug][command:null][tid:14][org.pf4j.AbstractPluginManager] Class 'com.facebook.buck.features.go.GoModuleAdapterPlugin' for plugin '/Users/yanxianwei/AndroidStudioProjects/ForTest/.buckd/resources/c0e4f9faf28e8d1629889e442a8efe2b52f535f6/buck-modules/go.jar'
[2019-02-18 15:17:53.366][debug][command:null][tid:14][org.pf4j.AbstractPluginManager] Loading plugin '/Users/yanxianwei/AndroidStudioProjects/ForTest/.buckd/resources/c0e4f9faf28e8d1629889e442a8efe2b52f535f6/buck-modules/go.jar'
[2019-02-18 15:17:53.366][debug][command:null][tid:14][org.pf4j.PluginClassLoader] Add 'file:/Users/yanxianwei/AndroidStudioProjects/ForTest/.buckd/resources/c0e4f9faf28e8d1629889e442a8efe2b52f535f6/buck-modules/go.jar'
[2019-02-18 15:17:53.366][debug][command:null][tid:14][org.pf4j.AbstractPluginManager] Loaded plugin '/Users/yanxianwei/AndroidStudioProjects/ForTest/.buckd/resources/c0e4f9faf28e8d1629889e442a8efe2b52f535f6/buck-modules/go.jar' with class loader 'org.pf4j.PluginClassLoader@3732dc3f'
[2019-02-18 15:17:53.366][debug][command:null][tid:14][org.pf4j.AbstractPluginManager] Creating wrapper for plugin '/Users/yanxianwei/AndroidStudioProjects/ForTest/.buckd/resources/c0e4f9faf28e8d1629889e442a8efe2b52f535f6/buck-modules/go.jar'
[2019-02-18 15:17:53.367][debug][command:null][tid:14][org.pf4j.AbstractPluginManager] Created wrapper 'PluginWrapper [descriptor=PluginDescriptor [pluginId=com.facebook.buck.features.go, pluginClass=com.facebook.buck.features.go.GoModuleAdapterPlugin, version=0.0.1, provider=null, dependencies=[], description=, requires=*, license=null], pluginPath=/Users/yanxianwei/AndroidStudioProjects/ForTest/.buckd/resources/c0e4f9faf28e8d1629889e442a8efe2b52f535f6/buck-modules/go.jar]' for plugin '/Users/yanxianwei/AndroidStudioProjects/ForTest/.buckd/resources/c0e4f9faf28e8d1629889e442a8efe2b52f535f6/buck-modules/go.jar'
[2019-02-18 15:17:53.367][debug][command:null][tid:14][org.pf4j.AbstractPluginManager] Use 'org.pf4j.CompoundPluginDescriptorFinder@5eef78f2' to find plugins descriptors
[2019-02-18 15:17:53.367][debug][command:null][tid:14][org.pf4j.AbstractPluginManager] Finding plugin descriptor for plugin '/Users/yanxianwei/AndroidStudioProjects/ForTest/.buckd/resources/c0e4f9faf28e8d1629889e442a8efe2b52f535f6/buck-modules/intellij.jar'
[2019-02-18 15:17:53.367][debug][command:null][tid:14][org.pf4j.CompoundPluginDescriptorFinder] 'org.pf4j.ManifestPluginDescriptorFinder@545f1821' is applicable for plugin '/Users/yanxianwei/AndroidStudioProjects/ForTest/.buckd/resources/c0e4f9faf28e8d1629889e442a8efe2b52f535f6/buck-modules/intellij.jar'
[2019-02-18 15:17:53.368][debug][command:null][tid:14][org.pf4j.AbstractPluginManager] Found descriptor PluginDescriptor [pluginId=com.facebook.buck.features.project.intellij, pluginClass=com.facebook.buck.features.project.intellij.IjBuckModuleAdapterPlugin, version=0.0.1, provider=null, dependencies=[PluginDependency [pluginId=com.facebook.buck.features.python, pluginVersionSupport=*]], description=, requires=*, license=null]
[2019-02-18 15:17:53.368][debug][command:null][tid:14][org.pf4j.AbstractPluginManager] Class 'com.facebook.buck.features.project.intellij.IjBuckModuleAdapterPlugin' for plugin '/Users/yanxianwei/AndroidStudioProjects/ForTest/.buckd/resources/c0e4f9faf28e8d1629889e442a8efe2b52f535f6/buck-modules/intellij.jar'
[2019-02-18 15:17:53.368][debug][command:null][tid:14][org.pf4j.AbstractPluginManager] Loading plugin '/Users/yanxianwei/AndroidStudioProjects/ForTest/.buckd/resources/c0e4f9faf28e8d1629889e442a8efe2b52f535f6/buck-modules/intellij.jar'
[2019-02-18 15:17:53.368][debug][command:null][tid:14][org.pf4j.PluginClassLoader] Add 'file:/Users/yanxianwei/AndroidStudioProjects/ForTest/.buckd/resources/c0e4f9faf28e8d1629889e442a8efe2b52f535f6/buck-modules/intellij.jar'
[2019-02-18 15:17:53.369][debug][command:null][tid:14][org.pf4j.AbstractPluginManager] Loaded plugin '/Users/yanxianwei/AndroidStudioProjects/ForTest/.buckd/resources/c0e4f9faf28e8d1629889e442a8efe2b52f535f6/buck-modules/intellij.jar' with class loader 'org.pf4j.PluginClassLoader@38d7ccdb'
[2019-02-18 15:17:53.369][debug][command:null][tid:14][org.pf4j.AbstractPluginManager] Creating wrapper for plugin '/Users/yanxianwei/AndroidStudioProjects/ForTest/.buckd/resources/c0e4f9faf28e8d1629889e442a8efe2b52f535f6/buck-modules/intellij.jar'
[2019-02-18 15:17:53.369][debug][command:null][tid:14][org.pf4j.AbstractPluginManager] Created wrapper 'PluginWrapper [descriptor=PluginDescriptor [pluginId=com.facebook.buck.features.project.intellij, pluginClass=com.facebook.buck.features.project.intellij.IjBuckModuleAdapterPlugin, version=0.0.1, provider=null, dependencies=[PluginDependency [pluginId=com.facebook.buck.features.python, pluginVersionSupport=*]], description=, requires=*, license=null], pluginPath=/Users/yanxianwei/AndroidStudioProjects/ForTest/.buckd/resources/c0e4f9faf28e8d1629889e442a8efe2b52f535f6/buck-modules/intellij.jar]' for plugin '/Users/yanxianwei/AndroidStudioProjects/ForTest/.buckd/resources/c0e4f9faf28e8d1629889e442a8efe2b52f535f6/buck-modules/intellij.jar'
[2019-02-18 15:17:53.369][debug][command:null][tid:14][org.pf4j.AbstractPluginManager] Use 'org.pf4j.CompoundPluginDescriptorFinder@5eef78f2' to find plugins descriptors
[2019-02-18 15:17:53.371][debug][command:null][tid:14][org.pf4j.AbstractPluginManager] Finding plugin descriptor for plugin '/Users/yanxianwei/AndroidStudioProjects/ForTest/.buckd/resources/c0e4f9faf28e8d1629889e442a8efe2b52f535f6/buck-modules/d.jar'
[2019-02-18 15:17:53.372][debug][command:null][tid:14][org.pf4j.CompoundPluginDescriptorFinder] 'org.pf4j.ManifestPluginDescriptorFinder@545f1821' is applicable for plugin '/Users/yanxianwei/AndroidStudioProjects/ForTest/.buckd/resources/c0e4f9faf28e8d1629889e442a8efe2b52f535f6/buck-modules/d.jar'
[2019-02-18 15:17:53.372][debug][command:null][tid:14][org.pf4j.AbstractPluginManager] Found descriptor PluginDescriptor [pluginId=com.facebook.buck.features.d, pluginClass=com.facebook.buck.features.d.DModuleAdapterPlugin, version=0.0.1, provider=null, dependencies=[], description=, requires=*, license=null]
[2019-02-18 15:17:53.372][debug][command:null][tid:14][org.pf4j.AbstractPluginManager] Class 'com.facebook.buck.features.d.DModuleAdapterPlugin' for plugin '/Users/yanxianwei/AndroidStudioProjects/ForTest/.buckd/resources/c0e4f9faf28e8d1629889e442a8efe2b52f535f6/buck-modules/d.jar'
[2019-02-18 15:17:53.372][debug][command:null][tid:14][org.pf4j.AbstractPluginManager] Loading plugin '/Users/yanxianwei/AndroidStudioProjects/ForTest/.buckd/resources/c0e4f9faf28e8d1629889e442a8efe2b52f535f6/buck-modules/d.jar'
[2019-02-18 15:17:53.373][debug][command:null][tid:14][org.pf4j.PluginClassLoader] Add 'file:/Users/yanxianwei/AndroidStudioProjects/ForTest/.buckd/resources/c0e4f9faf28e8d1629889e442a8efe2b52f535f6/buck-modules/d.jar'
[2019-02-18 15:17:53.373][debug][command:null][tid:14][org.pf4j.AbstractPluginManager] Loaded plugin '/Users/yanxianwei/AndroidStudioProjects/ForTest/.buckd/resources/c0e4f9faf28e8d1629889e442a8efe2b52f535f6/buck-modules/d.jar' with class loader 'org.pf4j.PluginClassLoader@42156955'
[2019-02-18 15:17:53.373][debug][command:null][tid:14][org.pf4j.AbstractPluginManager] Creating wrapper for plugin '/Users/yanxianwei/AndroidStudioProjects/ForTest/.buckd/resources/c0e4f9faf28e8d1629889e442a8efe2b52f535f6/buck-modules/d.jar'
[2019-02-18 15:17:53.373][debug][command:null][tid:14][org.pf4j.AbstractPluginManager] Created wrapper 'PluginWrapper [descriptor=PluginDescriptor [pluginId=com.facebook.buck.features.d, pluginClass=com.facebook.buck.features.d.DModuleAdapterPlugin, version=0.0.1, provider=null, dependencies=[], description=, requires=*, license=null], pluginPath=/Users/yanxianwei/AndroidStudioProjects/ForTest/.buckd/resources/c0e4f9faf28e8d1629889e442a8efe2b52f535f6/buck-modules/d.jar]' for plugin '/Users/yanxianwei/AndroidStudioProjects/ForTest/.buckd/resources/c0e4f9faf28e8d1629889e442a8efe2b52f535f6/buck-modules/d.jar'
[2019-02-18 15:17:53.373][debug][command:null][tid:14][org.pf4j.AbstractPluginManager] Use 'org.pf4j.CompoundPluginDescriptorFinder@5eef78f2' to find plugins descriptors
[2019-02-18 15:17:53.373][debug][command:null][tid:14][org.pf4j.AbstractPluginManager] Finding plugin descriptor for plugin '/Users/yanxianwei/AndroidStudioProjects/ForTest/.buckd/resources/c0e4f9faf28e8d1629889e442a8efe2b52f535f6/buck-modules/ocaml.jar'
[2019-02-18 15:17:53.374][debug][command:null][tid:14][org.pf4j.CompoundPluginDescriptorFinder] 'org.pf4j.ManifestPluginDescriptorFinder@545f1821' is applicable for plugin '/Users/yanxianwei/AndroidStudioProjects/ForTest/.buckd/resources/c0e4f9faf28e8d1629889e442a8efe2b52f535f6/buck-modules/ocaml.jar'
[2019-02-18 15:17:53.374][debug][command:null][tid:14][org.pf4j.AbstractPluginManager] Found descriptor PluginDescriptor [pluginId=com.facebook.buck.features.ocaml, pluginClass=com.facebook.buck.features.ocaml.OcamlModuleAdapterPlugin, version=0.0.1, provider=null, dependencies=[], description=, requires=*, license=null]
[2019-02-18 15:17:53.374][debug][command:null][tid:14][org.pf4j.AbstractPluginManager] Class 'com.facebook.buck.features.ocaml.OcamlModuleAdapterPlugin' for plugin '/Users/yanxianwei/AndroidStudioProjects/ForTest/.buckd/resources/c0e4f9faf28e8d1629889e442a8efe2b52f535f6/buck-modules/ocaml.jar'
[2019-02-18 15:17:53.374][debug][command:null][tid:14][org.pf4j.AbstractPluginManager] Loading plugin '/Users/yanxianwei/AndroidStudioProjects/ForTest/.buckd/resources/c0e4f9faf28e8d1629889e442a8efe2b52f535f6/buck-modules/ocaml.jar'
[2019-02-18 15:17:53.375][debug][command:null][tid:14][org.pf4j.PluginClassLoader] Add 'file:/Users/yanxianwei/AndroidStudioProjects/ForTest/.buckd/resources/c0e4f9faf28e8d1629889e442a8efe2b52f535f6/buck-modules/ocaml.jar'
[2019-02-18 15:17:53.375][debug][command:null][tid:14][org.pf4j.AbstractPluginManager] Loaded plugin '/Users/yanxianwei/AndroidStudioProjects/ForTest/.buckd/resources/c0e4f9faf28e8d1629889e442a8efe2b52f535f6/buck-modules/ocaml.jar' with class loader 'org.pf4j.PluginClassLoader@1c429ae8'
[2019-02-18 15:17:53.375][debug][command:null][tid:14][org.pf4j.AbstractPluginManager] Creating wrapper for plugin '/Users/yanxianwei/AndroidStudioProjects/ForTest/.buckd/resources/c0e4f9faf28e8d1629889e442a8efe2b52f535f6/buck-modules/ocaml.jar'
[2019-02-18 15:17:53.375][debug][command:null][tid:14][org.pf4j.AbstractPluginManager] Created wrapper 'PluginWrapper [descriptor=PluginDescriptor [pluginId=com.facebook.buck.features.ocaml, pluginClass=com.facebook.buck.features.ocaml.OcamlModuleAdapterPlugin, version=0.0.1, provider=null, dependencies=[], description=, requires=*, license=null], pluginPath=/Users/yanxianwei/AndroidStudioProjects/ForTest/.buckd/resources/c0e4f9faf28e8d1629889e442a8efe2b52f535f6/buck-modules/ocaml.jar]' for plugin '/Users/yanxianwei/AndroidStudioProjects/ForTest/.buckd/resources/c0e4f9faf28e8d1629889e442a8efe2b52f535f6/buck-modules/ocaml.jar'
[2019-02-18 15:17:53.375][debug][command:null][tid:14][org.pf4j.AbstractPluginManager] Use 'org.pf4j.CompoundPluginDescriptorFinder@5eef78f2' to find plugins descriptors
[2019-02-18 15:17:53.376][debug][command:null][tid:14][org.pf4j.AbstractPluginManager] Finding plugin descriptor for plugin '/Users/yanxianwei/AndroidStudioProjects/ForTest/.buckd/resources/c0e4f9faf28e8d1629889e442a8efe2b52f535f6/buck-modules/dotnet.jar'
[2019-02-18 15:17:53.376][debug][command:null][tid:14][org.pf4j.CompoundPluginDescriptorFinder] 'org.pf4j.ManifestPluginDescriptorFinder@545f1821' is applicable for plugin '/Users/yanxianwei/AndroidStudioProjects/ForTest/.buckd/resources/c0e4f9faf28e8d1629889e442a8efe2b52f535f6/buck-modules/dotnet.jar'
[2019-02-18 15:17:53.377][debug][command:null][tid:14][org.pf4j.AbstractPluginManager] Found descriptor PluginDescriptor [pluginId=com.facebook.buck.features.dotnet, pluginClass=com.facebook.buck.features.dotnet.DotnetModuleAdapterPlugin, version=0.0.1, provider=null, dependencies=[], description=, requires=*, license=null]
[2019-02-18 15:17:53.377][debug][command:null][tid:14][org.pf4j.AbstractPluginManager] Class 'com.facebook.buck.features.dotnet.DotnetModuleAdapterPlugin' for plugin '/Users/yanxianwei/AndroidStudioProjects/ForTest/.buckd/resources/c0e4f9faf28e8d1629889e442a8efe2b52f535f6/buck-modules/dotnet.jar'
[2019-02-18 15:17:53.377][debug][command:null][tid:14][org.pf4j.AbstractPluginManager] Loading plugin '/Users/yanxianwei/AndroidStudioProjects/ForTest/.buckd/resources/c0e4f9faf28e8d1629889e442a8efe2b52f535f6/buck-modules/dotnet.jar'
[2019-02-18 15:17:53.377][debug][command:null][tid:14][org.pf4j.PluginClassLoader] Add 'file:/Users/yanxianwei/AndroidStudioProjects/ForTest/.buckd/resources/c0e4f9faf28e8d1629889e442a8efe2b52f535f6/buck-modules/dotnet.jar'
[2019-02-18 15:17:53.377][debug][command:null][tid:14][org.pf4j.AbstractPluginManager] Loaded plugin '/Users/yanxianwei/AndroidStudioProjects/ForTest/.buckd/resources/c0e4f9faf28e8d1629889e442a8efe2b52f535f6/buck-modules/dotnet.jar' with class loader 'org.pf4j.PluginClassLoader@5c13e4bb'
[2019-02-18 15:17:53.378][debug][command:null][tid:14][org.pf4j.AbstractPluginManager] Creating wrapper for plugin '/Users/yanxianwei/AndroidStudioProjects/ForTest/.buckd/resources/c0e4f9faf28e8d1629889e442a8efe2b52f535f6/buck-modules/dotnet.jar'
[2019-02-18 15:17:53.378][debug][command:null][tid:14][org.pf4j.AbstractPluginManager] Created wrapper 'PluginWrapper [descriptor=PluginDescriptor [pluginId=com.facebook.buck.features.dotnet, pluginClass=com.facebook.buck.features.dotnet.DotnetModuleAdapterPlugin, version=0.0.1, provider=null, dependencies=[], description=, requires=*, license=null], pluginPath=/Users/yanxianwei/AndroidStudioProjects/ForTest/.buckd/resources/c0e4f9faf28e8d1629889e442a8efe2b52f535f6/buck-modules/dotnet.jar]' for plugin '/Users/yanxianwei/AndroidStudioProjects/ForTest/.buckd/resources/c0e4f9faf28e8d1629889e442a8efe2b52f535f6/buck-modules/dotnet.jar'
[2019-02-18 15:17:53.379][debug][command:null][tid:14][org.pf4j.DependencyResolver] Graph: 
   com.facebook.buck.features.lua -> [com.facebook.buck.features.python]
   com.facebook.buck.features.go -> []
   com.facebook.buck.features.rust -> []
   com.facebook.buck.features.zip.rules -> [com.facebook.buck.features.filebundler]
   com.facebook.buck.features.js -> []
   com.facebook.buck.features.haskell -> []
   com.facebook.buck.features.dotnet -> []
   com.facebook.buck.features.ocaml -> []
   com.facebook.buck.features.apple.project -> [com.facebook.buck.features.halide, com.facebook.buck.features.js]
   com.facebook.buck.features.d -> []
   com.facebook.buck.features.filegroup -> [com.facebook.buck.features.filebundler]
   com.facebook.buck.features.gwt -> []
   com.facebook.buck.features.filebundler -> []
   com.facebook.buck.features.python -> []
   com.facebook.buck.features.project.intellij -> [com.facebook.buck.features.python]
   com.facebook.buck.features.halide -> []
[2019-02-18 15:17:53.379][debug][command:null][tid:14][org.pf4j.DependencyResolver] Plugins order: [com.facebook.buck.features.python, com.facebook.buck.features.lua, com.facebook.buck.features.go, com.facebook.buck.features.rust, com.facebook.buck.features.filebundler, com.facebook.buck.features.zip.rules, com.facebook.buck.features.haskell, com.facebook.buck.features.dotnet, com.facebook.buck.features.ocaml, com.facebook.buck.features.halide, com.facebook.buck.features.js, com.facebook.buck.features.apple.project, com.facebook.buck.features.d, com.facebook.buck.features.filegroup, com.facebook.buck.features.gwt, com.facebook.buck.features.project.intellij]
[2019-02-18 15:17:53.379][info ][command:null][tid:14][org.pf4j.AbstractPluginManager] Plugin 'com.facebook.buck.features.python@0.0.1' resolved
[2019-02-18 15:17:53.380][info ][command:null][tid:14][org.pf4j.AbstractPluginManager] Plugin 'com.facebook.buck.features.lua@0.0.1' resolved
[2019-02-18 15:17:53.380][info ][command:null][tid:14][org.pf4j.AbstractPluginManager] Plugin 'com.facebook.buck.features.go@0.0.1' resolved
[2019-02-18 15:17:53.380][info ][command:null][tid:14][org.pf4j.AbstractPluginManager] Plugin 'com.facebook.buck.features.rust@0.0.1' resolved
[2019-02-18 15:17:53.380][info ][command:null][tid:14][org.pf4j.AbstractPluginManager] Plugin 'com.facebook.buck.features.filebundler@0.0.1' resolved
[2019-02-18 15:17:53.380][info ][command:null][tid:14][org.pf4j.AbstractPluginManager] Plugin 'com.facebook.buck.features.zip.rules@0.0.1' resolved
[2019-02-18 15:17:53.380][info ][command:null][tid:14][org.pf4j.AbstractPluginManager] Plugin 'com.facebook.buck.features.haskell@0.0.1' resolved
[2019-02-18 15:17:53.380][info ][command:null][tid:14][org.pf4j.AbstractPluginManager] Plugin 'com.facebook.buck.features.dotnet@0.0.1' resolved
[2019-02-18 15:17:53.380][info ][command:null][tid:14][org.pf4j.AbstractPluginManager] Plugin 'com.facebook.buck.features.ocaml@0.0.1' resolved
[2019-02-18 15:17:53.380][info ][command:null][tid:14][org.pf4j.AbstractPluginManager] Plugin 'com.facebook.buck.features.halide@0.0.1' resolved
[2019-02-18 15:17:53.381][info ][command:null][tid:14][org.pf4j.AbstractPluginManager] Plugin 'com.facebook.buck.features.js@0.0.1' resolved
[2019-02-18 15:17:53.381][info ][command:null][tid:14][org.pf4j.AbstractPluginManager] Plugin 'com.facebook.buck.features.apple.project@0.0.1' resolved
[2019-02-18 15:17:53.381][info ][command:null][tid:14][org.pf4j.AbstractPluginManager] Plugin 'com.facebook.buck.features.d@0.0.1' resolved
[2019-02-18 15:17:53.381][info ][command:null][tid:14][org.pf4j.AbstractPluginManager] Plugin 'com.facebook.buck.features.filegroup@0.0.1' resolved
[2019-02-18 15:17:53.381][info ][command:null][tid:14][org.pf4j.AbstractPluginManager] Plugin 'com.facebook.buck.features.gwt@0.0.1' resolved
[2019-02-18 15:17:53.381][info ][command:null][tid:14][org.pf4j.AbstractPluginManager] Plugin 'com.facebook.buck.features.project.intellij@0.0.1' resolved
[2019-02-18 15:17:53.381][info ][command:null][tid:14][org.pf4j.AbstractPluginManager] Start plugin 'com.facebook.buck.features.python@0.0.1'
[2019-02-18 15:17:53.381][debug][command:null][tid:14][org.pf4j.DefaultExtensionFactory] Create instance for plugin 'com.facebook.buck.features.python.PythonModuleAdapterPlugin'
[2019-02-18 15:17:53.383][info ][command:null][tid:14][org.pf4j.AbstractPluginManager] Start plugin 'com.facebook.buck.features.lua@0.0.1'
[2019-02-18 15:17:53.383][debug][command:null][tid:14][org.pf4j.DefaultExtensionFactory] Create instance for plugin 'com.facebook.buck.features.lua.LuaModuleAdapterPlugin'
[2019-02-18 15:17:53.383][info ][command:null][tid:14][org.pf4j.AbstractPluginManager] Start plugin 'com.facebook.buck.features.go@0.0.1'
[2019-02-18 15:17:53.384][debug][command:null][tid:14][org.pf4j.DefaultExtensionFactory] Create instance for plugin 'com.facebook.buck.features.go.GoModuleAdapterPlugin'
[2019-02-18 15:17:53.384][info ][command:null][tid:14][org.pf4j.AbstractPluginManager] Start plugin 'com.facebook.buck.features.rust@0.0.1'
[2019-02-18 15:17:53.385][debug][command:null][tid:14][org.pf4j.DefaultExtensionFactory] Create instance for plugin 'com.facebook.buck.features.rust.RustModuleAdapterPlugin'
[2019-02-18 15:17:53.385][info ][command:null][tid:14][org.pf4j.AbstractPluginManager] Start plugin 'com.facebook.buck.features.filebundler@0.0.1'
[2019-02-18 15:17:53.386][debug][command:null][tid:14][org.pf4j.DefaultExtensionFactory] Create instance for plugin 'com.facebook.buck.features.filebundler.FileBundlerModuleAdapterPlugin'
[2019-02-18 15:17:53.386][info ][command:null][tid:14][org.pf4j.AbstractPluginManager] Start plugin 'com.facebook.buck.features.zip.rules@0.0.1'
[2019-02-18 15:17:53.387][debug][command:null][tid:14][org.pf4j.DefaultExtensionFactory] Create instance for plugin 'com.facebook.buck.features.zip.rules.ZipRulesModuleAdapterPlugin'
[2019-02-18 15:17:53.387][info ][command:null][tid:14][org.pf4j.AbstractPluginManager] Start plugin 'com.facebook.buck.features.haskell@0.0.1'
[2019-02-18 15:17:53.387][debug][command:null][tid:14][org.pf4j.DefaultExtensionFactory] Create instance for plugin 'com.facebook.buck.features.haskell.HaskellModuleAdapterPlugin'
[2019-02-18 15:17:53.388][info ][command:null][tid:14][org.pf4j.AbstractPluginManager] Start plugin 'com.facebook.buck.features.dotnet@0.0.1'
[2019-02-18 15:17:53.388][debug][command:null][tid:14][org.pf4j.DefaultExtensionFactory] Create instance for plugin 'com.facebook.buck.features.dotnet.DotnetModuleAdapterPlugin'
[2019-02-18 15:17:53.389][info ][command:null][tid:14][org.pf4j.AbstractPluginManager] Start plugin 'com.facebook.buck.features.ocaml@0.0.1'
[2019-02-18 15:17:53.389][debug][command:null][tid:14][org.pf4j.DefaultExtensionFactory] Create instance for plugin 'com.facebook.buck.features.ocaml.OcamlModuleAdapterPlugin'
[2019-02-18 15:17:53.389][info ][command:null][tid:14][org.pf4j.AbstractPluginManager] Start plugin 'com.facebook.buck.features.halide@0.0.1'
[2019-02-18 15:17:53.389][debug][command:null][tid:14][org.pf4j.DefaultExtensionFactory] Create instance for plugin 'com.facebook.buck.features.halide.HalideModuleAdapterPlugin'
[2019-02-18 15:17:53.390][info ][command:null][tid:14][org.pf4j.AbstractPluginManager] Start plugin 'com.facebook.buck.features.js@0.0.1'
[2019-02-18 15:17:53.390][debug][command:null][tid:14][org.pf4j.DefaultExtensionFactory] Create instance for plugin 'com.facebook.buck.features.js.JsModuleAdapterPlugin'
[2019-02-18 15:17:53.390][info ][command:null][tid:14][org.pf4j.AbstractPluginManager] Start plugin 'com.facebook.buck.features.apple.project@0.0.1'
[2019-02-18 15:17:53.391][debug][command:null][tid:14][org.pf4j.DefaultExtensionFactory] Create instance for plugin 'com.facebook.buck.features.apple.project.XCodeBuckModuleAdapterPlugin'
[2019-02-18 15:17:53.391][info ][command:null][tid:14][org.pf4j.AbstractPluginManager] Start plugin 'com.facebook.buck.features.d@0.0.1'
[2019-02-18 15:17:53.391][debug][command:null][tid:14][org.pf4j.DefaultExtensionFactory] Create instance for plugin 'com.facebook.buck.features.d.DModuleAdapterPlugin'
[2019-02-18 15:17:53.392][info ][command:null][tid:14][org.pf4j.AbstractPluginManager] Start plugin 'com.facebook.buck.features.filegroup@0.0.1'
[2019-02-18 15:17:53.392][debug][command:null][tid:14][org.pf4j.DefaultExtensionFactory] Create instance for plugin 'com.facebook.buck.features.filegroup.FilegroupModuleAdapterPlugin'
[2019-02-18 15:17:53.393][info ][command:null][tid:14][org.pf4j.AbstractPluginManager] Start plugin 'com.facebook.buck.features.gwt@0.0.1'
[2019-02-18 15:17:53.393][debug][command:null][tid:14][org.pf4j.DefaultExtensionFactory] Create instance for plugin 'com.facebook.buck.features.gwt.GwtBuckModuleAdapterPlugin'
[2019-02-18 15:17:53.394][info ][command:null][tid:14][org.pf4j.AbstractPluginManager] Start plugin 'com.facebook.buck.features.project.intellij@0.0.1'
[2019-02-18 15:17:53.394][debug][command:null][tid:14][org.pf4j.DefaultExtensionFactory] Create instance for plugin 'com.facebook.buck.features.project.intellij.IjBuckModuleAdapterPlugin'
[2019-02-18 15:17:53.467][warn ][command:null][tid:14][com.facebook.buck.core.plugin.impl.DefaultBuckPluginManager] Time to load instances of interface com.facebook.buck.cli.ProjectSubCommandFactory: 6
[2019-02-18 15:17:53.492][debug][command:null][tid:14][com.facebook.buck.cli.Main] Rotating log.
