[2019-02-18 15:20:28.253][debug][command:e22034b7-d47e-470f-b005-eeff69e9ad4d][tid:14][com.facebook.buck.event.listener.SuperConsoleEventBusListener] Starting render scheduler (interval 100 ms)
[2019-02-18 15:20:28.254][debug][command:e22034b7-d47e-470f-b005-eeff69e9ad4d][tid:14][com.google.common.util.concurrent.ServiceManager] Starting PerfStatsTracking [STARTING].
[2019-02-18 15:20:28.255][debug][command:e22034b7-d47e-470f-b005-eeff69e9ad4d][tid:14][com.google.common.util.concurrent.ServiceManager] Started PerfStatsTracking [RUNNING] in 768.2 μs.
[2019-02-18 15:20:28.255][debug][command:e22034b7-d47e-470f-b005-eeff69e9ad4d][tid:14][com.google.common.util.concurrent.ServiceManager] Starting ProcessTracker [STARTING].
[2019-02-18 15:20:28.255][debug][command:e22034b7-d47e-470f-b005-eeff69e9ad4d][tid:14][com.facebook.buck.util.environment.MacWifiSsidFinder] Getting current SSID..
[2019-02-18 15:20:28.255][debug][command:null][tid:76][com.facebook.buck.util.perf.ProcessTracker] startUp
[2019-02-18 15:20:28.255][debug][command:null][tid:76][com.facebook.buck.util.perf.ProcessTracker] startUp
[2019-02-18 15:20:28.257][debug][command:e22034b7-d47e-470f-b005-eeff69e9ad4d][tid:14][com.facebook.buck.util.environment.MacWifiSsidFinder] Getting SSID from Wi-Fi interface: <CWInterface: 0x7ff6d691a2e0> [interfaceName=en0]
[2019-02-18 15:20:28.258][debug][command:null][tid:76][com.google.common.util.concurrent.ServiceManager] Started ProcessTracker [RUNNING] in 2.944 ms.
[2019-02-18 15:20:28.258][debug][command:null][tid:76][com.google.common.util.concurrent.ServiceManager] Started ProcessTracker [RUNNING] in 2.944 ms.
[2019-02-18 15:20:28.258][debug][command:e22034b7-d47e-470f-b005-eeff69e9ad4d][tid:14][com.facebook.buck.util.environment.MacWifiSsidFinder] Found SSID: XY_Employee
[2019-02-18 15:20:28.259][debug][command:e22034b7-d47e-470f-b005-eeff69e9ad4d][tid:14][com.facebook.buck.cli.Main] InvocationInfo BuildId=[e22034b7-d47e-470f-b005-eeff69e9ad4d] Args=[targets, //..., --config-file, .okbuck/config/okbuck.buckconfig]
[2019-02-18 15:20:28.270][debug][command:null][tid:80][com.facebook.buck.util.environment.MacNetworkConfiguration] Determine network service order and extract device names
[2019-02-18 15:20:28.270][debug][command:null][tid:80][com.facebook.buck.util.environment.MacNetworkConfiguration] Determine network service order and extract device names
[2019-02-18 15:20:28.270][warn ][command:null][tid:79][com.facebook.buck.event.listener.PublicAnnouncementManager] Failed to get public announcements. Reason: Failed to establish connection to server.
[2019-02-18 15:20:28.270][warn ][command:null][tid:79][com.facebook.buck.event.listener.PublicAnnouncementManager] Failed to get public announcements. Reason: Failed to establish connection to server.
[2019-02-18 15:20:28.271][debug][command:null][tid:80][com.facebook.buck.util.ListeningProcessExecutor] Launching process with params ProcessExecutorParams{command=[networksetup, -listnetworkserviceorder, ]}
[2019-02-18 15:20:28.271][debug][command:null][tid:80][com.facebook.buck.util.ListeningProcessExecutor] Launching process with params ProcessExecutorParams{command=[networksetup, -listnetworkserviceorder, ]}
[2019-02-18 15:20:28.272][debug][command:null][tid:80][com.facebook.buck.util.ListeningProcessExecutor] Successfully launched process com.zaxxer.nuprocess.osx.OsxProcess@51c1ef5b
[2019-02-18 15:20:28.272][debug][command:null][tid:80][com.facebook.buck.util.ListeningProcessExecutor] Successfully launched process com.zaxxer.nuprocess.osx.OsxProcess@51c1ef5b
[2019-02-18 15:20:28.274][debug][command:null][tid:80][com.facebook.buck.util.ListeningProcessExecutor] Waiting for process com.facebook.buck.util.ListeningProcessExecutor$LaunchedProcessImpl@17fa2804 timeout 1000 MILLISECONDS
[2019-02-18 15:20:28.274][debug][command:null][tid:80][com.facebook.buck.util.ListeningProcessExecutor] Waiting for process com.facebook.buck.util.ListeningProcessExecutor$LaunchedProcessImpl@17fa2804 timeout 1000 MILLISECONDS
[2019-02-18 15:20:28.303][debug][command:null][tid:80][com.facebook.buck.util.ListeningProcessExecutor] Wait for process returned 0
[2019-02-18 15:20:28.303][debug][command:null][tid:80][com.facebook.buck.util.ListeningProcessExecutor] Wait for process returned 0
[2019-02-18 15:20:28.303][debug][command:null][tid:80][com.facebook.buck.util.ListeningProcessExecutor] Destroying process com.facebook.buck.util.ListeningProcessExecutor$LaunchedProcessImpl@17fa2804 (force true)
[2019-02-18 15:20:28.303][debug][command:null][tid:80][com.facebook.buck.util.ListeningProcessExecutor] Destroying process com.facebook.buck.util.ListeningProcessExecutor$LaunchedProcessImpl@17fa2804 (force true)
[2019-02-18 15:20:28.304][debug][command:null][tid:80][com.facebook.buck.util.environment.MacNetworkConfiguration] Determine active state of media for device
[2019-02-18 15:20:28.304][debug][command:null][tid:80][com.facebook.buck.util.environment.MacNetworkConfiguration] Determine active state of media for device
[2019-02-18 15:20:28.305][debug][command:null][tid:80][com.facebook.buck.util.ListeningProcessExecutor] Launching process with params ProcessExecutorParams{command=[networksetup, -getMedia, en0]}
[2019-02-18 15:20:28.305][debug][command:null][tid:80][com.facebook.buck.util.ListeningProcessExecutor] Launching process with params ProcessExecutorParams{command=[networksetup, -getMedia, en0]}
[2019-02-18 15:20:28.306][debug][command:null][tid:80][com.facebook.buck.util.ListeningProcessExecutor] Successfully launched process com.zaxxer.nuprocess.osx.OsxProcess@7792b425
[2019-02-18 15:20:28.306][debug][command:null][tid:80][com.facebook.buck.util.ListeningProcessExecutor] Successfully launched process com.zaxxer.nuprocess.osx.OsxProcess@7792b425
[2019-02-18 15:20:28.307][debug][command:null][tid:80][com.facebook.buck.util.ListeningProcessExecutor] Waiting for process com.facebook.buck.util.ListeningProcessExecutor$LaunchedProcessImpl@47bb4b41 timeout 1000 MILLISECONDS
[2019-02-18 15:20:28.307][debug][command:null][tid:80][com.facebook.buck.util.ListeningProcessExecutor] Waiting for process com.facebook.buck.util.ListeningProcessExecutor$LaunchedProcessImpl@47bb4b41 timeout 1000 MILLISECONDS
[2019-02-18 15:20:28.335][debug][command:null][tid:80][com.facebook.buck.util.ListeningProcessExecutor] Wait for process returned 0
[2019-02-18 15:20:28.335][debug][command:null][tid:80][com.facebook.buck.util.ListeningProcessExecutor] Wait for process returned 0
[2019-02-18 15:20:28.335][debug][command:null][tid:80][com.facebook.buck.util.ListeningProcessExecutor] Destroying process com.facebook.buck.util.ListeningProcessExecutor$LaunchedProcessImpl@47bb4b41 (force true)
[2019-02-18 15:20:28.335][debug][command:null][tid:80][com.facebook.buck.util.ListeningProcessExecutor] Destroying process com.facebook.buck.util.ListeningProcessExecutor$LaunchedProcessImpl@47bb4b41 (force true)
[2019-02-18 15:20:28.335][debug][command:null][tid:80][com.facebook.buck.util.environment.MacNetworkConfiguration] Determine WiFi SSID of device
[2019-02-18 15:20:28.335][debug][command:null][tid:80][com.facebook.buck.util.environment.MacNetworkConfiguration] Determine WiFi SSID of device
[2019-02-18 15:20:28.336][debug][command:null][tid:80][com.facebook.buck.util.ListeningProcessExecutor] Launching process with params ProcessExecutorParams{command=[networksetup, -getairportnetwork, en0]}
[2019-02-18 15:20:28.336][debug][command:null][tid:80][com.facebook.buck.util.ListeningProcessExecutor] Launching process with params ProcessExecutorParams{command=[networksetup, -getairportnetwork, en0]}
[2019-02-18 15:20:28.337][debug][command:null][tid:80][com.facebook.buck.util.ListeningProcessExecutor] Successfully launched process com.zaxxer.nuprocess.osx.OsxProcess@4a0ddca2
[2019-02-18 15:20:28.337][debug][command:null][tid:80][com.facebook.buck.util.ListeningProcessExecutor] Successfully launched process com.zaxxer.nuprocess.osx.OsxProcess@4a0ddca2
[2019-02-18 15:20:28.340][debug][command:null][tid:80][com.facebook.buck.util.ListeningProcessExecutor] Waiting for process com.facebook.buck.util.ListeningProcessExecutor$LaunchedProcessImpl@46e58cb8 timeout 1000 MILLISECONDS
[2019-02-18 15:20:28.340][debug][command:null][tid:80][com.facebook.buck.util.ListeningProcessExecutor] Waiting for process com.facebook.buck.util.ListeningProcessExecutor$LaunchedProcessImpl@46e58cb8 timeout 1000 MILLISECONDS
[2019-02-18 15:20:28.369][debug][command:null][tid:80][com.facebook.buck.util.ListeningProcessExecutor] Wait for process returned 0
[2019-02-18 15:20:28.369][debug][command:null][tid:80][com.facebook.buck.util.ListeningProcessExecutor] Wait for process returned 0
[2019-02-18 15:20:28.370][debug][command:null][tid:80][com.facebook.buck.util.ListeningProcessExecutor] Destroying process com.facebook.buck.util.ListeningProcessExecutor$LaunchedProcessImpl@46e58cb8 (force true)
[2019-02-18 15:20:28.370][debug][command:null][tid:80][com.facebook.buck.util.ListeningProcessExecutor] Destroying process com.facebook.buck.util.ListeningProcessExecutor$LaunchedProcessImpl@46e58cb8 (force true)
[2019-02-18 15:20:33.300][debug][command:null][tid:85][com.facebook.buck.io.watchman.WatchmanTransportClient] Query [query, /Users/yanxianwei/AndroidStudioProjects, {since=c:1550219919:5416:4:30868, expression=[not, [anyof, [type, d], [dirname, .idea], [dirname, .buckd], [dirname, buck-out/cache], [dirname, .git], [dirname, ], [dirname, buck-out/.trash], [dirname, buck-out], [match, **/.svn, wholename, {includedotfiles=true}], [match, **/*.pbxproj, wholename, {includedotfiles=true}], [match, **/*.xcscheme, wholename, {includedotfiles=true}], [match, **/*.xcworkspacedata, wholename, {includedotfiles=true}], [match, **/*~, wholename, {includedotfiles=true}], [match, **/#*#, wholename, {includedotfiles=true}], [match, **/.#*, wholename, {includedotfiles=true}], [match, **/*.swo, wholename, {includedotfiles=true}], [match, **/*.swp, wholename, {includedotfiles=true}], [match, **/*.swpx, wholename, {includedotfiles=true}], [match, **/*.un~, wholename, {includedotfiles=true}], [match, **/*.netrhwist, wholename, {includedotfiles=true}], [match, .idea, wholename, {includedotfiles=true}], [match, .iml, wholename, {includedotfiles=true}], [match, **/*.pydevproject, wholename, {includedotfiles=true}], [match, .project, wholename, {includedotfiles=true}], [match, .metadata, wholename, {includedotfiles=true}], [match, **/*.tmp, wholename, {includedotfiles=true}], [match, **/*.bak, wholename, {includedotfiles=true}], [match, **/*.nib, wholename, {includedotfiles=true}], [match, .classpath, wholename, {includedotfiles=true}], [match, .settings, wholename, {includedotfiles=true}], [match, .loadpath, wholename, {includedotfiles=true}], [match, .externalToolBuilders, wholename, {includedotfiles=true}], [match, .cproject, wholename, {includedotfiles=true}], [match, .buildpath, wholename, {includedotfiles=true}], [match, .DS_Store, wholename, {includedotfiles=true}], [match, .AppleDouble, wholename, {includedotfiles=true}], [match, .LSOverride, wholename, {includedotfiles=true}], [match, .Spotlight-V100, wholename, {includedotfiles=true}], [match, .Trashes, wholename, {includedotfiles=true}], [match, $RECYCLE.BIN, wholename, {includedotfiles=true}], [match, **/*.sublime-workspace, wholename, {includedotfiles=true}]]], empty_on_fresh_instance=true, fields=[name, exists, new], relative_root=ForTest}] returned in 18 ms
[2019-02-18 15:20:33.300][debug][command:null][tid:85][com.facebook.buck.io.watchman.WatchmanTransportClient] Query [query, /Users/yanxianwei/AndroidStudioProjects, {since=c:1550219919:5416:4:30868, expression=[not, [anyof, [type, d], [dirname, .idea], [dirname, .buckd], [dirname, buck-out/cache], [dirname, .git], [dirname, ], [dirname, buck-out/.trash], [dirname, buck-out], [match, **/.svn, wholename, {includedotfiles=true}], [match, **/*.pbxproj, wholename, {includedotfiles=true}], [match, **/*.xcscheme, wholename, {includedotfiles=true}], [match, **/*.xcworkspacedata, wholename, {includedotfiles=true}], [match, **/*~, wholename, {includedotfiles=true}], [match, **/#*#, wholename, {includedotfiles=true}], [match, **/.#*, wholename, {includedotfiles=true}], [match, **/*.swo, wholename, {includedotfiles=true}], [match, **/*.swp, wholename, {includedotfiles=true}], [match, **/*.swpx, wholename, {includedotfiles=true}], [match, **/*.un~, wholename, {includedotfiles=true}], [match, **/*.netrhwist, wholename, {includedotfiles=true}], [match, .idea, wholename, {includedotfiles=true}], [match, .iml, wholename, {includedotfiles=true}], [match, **/*.pydevproject, wholename, {includedotfiles=true}], [match, .project, wholename, {includedotfiles=true}], [match, .metadata, wholename, {includedotfiles=true}], [match, **/*.tmp, wholename, {includedotfiles=true}], [match, **/*.bak, wholename, {includedotfiles=true}], [match, **/*.nib, wholename, {includedotfiles=true}], [match, .classpath, wholename, {includedotfiles=true}], [match, .settings, wholename, {includedotfiles=true}], [match, .loadpath, wholename, {includedotfiles=true}], [match, .externalToolBuilders, wholename, {includedotfiles=true}], [match, .cproject, wholename, {includedotfiles=true}], [match, .buildpath, wholename, {includedotfiles=true}], [match, .DS_Store, wholename, {includedotfiles=true}], [match, .AppleDouble, wholename, {includedotfiles=true}], [match, .LSOverride, wholename, {includedotfiles=true}], [match, .Spotlight-V100, wholename, {includedotfiles=true}], [match, .Trashes, wholename, {includedotfiles=true}], [match, $RECYCLE.BIN, wholename, {includedotfiles=true}], [match, **/*.sublime-workspace, wholename, {includedotfiles=true}]]], empty_on_fresh_instance=true, fields=[name, exists, new], relative_root=ForTest}] returned in 18 ms
[2019-02-18 15:20:33.301][debug][command:null][tid:85][com.facebook.buck.io.watchman.WatchmanWatcher] Updating Watchman Cursor from c:1550219919:5416:4:30868 to c:1550219919:5416:4:30884
[2019-02-18 15:20:33.301][debug][command:null][tid:85][com.facebook.buck.io.watchman.WatchmanWatcher] Updating Watchman Cursor from c:1550219919:5416:4:30868 to c:1550219919:5416:4:30884
[2019-02-18 15:20:33.301][debug][command:null][tid:85][com.facebook.buck.io.watchman.WatchmanWatcher] Posted 0 Watchman events.
[2019-02-18 15:20:33.301][debug][command:null][tid:85][com.facebook.buck.io.watchman.WatchmanWatcher] Posted 0 Watchman events.
[2019-02-18 15:20:33.301][debug][command:null][tid:85][com.facebook.buck.io.watchman.WatchmanTransportClient] Closing Watchman transport.
[2019-02-18 15:20:33.301][debug][command:null][tid:85][com.facebook.buck.io.watchman.WatchmanTransportClient] Closing Watchman transport.
[2019-02-18 15:20:33.368][debug][command:e22034b7-d47e-470f-b005-eeff69e9ad4d][tid:14][com.facebook.buck.parser.AbstractBuildFileSpec] Finding build files for /Users/yanxianwei/AndroidStudioProjects/ForTest under /Users/yanxianwei/AndroidStudioProjects/ForTest...
[2019-02-18 15:20:33.368][debug][command:e22034b7-d47e-470f-b005-eeff69e9ad4d][tid:14][com.facebook.buck.parser.AbstractBuildFileSpec] Searching for BUCK files (watch root /Users/yanxianwei/AndroidStudioProjects, project prefix Optional[ForTest], base path /Users/yanxianwei/AndroidStudioProjects/ForTest) with Watchman
[2019-02-18 15:20:33.375][debug][command:e22034b7-d47e-470f-b005-eeff69e9ad4d][tid:14][com.facebook.buck.io.watchman.WatchmanTransportClient] Query [query, /Users/yanxianwei/AndroidStudioProjects, {relative_root=ForTest, sync_timeout=0, path=[], fields=[name], expression=[allof, exists, [name, BUCK], [type, f]]}] returned in 6 ms
[2019-02-18 15:20:33.376][debug][command:e22034b7-d47e-470f-b005-eeff69e9ad4d][tid:14][com.facebook.buck.io.watchman.WatchmanTransportClient] Closing Watchman transport.
[2019-02-18 15:20:33.377][debug][command:e22034b7-d47e-470f-b005-eeff69e9ad4d][tid:14][com.facebook.buck.parser.AbstractBuildFileSpec] Completed search in 8 ms.
[2019-02-18 15:20:33.383][debug][command:e22034b7-d47e-470f-b005-eeff69e9ad4d][tid:14][com.facebook.buck.parser.DaemonicParserState] Starting to invalidate caches for /Users/yanxianwei/AndroidStudioProjects/ForTest..
[2019-02-18 15:20:33.383][debug][command:e22034b7-d47e-470f-b005-eeff69e9ad4d][tid:14][com.facebook.buck.parser.DaemonicParserState] Cell caches were empty, no data invalidated.
[2019-02-18 15:20:33.385][debug][command:e22034b7-d47e-470f-b005-eeff69e9ad4d][tid:76][com.facebook.buck.util.perf.ProcessTracker] shutDown
[2019-02-18 15:20:33.385][debug][command:e22034b7-d47e-470f-b005-eeff69e9ad4d][tid:14][com.facebook.buck.event.listener.SuperConsoleEventBusListener] Stopping render scheduler
[2019-02-18 15:20:33.385][debug][command:e22034b7-d47e-470f-b005-eeff69e9ad4d][tid:75][com.google.common.util.concurrent.ServiceManager] Service PerfStatsTracking [TERMINATED] has terminated. Previous state was: STOPPING
[2019-02-18 15:20:33.386][info ][command:e22034b7-d47e-470f-b005-eeff69e9ad4d][tid:14][com.facebook.buck.cli.Main] Awaiting termination of PROJECT executor service. Waiting for all jobs to complete, or up to maximum of 60 seconds...
[2019-02-18 15:20:33.386][info ][command:e22034b7-d47e-470f-b005-eeff69e9ad4d][tid:14][com.facebook.buck.cli.Main] Successfully terminated PROJECT executor service.
[2019-02-18 15:20:33.386][info ][command:e22034b7-d47e-470f-b005-eeff69e9ad4d][tid:14][com.facebook.buck.cli.Main] Awaiting termination of NETWORK executor service. Waiting for all jobs to complete, or up to maximum of 60 seconds...
[2019-02-18 15:20:33.386][info ][command:e22034b7-d47e-470f-b005-eeff69e9ad4d][tid:14][com.facebook.buck.cli.Main] Successfully terminated NETWORK executor service.
[2019-02-18 15:20:33.386][info ][command:e22034b7-d47e-470f-b005-eeff69e9ad4d][tid:14][com.facebook.buck.cli.Main] Awaiting termination of CPU executor service. Waiting for all jobs to complete, or up to maximum of 60 seconds...
[2019-02-18 15:20:33.386][info ][command:e22034b7-d47e-470f-b005-eeff69e9ad4d][tid:14][com.facebook.buck.cli.Main] Successfully terminated CPU executor service.
[2019-02-18 15:20:33.387][info ][command:e22034b7-d47e-470f-b005-eeff69e9ad4d][tid:14][com.facebook.buck.cli.Main] Awaiting termination of ScheduledExecutorService executor service. Waiting for all jobs to complete, or up to maximum of 60 seconds...
[2019-02-18 15:20:33.387][info ][command:e22034b7-d47e-470f-b005-eeff69e9ad4d][tid:14][com.facebook.buck.cli.Main] Successfully terminated ScheduledExecutorService executor service.
[2019-02-18 15:20:33.387][info ][command:e22034b7-d47e-470f-b005-eeff69e9ad4d][tid:14][com.facebook.buck.cli.Main] Awaiting termination of CounterAggregatorExecutor executor service. Waiting for all jobs to complete, or up to maximum of 20 seconds...
[2019-02-18 15:20:33.387][info ][command:e22034b7-d47e-470f-b005-eeff69e9ad4d][tid:14][com.facebook.buck.cli.Main] Successfully terminated CounterAggregatorExecutor executor service.
[2019-02-18 15:20:33.387][info ][command:e22034b7-d47e-470f-b005-eeff69e9ad4d][tid:14][com.facebook.buck.cli.Main] Awaiting termination of HTTP Read executor service. Waiting for all jobs to complete, or up to maximum of 1800 seconds...
[2019-02-18 15:20:33.387][info ][command:e22034b7-d47e-470f-b005-eeff69e9ad4d][tid:14][com.facebook.buck.cli.Main] Successfully terminated HTTP Read executor service.
[2019-02-18 15:20:33.387][debug][command:e22034b7-d47e-470f-b005-eeff69e9ad4d][tid:76][com.google.common.util.concurrent.ServiceManager] Service ProcessTracker [TERMINATED] has terminated. Previous state was: STOPPING
[2019-02-18 15:20:33.387][info ][command:e22034b7-d47e-470f-b005-eeff69e9ad4d][tid:14][com.facebook.buck.cli.Main] Awaiting termination of Download Heavy Build HTTP Read executor service. Waiting for all jobs to complete, or up to maximum of 1800 seconds...
[2019-02-18 15:20:33.388][info ][command:e22034b7-d47e-470f-b005-eeff69e9ad4d][tid:14][com.facebook.buck.cli.Main] Successfully terminated Download Heavy Build HTTP Read executor service.
[2019-02-18 15:20:33.388][info ][command:e22034b7-d47e-470f-b005-eeff69e9ad4d][tid:14][com.facebook.buck.cli.Main] Awaiting termination of HTTP Write executor service. Waiting for all jobs to complete, or up to maximum of 1800 seconds...
[2019-02-18 15:20:33.388][info ][command:e22034b7-d47e-470f-b005-eeff69e9ad4d][tid:14][com.facebook.buck.cli.Main] Successfully terminated HTTP Write executor service.
[2019-02-18 15:20:33.388][info ][command:e22034b7-d47e-470f-b005-eeff69e9ad4d][tid:14][com.facebook.buck.cli.Main] Awaiting termination of Disk IO executor service. Waiting for all jobs to complete, or up to maximum of 10 seconds...
[2019-02-18 15:20:33.388][info ][command:e22034b7-d47e-470f-b005-eeff69e9ad4d][tid:14][com.facebook.buck.cli.Main] Successfully terminated Disk IO executor service.
[2019-02-18 15:20:33.388][debug][command:null][tid:38][com.facebook.buck.io.AsynchronousDirectoryContentsCleaner] Starting to clean buck-out/.trash
[2019-02-18 15:20:33.388][debug][command:null][tid:38][com.facebook.buck.io.AsynchronousDirectoryContentsCleaner] Starting to clean buck-out/.trash
[2019-02-18 15:20:33.390][debug][command:null][tid:38][com.facebook.buck.io.AsynchronousDirectoryContentsCleaner] Done cleaning buck-out/.trash
[2019-02-18 15:20:33.390][debug][command:null][tid:38][com.facebook.buck.io.AsynchronousDirectoryContentsCleaner] Done cleaning buck-out/.trash
[2019-02-18 15:20:33.390][debug][command:null][tid:42][com.facebook.buck.event.listener.ChromeTraceBuildListener] Writing Chrome trace to buck-out/log/2019-02-18_07h20m28s_targetscommand_e22034b7-d47e-470f-b005-eeff69e9ad4d/build.2019-02-18.15-20-28.e22034b7-d47e-470f-b005-eeff69e9ad4d.trace
[2019-02-18 15:20:33.410][warn ][command:null][tid:14][com.facebook.buck.cli.Main] Command failed:
com.facebook.buck.core.exceptions.HumanReadableException: Content of '' cannot be built because it is defined in an ignored directory.
	at com.facebook.buck.parser.BuildFileRawNodeParsePipeline.lambda$getAllNodesJob$0(BuildFileRawNodeParsePipeline.java:72)
	at com.facebook.buck.parser.PipelineNodeCache.getJobWithCacheLookup(PipelineNodeCache.java:73)
	at com.facebook.buck.parser.BuildFileRawNodeParsePipeline.getAllNodesJob(BuildFileRawNodeParsePipeline.java:62)
	at com.facebook.buck.parser.TargetNodeParsePipeline.getItemsToConvert(TargetNodeParsePipeline.java:141)
	at com.facebook.buck.parser.ConvertingPipeline.getAllNodesJob(ConvertingPipeline.java:79)
	at com.facebook.buck.parser.PerBuildState.getAllTargetNodesJob(PerBuildState.java:68)
	at com.facebook.buck.parser.DefaultParser$1.getAllTargetNodesJob(DefaultParser.java:432)
	at com.facebook.buck.parser.TargetSpecResolver.handleTargetNodeSpec(TargetSpecResolver.java:189)
	at com.facebook.buck.parser.TargetSpecResolver.resolveTargetSpecs(TargetSpecResolver.java:97)
	at com.facebook.buck.parser.DefaultParser.collectBuildTargetsFromTargetNodeSpecs(DefaultParser.java:408)
	at com.facebook.buck.parser.DefaultParser.buildTargetGraphForTargetNodeSpecs(DefaultParser.java:381)
	at com.facebook.buck.parser.DefaultParser.buildTargetGraphWithConfigurationTargets(DefaultParser.java:349)
	at com.facebook.buck.cli.TargetsCommand.buildTargetGraphAndTargets(TargetsCommand.java:656)
	at com.facebook.buck.cli.TargetsCommand.runWithExecutor(TargetsCommand.java:363)
	at com.facebook.buck.cli.TargetsCommand.runWithoutHelp(TargetsCommand.java:325)
	at com.facebook.buck.cli.AbstractCommand.run(AbstractCommand.java:242)
	at com.facebook.buck.cli.AbstractContainerCommand.run(AbstractContainerCommand.java:79)
	at com.facebook.buck.cli.Main.runMainWithExitCode(Main.java:1299)
	at com.facebook.buck.cli.Main.runMainThenExit(Main.java:463)
	at com.facebook.buck.cli.Main.nailMain(Main.java:2395)
	at sun.reflect.NativeMethodAccessorImpl.invoke0(Native Method)
	at sun.reflect.NativeMethodAccessorImpl.invoke(NativeMethodAccessorImpl.java:62)
	at sun.reflect.DelegatingMethodAccessorImpl.invoke(DelegatingMethodAccessorImpl.java:43)
	at java.lang.reflect.Method.invoke(Method.java:498)
	at com.facebook.nailgun.NGSession.runImpl(NGSession.java:313)
	at com.facebook.nailgun.NGSession.run(NGSession.java:199)

[2019-02-18 15:20:33.410][warn ][command:null][tid:14][com.facebook.buck.util.Console] Command failure: Content of '' cannot be built because it is defined in an ignored directory.
[2019-02-18 15:20:33.410][debug][command:null][tid:14][com.facebook.buck.cli.Main] Done.
[2019-02-18 15:20:33.410][info ][command:null][tid:14][com.facebook.nailgun.NGSession] Nail cleanly exited with status 1
[2019-02-18 15:20:33.411][debug][command:null][tid:14][com.facebook.nailgun.NGCommunicator] Shutting down socket for input
[2019-02-18 15:20:33.411][debug][command:null][tid:14][com.facebook.nailgun.NGCommunicator] Shutting down socket for output
[2019-02-18 15:20:33.411][debug][command:null][tid:14][com.facebook.nailgun.NGCommunicator] Shutting down read ExecutorService
[2019-02-18 15:20:33.411][debug][command:null][tid:69][com.facebook.nailgun.NGCommunicator] Socket is disconnected
[2019-02-18 15:20:33.411][debug][command:null][tid:14][com.facebook.nailgun.NGCommunicator] Shutting down orchestrator ExecutorService
[2019-02-18 15:20:33.411][debug][command:null][tid:69][com.facebook.nailgun.NGCommunicator] Nailgun client disconnected
[2019-02-18 15:20:33.411][debug][command:null][tid:69][com.facebook.nailgun.NGCommunicator] Orchestrator thread finished
[2019-02-18 15:20:33.411][debug][command:null][tid:14][com.facebook.nailgun.NGSession] NGSession 1 is closing client socket
[2019-02-18 15:27:53.107][info ][command:null][tid:12][com.facebook.buck.cli.Main] No recent activity, dumping thread stacks (`tr , '\n'` to decode): Thread [AsynchronousDirectoryContentsCleaner],stack:[sun.misc.Unsafe.park(Native Method), java.util.concurrent.locks.LockSupport.park(LockSupport.java:175), java.util.concurrent.locks.AbstractQueuedSynchronizer$ConditionObject.await(AbstractQueuedSynchronizer.java:2039), java.util.concurrent.LinkedBlockingQueue.take(LinkedBlockingQueue.java:442), java.util.concurrent.ThreadPoolExecutor.getTask(ThreadPoolExecutor.java:1074), java.util.concurrent.ThreadPoolExecutor.runWorker(ThreadPoolExecutor.java:1134), java.util.concurrent.ThreadPoolExecutor$Worker.run(ThreadPoolExecutor.java:624), java.lang.Thread.run(Thread.java:748)],Thread [pool-6-thread-1],stack:[java.lang.Object.wait(Native Method), java.lang.Object.wait(Object.java:502), com.facebook.buck.support.bgtasks.AsyncBackgroundTaskManager.scheduleLoop(AsyncBackgroundTaskManager.java:272), com.facebook.buck.support.bgtasks.AsyncBackgroundTaskManager$$Lambda$136/919318870.run(Unknown Source), java.util.concurrent.Executors$RunnableAdapter.call(Executors.java:511), java.util.concurrent.FutureTask.run(FutureTask.java:266), java.util.concurrent.ThreadPoolExecutor.runWorker(ThreadPoolExecutor.java:1149), java.util.concurrent.ThreadPoolExecutor$Worker.run(ThreadPoolExecutor.java:624), java.lang.Thread.run(Thread.java:748)],Thread [Attach Listener],stack:[],Thread [NonReentrantSystemExit],stack:[sun.misc.Unsafe.park(Native Method), java.util.concurrent.locks.LockSupport.park(LockSupport.java:175), java.util.concurrent.locks.AbstractQueuedSynchronizer.parkAndCheckInterrupt(AbstractQueuedSynchronizer.java:836), java.util.concurrent.locks.AbstractQueuedSynchronizer.doAcquireSharedInterruptibly(AbstractQueuedSynchronizer.java:997), java.util.concurrent.locks.AbstractQueuedSynchronizer.acquireSharedInterruptibly(AbstractQueuedSynchronizer.java:1304), java.util.concurrent.CountDownLatch.await(CountDownLatch.java:231), com.facebook.buck.util.shutdown.NonReentrantSystemExit$1.run(NonReentrantSystemExit.java:42)],Thread [pool-5-thread-1],stack:[sun.misc.Unsafe.park(Native Method), java.util.concurrent.locks.LockSupport.park(LockSupport.java:175), java.util.concurrent.locks.AbstractQueuedSynchronizer$ConditionObject.await(AbstractQueuedSynchronizer.java:2039), java.util.concurrent.ScheduledThreadPoolExecutor$DelayedWorkQueue.take(ScheduledThreadPoolExecutor.java:1081), java.util.concurrent.ScheduledThreadPoolExecutor$DelayedWorkQueue.take(ScheduledThreadPoolExecutor.java:809), java.util.concurrent.ThreadPoolExecutor.getTask(ThreadPoolExecutor.java:1074), java.util.concurrent.ThreadPoolExecutor.runWorker(ThreadPoolExecutor.java:1134), java.util.concurrent.ThreadPoolExecutor$Worker.run(ThreadPoolExecutor.java:624), java.lang.Thread.run(Thread.java:748)],Thread [Reference Handler],stack:[java.lang.Object.wait(Native Method), java.lang.Object.wait(Object.java:502), java.lang.ref.Reference.tryHandlePending(Reference.java:191), java.lang.ref.Reference$ReferenceHandler.run(Reference.java:153)],Thread [pool-4-thread-2],stack:[sun.misc.Unsafe.park(Native Method), java.util.concurrent.locks.LockSupport.park(LockSupport.java:175), java.util.concurrent.locks.AbstractQueuedSynchronizer$ConditionObject.await(AbstractQueuedSynchronizer.java:2039), java.util.concurrent.LinkedBlockingQueue.take(LinkedBlockingQueue.java:442), java.util.concurrent.ThreadPoolExecutor.getTask(ThreadPoolExecutor.java:1074), java.util.concurrent.ThreadPoolExecutor.runWorker(ThreadPoolExecutor.java:1134), java.util.concurrent.ThreadPoolExecutor$Worker.run(ThreadPoolExecutor.java:624), java.lang.Thread.run(Thread.java:748)],Thread [pool-1-thread-1],stack:[sun.misc.Unsafe.park(Native Method), java.util.concurrent.locks.LockSupport.parkNanos(LockSupport.java:215), java.util.concurrent.locks.AbstractQueuedSynchronizer$ConditionObject.awaitNanos(AbstractQueuedSynchronizer.java:2078), java.util.concurrent.ScheduledThreadPoolExecutor$DelayedWorkQueue.take(ScheduledThreadPoolExecutor.java:1093), java.util.concurrent.ScheduledThreadPoolExecutor$DelayedWorkQueue.take(ScheduledThreadPoolExecutor.java:809), java.util.concurrent.ThreadPoolExecutor.getTask(ThreadPoolExecutor.java:1074), java.util.concurrent.ThreadPoolExecutor.runWorker(ThreadPoolExecutor.java:1134), java.util.concurrent.ThreadPoolExecutor$Worker.run(ThreadPoolExecutor.java:624), java.lang.Thread.run(Thread.java:748)],Thread [pool-4-thread-3],stack:[sun.misc.Unsafe.park(Native Method), java.util.concurrent.locks.LockSupport.park(LockSupport.java:175), java.util.concurrent.locks.AbstractQueuedSynchronizer$ConditionObject.await(AbstractQueuedSynchronizer.java:2039), java.util.concurrent.LinkedBlockingQueue.take(LinkedBlockingQueue.java:442), java.util.concurrent.ThreadPoolExecutor.getTask(ThreadPoolExecutor.java:1074), java.util.concurrent.ThreadPoolExecutor.runWorker(ThreadPoolExecutor.java:1134), java.util.concurrent.ThreadPoolExecutor$Worker.run(ThreadPoolExecutor.java:624), java.lang.Thread.run(Thread.java:748)],Thread [NGSession 1: (idle)],stack:[java.lang.Object.wait(Native Method), java.lang.Object.wait(Object.java:502), com.facebook.nailgun.NGSession.nextSocket(NGSession.java:158), com.facebook.nailgun.NGSession.run(NGSession.java:221)],Thread [pool-4-thread-1],stack:[sun.misc.Unsafe.park(Native Method), java.util.concurrent.locks.LockSupport.park(LockSupport.java:175), java.util.concurrent.locks.AbstractQueuedSynchronizer$ConditionObject.await(AbstractQueuedSynchronizer.java:2039), java.util.concurrent.LinkedBlockingQueue.take(LinkedBlockingQueue.java:442), java.util.concurrent.ThreadPoolExecutor.getTask(ThreadPoolExecutor.java:1074), java.util.concurrent.ThreadPoolExecutor.runWorker(ThreadPoolExecutor.java:1134), java.util.concurrent.ThreadPoolExecutor$Worker.run(ThreadPoolExecutor.java:624), java.lang.Thread.run(Thread.java:748)],Thread [Finalizer],stack:[java.lang.Object.wait(Native Method), java.lang.ref.ReferenceQueue.remove(ReferenceQueue.java:144), java.lang.ref.ReferenceQueue.remove(ReferenceQueue.java:165), java.lang.ref.Finalizer$FinalizerThread.run(Finalizer.java:216)],Thread [main],stack:[com.facebook.nailgun.NGUnixDomainSocketLibrary.accept(Native Method), com.facebook.nailgun.NGUnixDomainServerSocket.accept(NGUnixDomainServerSocket.java:149), com.facebook.nailgun.NGServer.run(NGServer.java:384), com.facebook.buck.cli.Main$DaemonBootstrap.main(Main.java:2283), sun.reflect.NativeMethodAccessorImpl.invoke0(Native Method), sun.reflect.NativeMethodAccessorImpl.invoke(NativeMethodAccessorImpl.java:62), sun.reflect.DelegatingMethodAccessorImpl.invoke(DelegatingMethodAccessorImpl.java:43), java.lang.reflect.Method.invoke(Method.java:498), com.facebook.buck.cli.bootstrapper.ClassLoaderBootstrapper.main(ClassLoaderBootstrapper.java:55)],
[2019-02-18 16:40:07.628][debug][command:null][tid:14][com.facebook.nailgun.NGSession] NGSession 1 accepted new connection
[2019-02-18 16:40:07.935][debug][command:null][tid:89][com.facebook.nailgun.NGCommunicator] Orchestrator thread started
[2019-02-18 16:40:08.077][debug][command:null][tid:14][com.facebook.nailgun.NGCommunicator] Shutting down socket for input
[2019-02-18 16:40:08.151][debug][command:null][tid:89][com.facebook.nailgun.NGCommunicator] Socket is disconnected
[2019-02-18 16:40:08.151][debug][command:null][tid:89][com.facebook.nailgun.NGCommunicator] Nailgun client disconnected
[2019-02-18 16:40:08.151][debug][command:null][tid:89][com.facebook.nailgun.NGCommunicator] Orchestrator thread finished
[2019-02-18 16:40:08.151][debug][command:null][tid:14][com.facebook.nailgun.NGCommunicator] Shutting down socket for output
[2019-02-18 16:40:08.152][debug][command:null][tid:14][com.facebook.nailgun.NGCommunicator] Shutting down read ExecutorService
[2019-02-18 16:40:08.153][debug][command:null][tid:14][com.facebook.nailgun.NGCommunicator] Shutting down orchestrator ExecutorService
[2019-02-18 16:40:08.155][debug][command:null][tid:14][com.facebook.nailgun.NGSession] NGSession 1 is closing client socket
[2019-02-18 16:40:08.194][debug][command:null][tid:14][com.facebook.nailgun.NGSession] NGSession 1 stopped
